2019-12-02 Mon 00:00:44 autoreload.py run_with_reloader 578 - INFO - Watching for file changes with StatReloader
2019-12-02 Mon 00:02:55 autoreload.py trigger_reload 203 - INFO - E:\1.chenbo\1-program\11-LAMDataServer\lamdataserver\LAMProcessData\query_views.py changed, reloading.
2019-12-02 Mon 00:02:57 autoreload.py run_with_reloader 578 - INFO - Watching for file changes with StatReloader
2019-12-02 Mon 00:07:07 autoreload.py trigger_reload 203 - INFO - E:\1.chenbo\1-program\11-LAMDataServer\lamdataserver\LAMProcessData\query_views.py changed, reloading.
2019-12-02 Mon 00:07:09 autoreload.py run_with_reloader 578 - INFO - Watching for file changes with StatReloader
2019-12-02 Mon 00:07:09 log.py log_response 228 - WARNING - Not Found: /favicon.ico
2019-12-02 Mon 00:07:18 log.py log_response 228 - WARNING - Not Found: /LAMProcessData/LAMProcessData/
2019-12-02 Mon 00:08:03 log.py log_response 228 - WARNING - Not Found: /LAMProcessData/ProcessRecords/QueryData/Oxydata_By_WorkSectionDatetime
2019-12-02 Mon 00:12:23 autoreload.py trigger_reload 203 - INFO - E:\1.chenbo\1-program\11-LAMDataServer\lamdataserver\LAMProcessData\query_views.py changed, reloading.
2019-12-02 Mon 00:12:24 autoreload.py run_with_reloader 578 - INFO - Watching for file changes with StatReloader
2019-12-02 Mon 00:12:53 autoreload.py trigger_reload 203 - INFO - E:\1.chenbo\1-program\11-LAMDataServer\lamdataserver\LAMProcessData\query_views.py changed, reloading.
2019-12-02 Mon 00:12:55 autoreload.py run_with_reloader 578 - INFO - Watching for file changes with StatReloader
2019-12-02 Mon 00:13:13 log.py log_response 228 - ERROR - Internal Server Error: /LAMProcessData/QueryData/Data_By_WorkSectionDatetime/1/2019-12-0100:00/2019-12-0223:59/60/
Traceback (most recent call last):
  File "D:\Python37\lib\site-packages\django\core\handlers\exception.py", line 34, in inner
    response = get_response(request)
  File "D:\Python37\lib\site-packages\django\core\handlers\base.py", line 115, in _get_response
    response = self.process_exception_by_middleware(e, request)
  File "D:\Python37\lib\site-packages\django\core\handlers\base.py", line 113, in _get_response
    response = wrapped_callback(request, *callback_args, **callback_kwargs)
  File "D:\Python37\lib\site-packages\django\contrib\auth\decorators.py", line 21, in _wrapped_view
    return view_func(request, *args, **kwargs)
  File "D:\Python37\lib\site-packages\django\views\decorators\csrf.py", line 54, in wrapped_view
    return view_func(*args, **kwargs)
  File "E:\1.chenbo\1-program\11-LAMDataServer\lamdataserver\LAMProcessData\query_views.py", line 309, in queryData_data_By_WorkSectionDatetime
    oxygen_data_startid = oxygen_indexing.oxygendata_start_id
AttributeError: 'QuerySet' object has no attribute 'oxygendata_start_id'
2019-12-02 Mon 00:13:44 autoreload.py trigger_reload 203 - INFO - E:\1.chenbo\1-program\11-LAMDataServer\lamdataserver\LAMProcessData\query_views.py changed, reloading.
2019-12-02 Mon 00:13:47 autoreload.py run_with_reloader 578 - INFO - Watching for file changes with StatReloader
2019-12-02 Mon 00:13:52 autoreload.py run_with_reloader 578 - INFO - Watching for file changes with StatReloader
2019-12-02 Mon 00:14:33 log.py log_response 228 - ERROR - Internal Server Error: /LAMProcessData/QueryData/Data_By_WorkSectionDatetime/1/2019-12-0100:00/2019-12-0223:59/60/
Traceback (most recent call last):
  File "D:\Python37\lib\site-packages\django\core\handlers\exception.py", line 34, in inner
    response = get_response(request)
  File "D:\Python37\lib\site-packages\django\core\handlers\base.py", line 115, in _get_response
    response = self.process_exception_by_middleware(e, request)
  File "D:\Python37\lib\site-packages\django\core\handlers\base.py", line 113, in _get_response
    response = wrapped_callback(request, *callback_args, **callback_kwargs)
  File "D:\Python37\lib\site-packages\django\contrib\auth\decorators.py", line 21, in _wrapped_view
    return view_func(request, *args, **kwargs)
  File "D:\Python37\lib\site-packages\django\views\decorators\csrf.py", line 54, in wrapped_view
    return view_func(*args, **kwargs)
  File "E:\1.chenbo\1-program\11-LAMDataServer\lamdataserver\LAMProcessData\query_views.py", line 308, in queryData_data_By_WorkSectionDatetime
    oxygen_indexing = Process_Oxygendata_Date_Worksection_indexing.objects.get(qset)
  File "D:\Python37\lib\site-packages\django\db\models\manager.py", line 82, in manager_method
    return getattr(self.get_queryset(), name)(*args, **kwargs)
  File "D:\Python37\lib\site-packages\django\db\models\query.py", line 408, in get
    self.model._meta.object_name
LAMProcessData.models.Process_Oxygendata_Date_Worksection_indexing.DoesNotExist: Process_Oxygendata_Date_Worksection_indexing matching query does not exist.
2019-12-02 Mon 00:15:10 autoreload.py trigger_reload 203 - INFO - E:\1.chenbo\1-program\11-LAMDataServer\lamdataserver\LAMProcessData\query_views.py changed, reloading.
2019-12-02 Mon 00:15:12 autoreload.py run_with_reloader 578 - INFO - Watching for file changes with StatReloader
2019-12-02 Mon 00:15:48 autoreload.py trigger_reload 203 - INFO - E:\1.chenbo\1-program\11-LAMDataServer\lamdataserver\LAMProcessData\query_views.py changed, reloading.
2019-12-02 Mon 00:15:54 autoreload.py run_with_reloader 578 - INFO - Watching for file changes with StatReloader
2019-12-02 Mon 00:16:18 autoreload.py run_with_reloader 578 - INFO - Watching for file changes with StatReloader
2019-12-02 Mon 00:16:34 log.py log_response 228 - ERROR - Internal Server Error: /LAMProcessData/QueryData/Data_By_WorkSectionDatetime/1/2019-12-0100:00/2019-12-0223:59/60/
Traceback (most recent call last):
  File "D:\Python37\lib\site-packages\django\core\handlers\exception.py", line 34, in inner
    response = get_response(request)
  File "D:\Python37\lib\site-packages\django\core\handlers\base.py", line 115, in _get_response
    response = self.process_exception_by_middleware(e, request)
  File "D:\Python37\lib\site-packages\django\core\handlers\base.py", line 113, in _get_response
    response = wrapped_callback(request, *callback_args, **callback_kwargs)
  File "D:\Python37\lib\site-packages\django\contrib\auth\decorators.py", line 21, in _wrapped_view
    return view_func(request, *args, **kwargs)
  File "D:\Python37\lib\site-packages\django\views\decorators\csrf.py", line 54, in wrapped_view
    return view_func(*args, **kwargs)
  File "E:\1.chenbo\1-program\11-LAMDataServer\lamdataserver\LAMProcessData\query_views.py", line 308, in queryData_data_By_WorkSectionDatetime
    oxygen_indexing = Process_Oxygendata_Date_Worksection_indexing.objects.get(work_section=worksection , index_date_int=int(datetime_Start.strftime('%Y%m%d')))
  File "D:\Python37\lib\site-packages\django\db\models\manager.py", line 82, in manager_method
    return getattr(self.get_queryset(), name)(*args, **kwargs)
  File "D:\Python37\lib\site-packages\django\db\models\query.py", line 408, in get
    self.model._meta.object_name
LAMProcessData.models.Process_Oxygendata_Date_Worksection_indexing.DoesNotExist: Process_Oxygendata_Date_Worksection_indexing matching query does not exist.
2019-12-02 Mon 00:17:11 autoreload.py trigger_reload 203 - INFO - E:\1.chenbo\1-program\11-LAMDataServer\lamdataserver\LAMProcessData\query_views.py changed, reloading.
2019-12-02 Mon 00:17:13 autoreload.py run_with_reloader 578 - INFO - Watching for file changes with StatReloader
2019-12-02 Mon 00:17:18 autoreload.py run_with_reloader 578 - INFO - Watching for file changes with StatReloader
2019-12-02 Mon 00:17:24 log.py log_response 228 - ERROR - Internal Server Error: /LAMProcessData/QueryData/Data_By_WorkSectionDatetime/1/2019-12-0100:00/2019-12-0223:59/60/
Traceback (most recent call last):
  File "D:\Python37\lib\site-packages\django\core\handlers\exception.py", line 34, in inner
    response = get_response(request)
  File "D:\Python37\lib\site-packages\django\core\handlers\base.py", line 115, in _get_response
    response = self.process_exception_by_middleware(e, request)
  File "D:\Python37\lib\site-packages\django\core\handlers\base.py", line 113, in _get_response
    response = wrapped_callback(request, *callback_args, **callback_kwargs)
  File "D:\Python37\lib\site-packages\django\contrib\auth\decorators.py", line 21, in _wrapped_view
    return view_func(request, *args, **kwargs)
  File "D:\Python37\lib\site-packages\django\views\decorators\csrf.py", line 54, in wrapped_view
    return view_func(*args, **kwargs)
  File "E:\1.chenbo\1-program\11-LAMDataServer\lamdataserver\LAMProcessData\query_views.py", line 308, in queryData_data_By_WorkSectionDatetime
    oxygen_indexing = Process_Oxygendata_Date_Worksection_indexing.objects.filter(qset)[0]
  File "D:\Python37\lib\site-packages\django\db\models\query.py", line 309, in __getitem__
    return qs._result_cache[0]
IndexError: list index out of range
2019-12-02 Mon 00:17:47 autoreload.py run_with_reloader 578 - INFO - Watching for file changes with StatReloader
2019-12-02 Mon 00:21:24 autoreload.py run_with_reloader 578 - INFO - Watching for file changes with StatReloader
2019-12-02 Mon 00:22:09 autoreload.py trigger_reload 203 - INFO - E:\1.chenbo\1-program\11-LAMDataServer\lamdataserver\LAMProcessData\query_views.py changed, reloading.
2019-12-02 Mon 00:22:11 autoreload.py run_with_reloader 578 - INFO - Watching for file changes with StatReloader
2019-12-02 Mon 00:23:30 autoreload.py trigger_reload 203 - INFO - E:\1.chenbo\1-program\11-LAMDataServer\lamdataserver\LAMProcessData\query_views.py changed, reloading.
2019-12-02 Mon 00:23:32 autoreload.py run_with_reloader 578 - INFO - Watching for file changes with StatReloader
2019-12-02 Mon 00:42:22 autoreload.py trigger_reload 203 - INFO - E:\1.chenbo\1-program\11-LAMDataServer\lamdataserver\LAMProcessData\query_views.py changed, reloading.
2019-12-02 Mon 00:42:25 autoreload.py run_with_reloader 578 - INFO - Watching for file changes with StatReloader
2019-12-02 Mon 00:44:14 autoreload.py trigger_reload 203 - INFO - E:\1.chenbo\1-program\11-LAMDataServer\lamdataserver\LAMProcessData\query_views.py changed, reloading.
2019-12-02 Mon 00:44:16 autoreload.py run_with_reloader 578 - INFO - Watching for file changes with StatReloader
2019-12-02 Mon 00:44:52 autoreload.py trigger_reload 203 - INFO - E:\1.chenbo\1-program\11-LAMDataServer\lamdataserver\LAMProcessData\query_views.py changed, reloading.
2019-12-02 Mon 00:44:54 autoreload.py run_with_reloader 578 - INFO - Watching for file changes with StatReloader
2019-12-02 Mon 00:44:59 autoreload.py run_with_reloader 578 - INFO - Watching for file changes with StatReloader
2019-12-02 Mon 00:46:55 autoreload.py run_with_reloader 578 - INFO - Watching for file changes with StatReloader
2019-12-02 Mon 18:07:11 autoreload.py run_with_reloader 578 - INFO - Watching for file changes with StatReloader
2019-12-02 Mon 18:07:12 log.py log_response 228 - WARNING - Not Found: /favicon.ico
2019-12-02 Mon 18:07:15 log.py log_response 228 - WARNING - Not Found: /favicon.ico
2019-12-02 Mon 18:07:19 log.py log_response 228 - WARNING - Not Found: /LAMProcessData/LAMProcessData/
2019-12-02 Mon 18:18:03 autoreload.py trigger_reload 203 - INFO - E:\1.chenbo\1-program\11-LAMDataServer\lamdataserver\LAMProcessData\query_views.py changed, reloading.
2019-12-02 Mon 18:18:06 autoreload.py run_with_reloader 578 - INFO - Watching for file changes with StatReloader
2019-12-02 Mon 18:21:30 autoreload.py run_with_reloader 578 - INFO - Watching for file changes with StatReloader
2019-12-02 Mon 18:24:16 autoreload.py run_with_reloader 578 - INFO - Watching for file changes with StatReloader
2019-12-02 Mon 18:25:59 autoreload.py run_with_reloader 578 - INFO - Watching for file changes with StatReloader
2019-12-02 Mon 18:33:37 autoreload.py trigger_reload 203 - INFO - E:\1.chenbo\1-program\11-LAMDataServer\lamdataserver\LAMProcessData\query_views.py changed, reloading.
2019-12-02 Mon 18:33:44 autoreload.py run_with_reloader 578 - INFO - Watching for file changes with StatReloader
2019-12-02 Mon 18:35:23 autoreload.py run_with_reloader 578 - INFO - Watching for file changes with StatReloader
2019-12-02 Mon 18:39:50 autoreload.py run_with_reloader 578 - INFO - Watching for file changes with StatReloader
2019-12-02 Mon 18:42:06 autoreload.py run_with_reloader 578 - INFO - Watching for file changes with StatReloader
2019-12-02 Mon 18:46:38 autoreload.py run_with_reloader 578 - INFO - Watching for file changes with StatReloader
2019-12-02 Mon 18:48:20 autoreload.py run_with_reloader 578 - INFO - Watching for file changes with StatReloader
2019-12-02 Mon 18:49:38 autoreload.py run_with_reloader 578 - INFO - Watching for file changes with StatReloader
2019-12-02 Mon 18:52:47 autoreload.py trigger_reload 203 - INFO - E:\1.chenbo\1-program\11-LAMDataServer\lamdataserver\LAMProcessData\query_views.py changed, reloading.
2019-12-02 Mon 18:52:53 autoreload.py run_with_reloader 578 - INFO - Watching for file changes with StatReloader
2019-12-02 Mon 19:03:14 autoreload.py run_with_reloader 578 - INFO - Watching for file changes with StatReloader
2019-12-02 Mon 19:04:08 autoreload.py trigger_reload 203 - INFO - E:\1.chenbo\1-program\11-LAMDataServer\lamdataserver\LAMProcessData\query_views.py changed, reloading.
2019-12-02 Mon 19:04:10 autoreload.py run_with_reloader 578 - INFO - Watching for file changes with StatReloader
2019-12-02 Mon 19:04:15 autoreload.py run_with_reloader 578 - INFO - Watching for file changes with StatReloader
2019-12-02 Mon 19:12:26 autoreload.py trigger_reload 203 - INFO - E:\1.chenbo\1-program\11-LAMDataServer\lamdataserver\LAMProcessData\query_views.py changed, reloading.
2019-12-02 Mon 19:12:27 autoreload.py run_with_reloader 578 - INFO - Watching for file changes with StatReloader
2019-12-02 Mon 19:12:39 autoreload.py trigger_reload 203 - INFO - E:\1.chenbo\1-program\11-LAMDataServer\lamdataserver\LAMProcessData\query_views.py changed, reloading.
2019-12-02 Mon 19:12:41 autoreload.py run_with_reloader 578 - INFO - Watching for file changes with StatReloader
2019-12-02 Mon 19:14:32 autoreload.py trigger_reload 203 - INFO - E:\1.chenbo\1-program\11-LAMDataServer\lamdataserver\LAMProcessData\query_views.py changed, reloading.
2019-12-02 Mon 19:14:34 autoreload.py run_with_reloader 578 - INFO - Watching for file changes with StatReloader
2019-12-02 Mon 19:15:55 autoreload.py run_with_reloader 578 - INFO - Watching for file changes with StatReloader
2019-12-02 Mon 19:17:00 autoreload.py trigger_reload 203 - INFO - E:\1.chenbo\1-program\11-LAMDataServer\lamdataserver\LAMProcessData\query_views.py changed, reloading.
2019-12-02 Mon 19:17:02 autoreload.py run_with_reloader 578 - INFO - Watching for file changes with StatReloader
2019-12-02 Mon 19:17:38 autoreload.py run_with_reloader 578 - INFO - Watching for file changes with StatReloader
2019-12-02 Mon 19:18:34 autoreload.py trigger_reload 203 - INFO - E:\1.chenbo\1-program\11-LAMDataServer\lamdataserver\LAMProcessData\query_views.py changed, reloading.
2019-12-02 Mon 19:18:40 autoreload.py run_with_reloader 578 - INFO - Watching for file changes with StatReloader
2019-12-02 Mon 19:19:50 autoreload.py run_with_reloader 578 - INFO - Watching for file changes with StatReloader
2019-12-02 Mon 19:20:18 autoreload.py trigger_reload 203 - INFO - E:\1.chenbo\1-program\11-LAMDataServer\lamdataserver\LAMProcessData\query_views.py changed, reloading.
2019-12-02 Mon 19:20:24 autoreload.py run_with_reloader 578 - INFO - Watching for file changes with StatReloader
2019-12-02 Mon 19:22:14 autoreload.py trigger_reload 203 - INFO - E:\1.chenbo\1-program\11-LAMDataServer\lamdataserver\LAMProcessData\query_views.py changed, reloading.
2019-12-02 Mon 19:22:16 autoreload.py run_with_reloader 578 - INFO - Watching for file changes with StatReloader
2019-12-02 Mon 19:22:35 autoreload.py trigger_reload 203 - INFO - E:\1.chenbo\1-program\11-LAMDataServer\lamdataserver\LAMProcessData\query_views.py changed, reloading.
2019-12-02 Mon 19:22:37 autoreload.py run_with_reloader 578 - INFO - Watching for file changes with StatReloader
