2019-12-11 Wed 06:32:38 autoreload.py run_with_reloader 578 - INFO - Watching for file changes with StatReloader
2019-12-11 Wed 06:32:39 log.py log_response 228 - WARNING - Not Found: /favicon.ico
2019-12-11 Wed 06:32:49 log.py log_response 228 - WARNING - Not Found: /favicon.ico
2019-12-11 Wed 06:35:01 autoreload.py trigger_reload 203 - INFO - E:\1.chenbo\1-program\11-LAMDataServer\lamdataserver\LAMProcessData\views.py changed, reloading.
2019-12-11 Wed 06:35:05 autoreload.py run_with_reloader 578 - INFO - Watching for file changes with StatReloader
2019-12-11 Wed 06:36:14 autoreload.py trigger_reload 203 - INFO - E:\1.chenbo\1-program\11-LAMDataServer\lamdataserver\LAMProcessData\models.py changed, reloading.
2019-12-11 Wed 06:36:16 autoreload.py run_with_reloader 578 - INFO - Watching for file changes with StatReloader
2019-12-11 Wed 06:37:18 autoreload.py trigger_reload 203 - INFO - E:\1.chenbo\1-program\11-LAMDataServer\lamdataserver\LAMProcessData\views.py changed, reloading.
2019-12-11 Wed 06:37:24 autoreload.py run_with_reloader 578 - INFO - Watching for file changes with StatReloader
2019-12-11 Wed 06:40:49 autoreload.py run_with_reloader 578 - INFO - Watching for file changes with StatReloader
2019-12-11 Wed 06:41:59 autoreload.py run_with_reloader 578 - INFO - Watching for file changes with StatReloader
2019-12-11 Wed 18:42:50 autoreload.py run_with_reloader 578 - INFO - Watching for file changes with StatReloader
2019-12-11 Wed 18:43:22 log.py log_response 228 - WARNING - Not Found: /favicon.ico
2019-12-11 Wed 18:43:24 log.py log_response 228 - WARNING - Not Found: /favicon.ico
2019-12-11 Wed 18:43:52 autoreload.py trigger_reload 203 - INFO - E:\1.chenbo\1-program\11-LAMDataServer\lamdataserver\LAMProcessData\forms.py changed, reloading.
2019-12-11 Wed 18:43:55 autoreload.py run_with_reloader 578 - INFO - Watching for file changes with StatReloader
2019-12-11 Wed 18:46:54 autoreload.py run_with_reloader 578 - INFO - Watching for file changes with StatReloader
2019-12-11 Wed 18:54:44 autoreload.py run_with_reloader 578 - INFO - Watching for file changes with StatReloader
2019-12-11 Wed 18:56:28 autoreload.py trigger_reload 203 - INFO - E:\1.chenbo\1-program\11-LAMDataServer\lamdataserver\LAMProcessData\views.py changed, reloading.
2019-12-11 Wed 18:56:37 autoreload.py run_with_reloader 578 - INFO - Watching for file changes with StatReloader
