2019-12-01 Sun 00:18:44 autoreload.py run_with_reloader 578 - INFO - Watching for file changes with StatReloader
2019-12-01 Sun 00:19:05 log.py log_response 228 - WARNING - Not Found: /favicon.ico
2019-12-01 Sun 00:20:00 log.py log_response 228 - WARNING - Not Found: /favicon.ico
2019-12-01 Sun 07:01:11 autoreload.py run_with_reloader 578 - INFO - Watching for file changes with StatReloader
2019-12-01 Sun 09:36:42 autoreload.py run_with_reloader 578 - INFO - Watching for file changes with StatReloader
2019-12-01 Sun 09:45:41 autoreload.py run_with_reloader 578 - INFO - Watching for file changes with StatReloader
2019-12-01 Sun 11:40:46 autoreload.py run_with_reloader 578 - INFO - Watching for file changes with StatReloader
2019-12-01 Sun 16:53:09 autoreload.py run_with_reloader 578 - INFO - Watching for file changes with StatReloader
2019-12-01 Sun 18:37:15 autoreload.py run_with_reloader 578 - INFO - Watching for file changes with StatReloader
2019-12-01 Sun 19:00:30 autoreload.py trigger_reload 203 - INFO - E:\1.chenbo\1-program\11-LAMDataServer\lamdataserver\LAMProcessData\views.py changed, reloading.
2019-12-01 Sun 19:00:34 autoreload.py run_with_reloader 578 - INFO - Watching for file changes with StatReloader
2019-12-01 Sun 19:00:41 autoreload.py run_with_reloader 578 - INFO - Watching for file changes with StatReloader
2019-12-01 Sun 19:48:27 autoreload.py run_with_reloader 578 - INFO - Watching for file changes with StatReloader
2019-12-01 Sun 20:31:32 autoreload.py run_with_reloader 578 - INFO - Watching for file changes with StatReloader
2019-12-01 Sun 20:32:55 autoreload.py run_with_reloader 578 - INFO - Watching for file changes with StatReloader
2019-12-01 Sun 22:14:44 autoreload.py run_with_reloader 578 - INFO - Watching for file changes with StatReloader
2019-12-01 Sun 22:15:11 autoreload.py run_with_reloader 578 - INFO - Watching for file changes with StatReloader
2019-12-01 Sun 22:50:07 autoreload.py run_with_reloader 578 - INFO - Watching for file changes with StatReloader
2019-12-01 Sun 22:50:11 autoreload.py trigger_reload 203 - INFO - E:\1.chenbo\1-program\11-LAMDataServer\lamdataserver\LAMProcessData\views.py changed, reloading.
2019-12-01 Sun 22:50:13 autoreload.py run_with_reloader 578 - INFO - Watching for file changes with StatReloader
2019-12-01 Sun 22:51:31 autoreload.py run_with_reloader 578 - INFO - Watching for file changes with StatReloader
2019-12-01 Sun 22:56:58 autoreload.py run_with_reloader 578 - INFO - Watching for file changes with StatReloader
2019-12-01 Sun 22:58:45 autoreload.py run_with_reloader 578 - INFO - Watching for file changes with StatReloader
2019-12-01 Sun 23:05:23 autoreload.py run_with_reloader 578 - INFO - Watching for file changes with StatReloader
2019-12-01 Sun 23:08:27 autoreload.py trigger_reload 203 - INFO - E:\1.chenbo\1-program\11-LAMDataServer\lamdataserver\LAMProcessData\views.py changed, reloading.
2019-12-01 Sun 23:08:33 autoreload.py run_with_reloader 578 - INFO - Watching for file changes with StatReloader
2019-12-01 Sun 23:13:13 autoreload.py run_with_reloader 578 - INFO - Watching for file changes with StatReloader
2019-12-01 Sun 23:14:33 autoreload.py run_with_reloader 578 - INFO - Watching for file changes with StatReloader
2019-12-01 Sun 23:17:17 autoreload.py trigger_reload 203 - INFO - E:\1.chenbo\1-program\11-LAMDataServer\lamdataserver\LAMProcessData\views.py changed, reloading.
2019-12-01 Sun 23:17:21 autoreload.py run_with_reloader 578 - INFO - Watching for file changes with StatReloader
2019-12-01 Sun 23:18:19 autoreload.py trigger_reload 203 - INFO - E:\1.chenbo\1-program\11-LAMDataServer\lamdataserver\LAMProcessData\views.py changed, reloading.
2019-12-01 Sun 23:18:25 autoreload.py run_with_reloader 578 - INFO - Watching for file changes with StatReloader
2019-12-01 Sun 23:20:10 autoreload.py trigger_reload 203 - INFO - E:\1.chenbo\1-program\11-LAMDataServer\lamdataserver\LAMProcessData\views.py changed, reloading.
2019-12-01 Sun 23:20:16 autoreload.py run_with_reloader 578 - INFO - Watching for file changes with StatReloader
2019-12-01 Sun 23:32:14 autoreload.py trigger_reload 203 - INFO - E:\1.chenbo\1-program\11-LAMDataServer\lamdataserver\LAMProcessData\views.py changed, reloading.
2019-12-01 Sun 23:32:17 autoreload.py run_with_reloader 578 - INFO - Watching for file changes with StatReloader
2019-12-01 Sun 23:34:39 log.py log_response 228 - WARNING - Not Found: /favicon.ico
2019-12-01 Sun 23:35:19 autoreload.py run_with_reloader 578 - INFO - Watching for file changes with StatReloader
2019-12-01 Sun 23:35:57 autoreload.py run_with_reloader 578 - INFO - Watching for file changes with StatReloader
2019-12-01 Sun 23:37:59 autoreload.py run_with_reloader 578 - INFO - Watching for file changes with StatReloader
2019-12-01 Sun 23:48:04 autoreload.py run_with_reloader 578 - INFO - Watching for file changes with StatReloader
2019-12-01 Sun 23:49:24 autoreload.py trigger_reload 203 - INFO - E:\1.chenbo\1-program\11-LAMDataServer\lamdataserver\LAMProcessData\urls.py changed, reloading.
2019-12-01 Sun 23:49:26 autoreload.py run_with_reloader 578 - INFO - Watching for file changes with StatReloader
2019-12-01 Sun 23:59:17 autoreload.py trigger_reload 203 - INFO - E:\1.chenbo\1-program\11-LAMDataServer\lamdataserver\LAMProcessData\query_views.py changed, reloading.
2019-12-01 Sun 23:59:19 autoreload.py run_with_reloader 578 - INFO - Watching for file changes with StatReloader
2019-12-02 Mon 00:00:43 autoreload.py trigger_reload 203 - INFO - E:\1.chenbo\1-program\11-LAMDataServer\lamdataserver\LAMProcessData\query_views.py changed, reloading.
