2019-12-05 Thu 07:29:56 autoreload.py run_with_reloader 578 - INFO - Watching for file changes with StatReloader
2019-12-05 Thu 07:29:57 log.py log_response 228 - WARNING - Not Found: /favicon.ico
2019-12-05 Thu 07:29:59 log.py log_response 228 - WARNING - Not Found: /favicon.ico
2019-12-05 Thu 10:13:43 autoreload.py run_with_reloader 578 - INFO - Watching for file changes with StatReloader
2019-12-05 Thu 10:13:52 log.py log_response 228 - WARNING - Not Found: /favicon.ico
2019-12-05 Thu 10:13:55 log.py log_response 228 - WARNING - Not Found: /favicon.ico
2019-12-05 Thu 10:22:48 autoreload.py trigger_reload 203 - INFO - E:\1.chenbo\1-program\11-LAMDataServer\lamdataserver\lamdataserver\settings.py changed, reloading.
2019-12-05 Thu 10:22:49 autoreload.py run_with_reloader 578 - INFO - Watching for file changes with StatReloader
2019-12-05 Thu 10:24:14 autoreload.py trigger_reload 203 - INFO - E:\1.chenbo\1-program\11-LAMDataServer\lamdataserver\lamdataserver\settings.py changed, reloading.
2019-12-05 Thu 10:24:15 autoreload.py run_with_reloader 578 - INFO - Watching for file changes with StatReloader
2019-12-05 Thu 10:24:48 autoreload.py trigger_reload 203 - INFO - E:\1.chenbo\1-program\11-LAMDataServer\lamdataserver\lamdataserver\settings.py changed, reloading.
2019-12-05 Thu 10:24:50 autoreload.py run_with_reloader 578 - INFO - Watching for file changes with StatReloader
2019-12-05 Thu 10:25:33 autoreload.py trigger_reload 203 - INFO - E:\1.chenbo\1-program\11-LAMDataServer\lamdataserver\LAMProcessData\query_views.py changed, reloading.
2019-12-05 Thu 10:25:34 autoreload.py run_with_reloader 578 - INFO - Watching for file changes with StatReloader
2019-12-05 Thu 10:25:48 autoreload.py trigger_reload 203 - INFO - E:\1.chenbo\1-program\11-LAMDataServer\lamdataserver\LAMProcessData\query_views.py changed, reloading.
2019-12-05 Thu 10:25:50 autoreload.py run_with_reloader 578 - INFO - Watching for file changes with StatReloader
2019-12-05 Thu 10:28:08 autoreload.py run_with_reloader 578 - INFO - Watching for file changes with StatReloader
2019-12-05 Thu 10:35:15 autoreload.py trigger_reload 203 - INFO - E:\1.chenbo\1-program\11-LAMDataServer\lamdataserver\LAMProcessData\views.py changed, reloading.
2019-12-05 Thu 10:35:18 autoreload.py run_with_reloader 578 - INFO - Watching for file changes with StatReloader
2019-12-05 Thu 10:36:58 autoreload.py trigger_reload 203 - INFO - E:\1.chenbo\1-program\11-LAMDataServer\lamdataserver\LAMProcessData\views.py changed, reloading.
2019-12-05 Thu 10:37:01 autoreload.py run_with_reloader 578 - INFO - Watching for file changes with StatReloader
2019-12-05 Thu 11:33:33 autoreload.py run_with_reloader 578 - INFO - Watching for file changes with StatReloader
2019-12-05 Thu 11:53:21 autoreload.py run_with_reloader 578 - INFO - Watching for file changes with StatReloader
2019-12-05 Thu 12:47:11 autoreload.py trigger_reload 203 - INFO - E:\1.chenbo\1-program\11-LAMDataServer\lamdataserver\LAMProcessData\views.py changed, reloading.
2019-12-05 Thu 12:47:13 autoreload.py run_with_reloader 578 - INFO - Watching for file changes with StatReloader
2019-12-05 Thu 12:47:23 autoreload.py trigger_reload 203 - INFO - E:\1.chenbo\1-program\11-LAMDataServer\lamdataserver\LAMProcessData\views.py changed, reloading.
2019-12-05 Thu 12:47:25 autoreload.py run_with_reloader 578 - INFO - Watching for file changes with StatReloader
2019-12-05 Thu 12:54:55 autoreload.py trigger_reload 203 - INFO - E:\1.chenbo\1-program\11-LAMDataServer\lamdataserver\LAMProcessData\views.py changed, reloading.
2019-12-05 Thu 12:54:58 autoreload.py run_with_reloader 578 - INFO - Watching for file changes with StatReloader
2019-12-05 Thu 20:48:46 autoreload.py run_with_reloader 578 - INFO - Watching for file changes with StatReloader
2019-12-05 Thu 20:49:11 log.py log_response 228 - WARNING - Not Found: /favicon.ico
2019-12-05 Thu 20:49:14 log.py log_response 228 - WARNING - Not Found: /favicon.ico
