2019-12-07 Sat 00:09:01 autoreload.py run_with_reloader 578 - INFO - Watching for file changes with StatReloader
2019-12-07 Sat 00:13:06 autoreload.py trigger_reload 203 - INFO - E:\1.chenbo\1-program\11-LAMDataServer\lamdataserver\LAMProcessData\query_views.py changed, reloading.
2019-12-07 Sat 00:13:09 autoreload.py run_with_reloader 578 - INFO - Watching for file changes with StatReloader
2019-12-07 Sat 00:14:30 autoreload.py trigger_reload 203 - INFO - E:\1.chenbo\1-program\11-LAMDataServer\lamdataserver\LAMProcessData\models.py changed, reloading.
2019-12-07 Sat 00:14:33 autoreload.py run_with_reloader 578 - INFO - Watching for file changes with StatReloader
2019-12-07 Sat 00:22:06 autoreload.py trigger_reload 203 - INFO - E:\1.chenbo\1-program\11-LAMDataServer\lamdataserver\LAMProcessData\migrations\0001_initial.py changed, reloading.
2019-12-07 Sat 00:22:09 autoreload.py run_with_reloader 578 - INFO - Watching for file changes with StatReloader
2019-12-07 Sat 00:22:27 autoreload.py trigger_reload 203 - INFO - E:\1.chenbo\1-program\11-LAMDataServer\lamdataserver\LAMProcessData\migrations\0001_initial.py changed, reloading.
2019-12-07 Sat 00:22:30 autoreload.py run_with_reloader 578 - INFO - Watching for file changes with StatReloader
2019-12-07 Sat 00:27:22 autoreload.py trigger_reload 203 - INFO - E:\1.chenbo\1-program\11-LAMDataServer\lamdataserver\LAMProcessData\migrations\0002_auto_20191130_0047.py changed, reloading.
2019-12-07 Sat 00:27:25 autoreload.py run_with_reloader 578 - INFO - Watching for file changes with StatReloader
2019-12-07 Sat 00:27:41 autoreload.py trigger_reload 203 - INFO - E:\1.chenbo\1-program\11-LAMDataServer\lamdataserver\LAMProcessData\migrations\0002_auto_20191130_0047.py changed, reloading.
2019-12-07 Sat 00:27:44 autoreload.py run_with_reloader 578 - INFO - Watching for file changes with StatReloader
2019-12-07 Sat 00:27:50 autoreload.py trigger_reload 203 - INFO - E:\1.chenbo\1-program\11-LAMDataServer\lamdataserver\LAMProcessData\migrations\0002_auto_20191130_0047.py changed, reloading.
2019-12-07 Sat 00:27:52 autoreload.py run_with_reloader 578 - INFO - Watching for file changes with StatReloader
2019-12-07 Sat 00:38:08 autoreload.py trigger_reload 203 - INFO - E:\1.chenbo\1-program\11-LAMDataServer\lamdataserver\LAMProcessData\query_views.py changed, reloading.
2019-12-07 Sat 00:38:10 autoreload.py run_with_reloader 578 - INFO - Watching for file changes with StatReloader
2019-12-07 Sat 17:43:19 autoreload.py run_with_reloader 578 - INFO - Watching for file changes with StatReloader
2019-12-07 Sat 17:56:47 autoreload.py run_with_reloader 578 - INFO - Watching for file changes with StatReloader
2019-12-07 Sat 18:02:59 autoreload.py run_with_reloader 578 - INFO - Watching for file changes with StatReloader
2019-12-07 Sat 18:03:01 log.py log_response 228 - WARNING - Not Found: /favicon.ico
2019-12-07 Sat 18:07:17 autoreload.py run_with_reloader 578 - INFO - Watching for file changes with StatReloader
2019-12-07 Sat 18:07:39 autoreload.py run_with_reloader 578 - INFO - Watching for file changes with StatReloader
2019-12-07 Sat 18:08:34 autoreload.py run_with_reloader 578 - INFO - Watching for file changes with StatReloader
2019-12-07 Sat 18:10:07 autoreload.py run_with_reloader 578 - INFO - Watching for file changes with StatReloader
2019-12-07 Sat 18:14:04 autoreload.py trigger_reload 203 - INFO - E:\1.chenbo\1-program\11-LAMDataServer\lamdataserver\LAMProcessData\query_views.py changed, reloading.
2019-12-07 Sat 18:14:10 autoreload.py run_with_reloader 578 - INFO - Watching for file changes with StatReloader
2019-12-07 Sat 18:14:14 autoreload.py trigger_reload 203 - INFO - E:\1.chenbo\1-program\11-LAMDataServer\lamdataserver\LAMProcessData\query_views.py changed, reloading.
2019-12-07 Sat 18:14:20 autoreload.py run_with_reloader 578 - INFO - Watching for file changes with StatReloader
2019-12-07 Sat 18:15:41 autoreload.py run_with_reloader 578 - INFO - Watching for file changes with StatReloader
2019-12-07 Sat 18:16:58 autoreload.py trigger_reload 203 - INFO - E:\1.chenbo\1-program\11-LAMDataServer\lamdataserver\LAMProcessData\query_views.py changed, reloading.
2019-12-07 Sat 18:17:00 autoreload.py run_with_reloader 578 - INFO - Watching for file changes with StatReloader
