2019-12-09 Mon 00:00:54 autoreload.py run_with_reloader 578 - INFO - Watching for file changes with StatReloader
2019-12-09 Mon 00:01:25 autoreload.py run_with_reloader 578 - INFO - Watching for file changes with StatReloader
2019-12-09 Mon 00:08:50 autoreload.py run_with_reloader 578 - INFO - Watching for file changes with StatReloader
2019-12-09 Mon 00:21:30 autoreload.py run_with_reloader 578 - INFO - Watching for file changes with StatReloader
2019-12-09 Mon 00:24:54 autoreload.py run_with_reloader 578 - INFO - Watching for file changes with StatReloader
2019-12-09 Mon 00:32:53 autoreload.py run_with_reloader 578 - INFO - Watching for file changes with StatReloader
2019-12-09 Mon 00:43:39 autoreload.py run_with_reloader 578 - INFO - Watching for file changes with StatReloader
2019-12-09 Mon 07:22:02 autoreload.py run_with_reloader 578 - INFO - Watching for file changes with StatReloader
2019-12-09 Mon 07:23:37 autoreload.py trigger_reload 203 - INFO - E:\1.chenbo\1-program\11-LAMDataServer\lamdataserver\LAMProcessData\models.py changed, reloading.
2019-12-09 Mon 07:23:41 autoreload.py run_with_reloader 578 - INFO - Watching for file changes with StatReloader
2019-12-09 Mon 07:23:57 autoreload.py trigger_reload 203 - INFO - E:\1.chenbo\1-program\11-LAMDataServer\lamdataserver\LAMProcessData\models.py changed, reloading.
2019-12-09 Mon 07:25:38 autoreload.py run_with_reloader 578 - INFO - Watching for file changes with StatReloader
2019-12-09 Mon 07:26:42 log.py log_response 228 - WARNING - Not Found: /favicon.ico
2019-12-09 Mon 07:26:44 log.py log_response 228 - WARNING - Not Found: /favicon.ico
2019-12-09 Mon 07:27:12 query_views.py getcache 305 - DEBUG - getcache error, qset:(AND: ('work_section', <Worksection: 2号设备>), ('index_date_int', 20191123)), datatype:oxygen
2019-12-09 Mon 07:27:15 query_views.py setcache 326 - DEBUG - setcache error, qset:(AND: ('work_section', <Worksection: 2号设备>), ('index_date_int', 20191123)), datatype:oxygen
2019-12-09 Mon 07:27:15 query_views.py getcache 305 - DEBUG - getcache error, qset:(AND: ('work_section', <Worksection: 2号设备>), ('index_date_int', 20191123)), datatype:cncstatus
2019-12-09 Mon 07:27:45 query_views.py setcache 326 - DEBUG - setcache error, qset:(AND: ('work_section', <Worksection: 2号设备>), ('index_date_int', 20191123)), datatype:cncstatus
2019-12-09 Mon 07:27:45 query_views.py getcache 305 - DEBUG - getcache error, qset:(AND: ('work_section', <Worksection: 2号设备>), ('index_date_int', 20191124)), datatype:oxygen
2019-12-09 Mon 07:27:49 query_views.py setcache 326 - DEBUG - setcache error, qset:(AND: ('work_section', <Worksection: 2号设备>), ('index_date_int', 20191124)), datatype:oxygen
2019-12-09 Mon 07:27:49 query_views.py getcache 305 - DEBUG - getcache error, qset:(AND: ('work_section', <Worksection: 2号设备>), ('index_date_int', 20191124)), datatype:cncstatus
2019-12-09 Mon 07:28:18 query_views.py setcache 326 - DEBUG - setcache error, qset:(AND: ('work_section', <Worksection: 2号设备>), ('index_date_int', 20191124)), datatype:cncstatus
2019-12-09 Mon 07:32:04 autoreload.py run_with_reloader 578 - INFO - Watching for file changes with StatReloader
2019-12-09 Mon 07:32:13 autoreload.py trigger_reload 203 - INFO - E:\1.chenbo\1-program\11-LAMDataServer\lamdataserver\LAMProcessData\views.py changed, reloading.
2019-12-09 Mon 07:32:18 autoreload.py run_with_reloader 578 - INFO - Watching for file changes with StatReloader
2019-12-09 Mon 21:43:37 autoreload.py run_with_reloader 578 - INFO - Watching for file changes with StatReloader
2019-12-09 Mon 21:43:55 log.py log_response 228 - WARNING - Not Found: /favicon.ico
2019-12-09 Mon 21:43:58 log.py log_response 228 - WARNING - Not Found: /favicon.ico
2019-12-09 Mon 21:48:23 autoreload.py trigger_reload 203 - INFO - E:\1.chenbo\1-program\11-LAMDataServer\lamdataserver\LAMProcessData\views.py changed, reloading.
2019-12-09 Mon 21:48:27 autoreload.py run_with_reloader 578 - INFO - Watching for file changes with StatReloader
2019-12-09 Mon 21:48:39 autoreload.py run_with_reloader 578 - INFO - Watching for file changes with StatReloader
2019-12-09 Mon 21:52:36 autoreload.py trigger_reload 203 - INFO - E:\1.chenbo\1-program\11-LAMDataServer\lamdataserver\LAMProcessData\views.py changed, reloading.
2019-12-09 Mon 21:52:41 autoreload.py run_with_reloader 578 - INFO - Watching for file changes with StatReloader
2019-12-09 Mon 21:52:50 autoreload.py run_with_reloader 578 - INFO - Watching for file changes with StatReloader
2019-12-09 Mon 21:57:05 autoreload.py trigger_reload 203 - INFO - E:\1.chenbo\1-program\11-LAMDataServer\lamdataserver\LAMProcessData\views.py changed, reloading.
2019-12-09 Mon 21:57:11 autoreload.py run_with_reloader 578 - INFO - Watching for file changes with StatReloader
2019-12-09 Mon 21:57:27 autoreload.py run_with_reloader 578 - INFO - Watching for file changes with StatReloader
2019-12-09 Mon 21:58:28 autoreload.py run_with_reloader 578 - INFO - Watching for file changes with StatReloader
2019-12-09 Mon 22:00:40 autoreload.py run_with_reloader 578 - INFO - Watching for file changes with StatReloader
