2019-12-12 Thu 19:23:31 autoreload.py run_with_reloader 578 - INFO - Watching for file changes with StatReloader
2019-12-12 Thu 19:24:44 autoreload.py trigger_reload 203 - INFO - E:\1.chenbo\1-program\11-LAMDataServer\lamdataserver\LAMProcessData\query_views.py changed, reloading.
2019-12-12 Thu 19:24:47 autoreload.py run_with_reloader 578 - INFO - Watching for file changes with StatReloader
2019-12-12 Thu 19:25:12 autoreload.py trigger_reload 203 - INFO - E:\1.chenbo\1-program\11-LAMDataServer\lamdataserver\LAMProcessData\query_views.py changed, reloading.
2019-12-12 Thu 19:25:15 autoreload.py run_with_reloader 578 - INFO - Watching for file changes with StatReloader
2019-12-12 Thu 19:25:21 log.py log_response 228 - WARNING - Not Found: /favicon.ico
2019-12-12 Thu 19:25:23 log.py log_response 228 - WARNING - Not Found: /favicon.ico
2019-12-12 Thu 19:29:35 autoreload.py trigger_reload 203 - INFO - E:\1.chenbo\1-program\11-LAMDataServer\lamdataserver\LAMProcessData\query_views.py changed, reloading.
2019-12-12 Thu 19:29:38 autoreload.py run_with_reloader 578 - INFO - Watching for file changes with StatReloader
2019-12-12 Thu 19:30:23 autoreload.py trigger_reload 203 - INFO - E:\1.chenbo\1-program\11-LAMDataServer\lamdataserver\LAMProcessData\query_views.py changed, reloading.
2019-12-12 Thu 19:30:25 autoreload.py run_with_reloader 578 - INFO - Watching for file changes with StatReloader
2019-12-12 Thu 23:10:17 autoreload.py run_with_reloader 578 - INFO - Watching for file changes with StatReloader
2019-12-12 Thu 23:12:06 autoreload.py run_with_reloader 578 - INFO - Watching for file changes with StatReloader
2019-12-12 Thu 23:13:15 autoreload.py trigger_reload 203 - INFO - E:\1.chenbo\1-program\11-LAMDataServer\lamdataserver\LAMProcessData\urls.py changed, reloading.
2019-12-12 Thu 23:13:19 autoreload.py run_with_reloader 578 - INFO - Watching for file changes with StatReloader
2019-12-12 Thu 23:13:31 autoreload.py trigger_reload 203 - INFO - E:\1.chenbo\1-program\11-LAMDataServer\lamdataserver\LAMProcessData\urls.py changed, reloading.
2019-12-12 Thu 23:13:33 autoreload.py run_with_reloader 578 - INFO - Watching for file changes with StatReloader
2019-12-12 Thu 23:14:25 autoreload.py run_with_reloader 578 - INFO - Watching for file changes with StatReloader
2019-12-12 Thu 23:14:26 log.py log_response 228 - WARNING - Not Found: /favicon.ico
2019-12-12 Thu 23:14:27 log.py log_response 228 - WARNING - Not Found: /favicon.ico
2019-12-12 Thu 23:17:57 autoreload.py trigger_reload 203 - INFO - E:\1.chenbo\1-program\11-LAMDataServer\lamdataserver\LAMProcessData\forms.py changed, reloading.
2019-12-12 Thu 23:18:02 autoreload.py run_with_reloader 578 - INFO - Watching for file changes with StatReloader
2019-12-12 Thu 23:20:13 autoreload.py trigger_reload 203 - INFO - E:\1.chenbo\1-program\11-LAMDataServer\lamdataserver\LAMProcessData\forms.py changed, reloading.
2019-12-12 Thu 23:20:19 autoreload.py run_with_reloader 578 - INFO - Watching for file changes with StatReloader
2019-12-12 Thu 23:20:21 log.py log_response 228 - ERROR - Internal Server Error: /LAMProcessData/ProcessRecords/LAMProcessMission/CutRecordsByTime/
Traceback (most recent call last):
  File "D:\Python37\lib\site-packages\django\core\handlers\exception.py", line 34, in inner
    response = get_response(request)
  File "D:\Python37\lib\site-packages\django\core\handlers\base.py", line 115, in _get_response
    response = self.process_exception_by_middleware(e, request)
  File "D:\Python37\lib\site-packages\django\core\handlers\base.py", line 113, in _get_response
    response = wrapped_callback(request, *callback_args, **callback_kwargs)
  File "E:\1.chenbo\1-program\11-LAMDataServer\lamdataserver\LAMProcessData\views.py", line 2132, in lamprocessmission_CutRecords_by_Time
    _form_inst = LAMProcessMission_TimeCutRecordsForm()
  File "E:\1.chenbo\1-program\11-LAMDataServer\lamdataserver\LAMProcessData\forms.py", line 1031, in __init__
    self.fields['process_start_date'].name = 'process_start_date'
KeyError: 'process_start_date'
2019-12-12 Thu 23:21:13 autoreload.py run_with_reloader 578 - INFO - Watching for file changes with StatReloader
2019-12-12 Thu 23:22:48 autoreload.py trigger_reload 203 - INFO - E:\1.chenbo\1-program\11-LAMDataServer\lamdataserver\LAMProcessData\forms.py changed, reloading.
2019-12-12 Thu 23:22:52 autoreload.py run_with_reloader 578 - INFO - Watching for file changes with StatReloader
2019-12-12 Thu 23:32:15 autoreload.py trigger_reload 203 - INFO - E:\1.chenbo\1-program\11-LAMDataServer\lamdataserver\LAMProcessData\views.py changed, reloading.
2019-12-12 Thu 23:32:17 autoreload.py run_with_reloader 578 - INFO - Watching for file changes with StatReloader
2019-12-12 Thu 23:35:33 autoreload.py run_with_reloader 578 - INFO - Watching for file changes with StatReloader
2019-12-12 Thu 23:37:18 autoreload.py trigger_reload 203 - INFO - E:\1.chenbo\1-program\11-LAMDataServer\lamdataserver\LAMProcessData\query_views.py changed, reloading.
2019-12-12 Thu 23:37:22 autoreload.py run_with_reloader 578 - INFO - Watching for file changes with StatReloader
2019-12-12 Thu 23:37:58 autoreload.py run_with_reloader 578 - INFO - Watching for file changes with StatReloader
2019-12-12 Thu 23:52:19 autoreload.py run_with_reloader 578 - INFO - Watching for file changes with StatReloader
2019-12-12 Thu 23:54:30 autoreload.py run_with_reloader 578 - INFO - Watching for file changes with StatReloader
2019-12-12 Thu 23:54:32 log.py log_response 228 - ERROR - Internal Server Error: /LAMProcessData/QueryData/StartFinishTime_By_MissionID/2/
Traceback (most recent call last):
  File "D:\Python37\lib\site-packages\django\core\handlers\exception.py", line 34, in inner
    response = get_response(request)
  File "D:\Python37\lib\site-packages\django\core\handlers\base.py", line 115, in _get_response
    response = self.process_exception_by_middleware(e, request)
  File "D:\Python37\lib\site-packages\django\core\handlers\base.py", line 113, in _get_response
    response = wrapped_callback(request, *callback_args, **callback_kwargs)
  File "D:\Python37\lib\site-packages\django\contrib\auth\decorators.py", line 21, in _wrapped_view
    return view_func(request, *args, **kwargs)
  File "D:\Python37\lib\site-packages\django\views\decorators\csrf.py", line 54, in wrapped_view
    return view_func(*args, **kwargs)
  File "E:\1.chenbo\1-program\11-LAMDataServer\lamdataserver\LAMProcessData\query_views.py", line 249, in queryData_StartFinishTime_By_MissionID
    html = json.dumps(_dict, ensure_ascii=False)
  File "D:\Python37\lib\json\__init__.py", line 238, in dumps
    **kw).encode(obj)
  File "D:\Python37\lib\json\encoder.py", line 199, in encode
    chunks = self.iterencode(o, _one_shot=True)
  File "D:\Python37\lib\json\encoder.py", line 257, in iterencode
    return _iterencode(o, 0)
  File "D:\Python37\lib\json\encoder.py", line 179, in default
    raise TypeError(f'Object of type {o.__class__.__name__} '
TypeError: Object of type datetime is not JSON serializable
2019-12-12 Thu 23:54:48 log.py log_response 228 - ERROR - Internal Server Error: /LAMProcessData/QueryData/StartFinishTime_By_MissionID/1/
Traceback (most recent call last):
  File "D:\Python37\lib\site-packages\django\core\handlers\exception.py", line 34, in inner
    response = get_response(request)
  File "D:\Python37\lib\site-packages\django\core\handlers\base.py", line 115, in _get_response
    response = self.process_exception_by_middleware(e, request)
  File "D:\Python37\lib\site-packages\django\core\handlers\base.py", line 113, in _get_response
    response = wrapped_callback(request, *callback_args, **callback_kwargs)
  File "D:\Python37\lib\site-packages\django\contrib\auth\decorators.py", line 21, in _wrapped_view
    return view_func(request, *args, **kwargs)
  File "D:\Python37\lib\site-packages\django\views\decorators\csrf.py", line 54, in wrapped_view
    return view_func(*args, **kwargs)
  File "E:\1.chenbo\1-program\11-LAMDataServer\lamdataserver\LAMProcessData\query_views.py", line 249, in queryData_StartFinishTime_By_MissionID
    html = json.dumps(_dict, ensure_ascii=False)
  File "D:\Python37\lib\json\__init__.py", line 238, in dumps
    **kw).encode(obj)
  File "D:\Python37\lib\json\encoder.py", line 199, in encode
    chunks = self.iterencode(o, _one_shot=True)
  File "D:\Python37\lib\json\encoder.py", line 257, in iterencode
    return _iterencode(o, 0)
  File "D:\Python37\lib\json\encoder.py", line 179, in default
    raise TypeError(f'Object of type {o.__class__.__name__} '
TypeError: Object of type datetime is not JSON serializable
2019-12-12 Thu 23:55:43 autoreload.py trigger_reload 203 - INFO - E:\1.chenbo\1-program\11-LAMDataServer\lamdataserver\LAMProcessData\query_views.py changed, reloading.
2019-12-12 Thu 23:55:50 autoreload.py run_with_reloader 578 - INFO - Watching for file changes with StatReloader
2019-12-12 Thu 23:56:14 autoreload.py trigger_reload 203 - INFO - E:\1.chenbo\1-program\11-LAMDataServer\lamdataserver\LAMProcessData\query_views.py changed, reloading.
2019-12-12 Thu 23:56:16 autoreload.py run_with_reloader 578 - INFO - Watching for file changes with StatReloader
2019-12-12 Thu 23:58:31 autoreload.py trigger_reload 203 - INFO - E:\1.chenbo\1-program\11-LAMDataServer\lamdataserver\LAMProcessData\query_views.py changed, reloading.
2019-12-12 Thu 23:58:38 autoreload.py run_with_reloader 578 - INFO - Watching for file changes with StatReloader
