2019-12-13 Fri 00:01:52 autoreload.py run_with_reloader 578 - INFO - Watching for file changes with StatReloader
2019-12-13 Fri 00:02:50 query_views.py getcache 325 - DEBUG - getcache error, qset:(AND: ('work_section', <Worksection: 2号设备>), ('index_date_int', 20191212)), datatype:oxygen
2019-12-13 Fri 00:02:52 query_views.py setcache 346 - DEBUG - setcache error, qset:(AND: ('work_section', <Worksection: 2号设备>), ('index_date_int', 20191212)), datatype:oxygen
2019-12-13 Fri 00:02:52 query_views.py getcache 325 - DEBUG - getcache error, qset:(AND: ('work_section', <Worksection: 2号设备>), ('index_date_int', 20191212)), datatype:laser
2019-12-13 Fri 00:02:58 query_views.py setcache 346 - DEBUG - setcache error, qset:(AND: ('work_section', <Worksection: 2号设备>), ('index_date_int', 20191212)), datatype:laser
2019-12-13 Fri 00:02:58 query_views.py getcache 325 - DEBUG - getcache error, qset:(AND: ('work_section', <Worksection: 2号设备>), ('index_date_int', 20191212)), datatype:cncstatus
2019-12-13 Fri 00:03:16 query_views.py setcache 346 - DEBUG - setcache error, qset:(AND: ('work_section', <Worksection: 2号设备>), ('index_date_int', 20191212)), datatype:cncstatus
2019-12-13 Fri 00:03:16 query_views.py getcache 325 - DEBUG - getcache error, qset:(AND: ('work_section', <Worksection: 2号设备>), ('index_date_int', 20191213)), datatype:oxygen
2019-12-13 Fri 00:03:19 query_views.py setcache 346 - DEBUG - setcache error, qset:(AND: ('work_section', <Worksection: 2号设备>), ('index_date_int', 20191213)), datatype:oxygen
2019-12-13 Fri 00:03:19 query_views.py getcache 325 - DEBUG - getcache error, qset:(AND: ('work_section', <Worksection: 2号设备>), ('index_date_int', 20191213)), datatype:laser
2019-12-13 Fri 00:03:19 autoreload.py trigger_reload 203 - INFO - E:\1.chenbo\1-program\11-LAMDataServer\lamdataserver\LAMProcessData\query_views.py changed, reloading.
2019-12-13 Fri 00:03:26 autoreload.py run_with_reloader 578 - INFO - Watching for file changes with StatReloader
2019-12-13 Fri 00:04:30 autoreload.py trigger_reload 203 - INFO - E:\1.chenbo\1-program\11-LAMDataServer\lamdataserver\LAMProcessData\views.py changed, reloading.
2019-12-13 Fri 00:04:32 autoreload.py run_with_reloader 578 - INFO - Watching for file changes with StatReloader
2019-12-13 Fri 00:04:35 autoreload.py trigger_reload 203 - INFO - E:\1.chenbo\1-program\11-LAMDataServer\lamdataserver\LAMProcessData\views.py changed, reloading.
2019-12-13 Fri 00:04:38 autoreload.py run_with_reloader 578 - INFO - Watching for file changes with StatReloader
2019-12-13 Fri 00:04:52 autoreload.py trigger_reload 203 - INFO - E:\1.chenbo\1-program\11-LAMDataServer\lamdataserver\LAMProcessData\views.py changed, reloading.
2019-12-13 Fri 00:04:54 autoreload.py run_with_reloader 578 - INFO - Watching for file changes with StatReloader
2019-12-13 Fri 00:07:14 log.py log_response 228 - WARNING - Not Found: /favicon.ico
2019-12-13 Fri 07:16:40 autoreload.py run_with_reloader 578 - INFO - Watching for file changes with StatReloader
2019-12-13 Fri 07:16:43 log.py log_response 228 - WARNING - Not Found: /favicon.ico
2019-12-13 Fri 07:16:46 log.py log_response 228 - WARNING - Not Found: /LAMProcessData/ui-elements.html
2019-12-13 Fri 07:19:20 log.py log_response 228 - WARNING - Not Found: /DrawData/Oxygen/
2019-12-13 Fri 07:27:57 autoreload.py trigger_reload 203 - INFO - E:\1.chenbo\1-program\11-LAMDataServer\lamdataserver\LAMProcessData\urls.py changed, reloading.
2019-12-13 Fri 07:28:00 autoreload.py run_with_reloader 578 - INFO - Watching for file changes with StatReloader
2019-12-13 Fri 07:30:14 autoreload.py trigger_reload 203 - INFO - E:\1.chenbo\1-program\11-LAMDataServer\lamdataserver\LAMProcessData\urls.py changed, reloading.
2019-12-13 Fri 07:30:18 autoreload.py run_with_reloader 578 - INFO - Watching for file changes with StatReloader
