2019-12-03 Tue 07:21:10 autoreload.py run_with_reloader 578 - INFO - Watching for file changes with StatReloader
2019-12-03 Tue 07:21:12 log.py log_response 228 - WARNING - Not Found: /favicon.ico
2019-12-03 Tue 07:24:26 autoreload.py run_with_reloader 578 - INFO - Watching for file changes with StatReloader
2019-12-03 Tue 07:25:00 autoreload.py run_with_reloader 578 - INFO - Watching for file changes with StatReloader
2019-12-03 Tue 07:34:41 autoreload.py run_with_reloader 578 - INFO - Watching for file changes with StatReloader
2019-12-03 Tue 20:29:42 autoreload.py run_with_reloader 578 - INFO - Watching for file changes with StatReloader
2019-12-03 Tue 20:29:43 log.py log_response 228 - WARNING - Not Found: /favicon.ico
2019-12-03 Tue 20:29:50 log.py log_response 228 - WARNING - Not Found: /favicon.ico
2019-12-03 Tue 20:35:01 autoreload.py trigger_reload 203 - INFO - E:\1.chenbo\1-program\11-LAMDataServer\lamdataserver\LAMProcessData\forms.py changed, reloading.
2019-12-03 Tue 20:35:04 autoreload.py run_with_reloader 578 - INFO - Watching for file changes with StatReloader
2019-12-03 Tue 20:36:03 autoreload.py trigger_reload 203 - INFO - E:\1.chenbo\1-program\11-LAMDataServer\lamdataserver\LAMProcessData\forms.py changed, reloading.
2019-12-03 Tue 20:36:07 autoreload.py run_with_reloader 578 - INFO - Watching for file changes with StatReloader
2019-12-03 Tue 20:37:18 autoreload.py run_with_reloader 578 - INFO - Watching for file changes with StatReloader
2019-12-03 Tue 20:37:30 log.py log_response 228 - ERROR - Internal Server Error: /LAMProcessData/ProcessRecords/LAMProcessMission/CutRecordsByTime/
Traceback (most recent call last):
  File "D:\Python37\lib\site-packages\django\core\handlers\exception.py", line 34, in inner
    response = get_response(request)
  File "D:\Python37\lib\site-packages\django\core\handlers\base.py", line 115, in _get_response
    response = self.process_exception_by_middleware(e, request)
  File "D:\Python37\lib\site-packages\django\core\handlers\base.py", line 113, in _get_response
    response = wrapped_callback(request, *callback_args, **callback_kwargs)
  File "E:\1.chenbo\1-program\11-LAMDataServer\lamdataserver\LAMProcessData\views.py", line 1876, in lamprocessmission_CutRecords_by_Time
    _form_inst = LAMProcessMission_TimeCutRecordsForm()
  File "E:\1.chenbo\1-program\11-LAMDataServer\lamdataserver\LAMProcessData\forms.py", line 1065, in __init__
    self.fields['oxygendata_start_id'].widget.attrs.update({'type': 'hidden'})
KeyError: 'oxygendata_start_id'
2019-12-03 Tue 20:38:09 autoreload.py trigger_reload 203 - INFO - E:\1.chenbo\1-program\11-LAMDataServer\lamdataserver\LAMProcessData\forms.py changed, reloading.
2019-12-03 Tue 20:38:11 autoreload.py run_with_reloader 578 - INFO - Watching for file changes with StatReloader
2019-12-03 Tue 20:38:30 log.py log_response 228 - ERROR - Internal Server Error: /LAMProcessData/ProcessRecords/LAMProcessMission/CutRecordsByTime/
Traceback (most recent call last):
  File "D:\Python37\lib\site-packages\django\core\handlers\exception.py", line 34, in inner
    response = get_response(request)
  File "D:\Python37\lib\site-packages\django\core\handlers\base.py", line 115, in _get_response
    response = self.process_exception_by_middleware(e, request)
  File "D:\Python37\lib\site-packages\django\core\handlers\base.py", line 113, in _get_response
    response = wrapped_callback(request, *callback_args, **callback_kwargs)
  File "E:\1.chenbo\1-program\11-LAMDataServer\lamdataserver\LAMProcessData\views.py", line 1876, in lamprocessmission_CutRecords_by_Time
    _form_inst = LAMProcessMission_TimeCutRecordsForm()
  File "E:\1.chenbo\1-program\11-LAMDataServer\lamdataserver\LAMProcessData\forms.py", line 1065, in __init__
    self.fields['oxygendata_start_id'].widget.attrs.update({'type': 'hidden'})
KeyError: 'oxygendata_start_id'
2019-12-03 Tue 20:39:00 autoreload.py run_with_reloader 578 - INFO - Watching for file changes with StatReloader
2019-12-03 Tue 20:39:13 autoreload.py run_with_reloader 578 - INFO - Watching for file changes with StatReloader
2019-12-03 Tue 20:43:36 autoreload.py trigger_reload 203 - INFO - E:\1.chenbo\1-program\11-LAMDataServer\lamdataserver\LAMProcessData\forms.py changed, reloading.
2019-12-03 Tue 20:43:39 autoreload.py run_with_reloader 578 - INFO - Watching for file changes with StatReloader
2019-12-03 Tue 20:43:49 autoreload.py run_with_reloader 578 - INFO - Watching for file changes with StatReloader
2019-12-03 Tue 23:40:33 autoreload.py run_with_reloader 578 - INFO - Watching for file changes with StatReloader
2019-12-03 Tue 23:40:34 log.py log_response 228 - WARNING - Not Found: /favicon.ico
