2020-02-13 00:10:34,620 - __init__ - 52 - INFO - Started thread pool with 0 core threads and 20 maximum threads
2020-02-13 00:10:34,624 - add_job - 287 - INFO - Adding job tentatively -- it will be properly scheduled when the scheduler starts
2020-02-13 00:10:34,624 - _real_add_job - 262 - INFO - Added job "mytask (trigger: interval[1 day, 0:00:00], next run at: 2020-02-13 00:10:44.623696)" to job store "default"
2020-02-13 00:10:34,624 - _main_loop - 574 - INFO - Scheduler started
2020-02-13 00:10:34,625 - _main_loop - 579 - DEBUG - Looking for jobs to run
2020-02-13 00:10:34,625 - _main_loop - 588 - DEBUG - Next wakeup is due at 2020-02-13 00:10:44.623696 (in 9.998006 seconds)
2020-02-13 00:10:34,639 - <module> - 57 - DEBUG - SendBefore_NotRecive : [<CNCProcessStatus: CNCProcessStatus object (2038721)>]
2020-02-13 00:10:34,639 - <module> - 58 - DEBUG - Waitfor_Recive : [2038721]
2020-02-13 00:10:34,918 - shutdown - 111 - INFO - Shutting down thread pool
2020-02-13 00:10:39,836 - __init__ - 52 - INFO - Started thread pool with 0 core threads and 20 maximum threads
2020-02-13 00:10:39,837 - add_job - 287 - INFO - Adding job tentatively -- it will be properly scheduled when the scheduler starts
2020-02-13 00:10:39,838 - _real_add_job - 262 - INFO - Added job "mytask (trigger: interval[1 day, 0:00:00], next run at: 2020-02-13 00:10:49.837414)" to job store "default"
2020-02-13 00:10:39,838 - _main_loop - 574 - INFO - Scheduler started
2020-02-13 00:10:39,838 - _main_loop - 579 - DEBUG - Looking for jobs to run
2020-02-13 00:10:39,838 - _main_loop - 588 - DEBUG - Next wakeup is due at 2020-02-13 00:10:49.837414 (in 9.999002 seconds)
2020-02-13 00:10:39,852 - <module> - 57 - DEBUG - SendBefore_NotRecive : [<CNCProcessStatus: CNCProcessStatus object (2038721)>]
2020-02-13 00:10:39,852 - <module> - 58 - DEBUG - Waitfor_Recive : [2038721]
2020-02-13 00:10:40,546 - shutdown - 111 - INFO - Shutting down thread pool
2020-02-13 00:14:59,077 - run_with_reloader - 578 - INFO - Watching for file changes with StatReloader
2020-02-13 00:14:59,351 - __init__ - 52 - INFO - Started thread pool with 0 core threads and 20 maximum threads
2020-02-13 00:14:59,351 - add_job - 287 - INFO - Adding job tentatively -- it will be properly scheduled when the scheduler starts
2020-02-13 00:14:59,351 - _real_add_job - 262 - INFO - Added job "mytask (trigger: interval[1 day, 0:00:00], next run at: 2020-02-13 00:15:09.351020)" to job store "default"
2020-02-13 00:14:59,351 - _main_loop - 574 - INFO - Scheduler started
2020-02-13 00:14:59,352 - _main_loop - 579 - DEBUG - Looking for jobs to run
2020-02-13 00:14:59,352 - _main_loop - 588 - DEBUG - Next wakeup is due at 2020-02-13 00:15:09.351020 (in 9.999003 seconds)
2020-02-13 00:14:59,364 - <module> - 57 - DEBUG - SendBefore_NotRecive : [<CNCProcessStatus: CNCProcessStatus object (2038721)>]
2020-02-13 00:14:59,364 - <module> - 58 - DEBUG - Waitfor_Recive : [2038721]
2020-02-13 00:15:09,352 - _main_loop - 579 - DEBUG - Looking for jobs to run
2020-02-13 00:15:09,352 - _run_jobs - 69 - DEBUG - Started worker thread
2020-02-13 00:15:09,352 - _main_loop - 588 - DEBUG - Next wakeup is due at 2020-02-14 00:15:09.351020 (in 86399.998572 seconds)
2020-02-13 00:15:09,352 - _run_job - 509 - INFO - Running job "mytask (trigger: interval[1 day, 0:00:00], next run at: 2020-02-14 00:15:09.351020)" (scheduled at 2020-02-13 00:15:09.351020)
2020-02-13 00:16:12,265 - _run_job - 527 - INFO - Job "mytask (trigger: interval[1 day, 0:00:00], next run at: 2020-02-14 00:15:09.351020)" executed successfully
2020-02-13 00:16:13,265 - _run_jobs - 94 - DEBUG - Exiting worker thread
2020-02-13 00:18:30,289 - trigger_reload - 203 - INFO - E:\1.chenbo\1-program\11-LAMDataServer\lamdataserver\LAMProcessData\process_realtime_finedata.py changed, reloading.
2020-02-13 00:18:30,291 - shutdown - 111 - INFO - Shutting down thread pool
2020-02-13 00:18:32,685 - run_with_reloader - 578 - INFO - Watching for file changes with StatReloader
2020-02-13 00:18:32,974 - __init__ - 52 - INFO - Started thread pool with 0 core threads and 20 maximum threads
2020-02-13 00:18:32,975 - add_job - 287 - INFO - Adding job tentatively -- it will be properly scheduled when the scheduler starts
2020-02-13 00:18:32,975 - _real_add_job - 262 - INFO - Added job "mytask (trigger: interval[1 day, 0:00:00], next run at: 2020-02-13 00:18:42.974892)" to job store "default"
2020-02-13 00:18:32,975 - _main_loop - 574 - INFO - Scheduler started
2020-02-13 00:18:32,975 - _main_loop - 579 - DEBUG - Looking for jobs to run
2020-02-13 00:18:32,976 - _main_loop - 588 - DEBUG - Next wakeup is due at 2020-02-13 00:18:42.974892 (in 9.998006 seconds)
2020-02-13 00:18:32,988 - <module> - 57 - DEBUG - SendBefore_NotRecive : [<CNCProcessStatus: CNCProcessStatus object (2038721)>]
2020-02-13 00:18:32,988 - <module> - 58 - DEBUG - Waitfor_Recive : [2038721]
2020-02-13 00:18:39,769 - trigger_reload - 203 - INFO - E:\1.chenbo\1-program\11-LAMDataServer\lamdataserver\LAMProcessData\process_realtime_finedata.py changed, reloading.
2020-02-13 00:18:39,770 - shutdown - 111 - INFO - Shutting down thread pool
2020-02-13 00:18:42,403 - run_with_reloader - 578 - INFO - Watching for file changes with StatReloader
2020-02-13 00:18:42,719 - __init__ - 52 - INFO - Started thread pool with 0 core threads and 20 maximum threads
2020-02-13 00:18:42,719 - add_job - 287 - INFO - Adding job tentatively -- it will be properly scheduled when the scheduler starts
2020-02-13 00:18:42,719 - _real_add_job - 262 - INFO - Added job "mytask (trigger: interval[1 day, 0:00:00], next run at: 2020-02-13 00:18:52.719062)" to job store "default"
2020-02-13 00:18:42,719 - _main_loop - 574 - INFO - Scheduler started
2020-02-13 00:18:42,720 - _main_loop - 579 - DEBUG - Looking for jobs to run
2020-02-13 00:18:42,720 - _main_loop - 588 - DEBUG - Next wakeup is due at 2020-02-13 00:18:52.719062 (in 9.999012 seconds)
2020-02-13 00:18:42,732 - <module> - 57 - DEBUG - SendBefore_NotRecive : [<CNCProcessStatus: CNCProcessStatus object (2038721)>]
2020-02-13 00:18:42,732 - <module> - 58 - DEBUG - Waitfor_Recive : [2038721]
2020-02-13 00:18:52,721 - _main_loop - 579 - DEBUG - Looking for jobs to run
2020-02-13 00:18:52,721 - _run_jobs - 69 - DEBUG - Started worker thread
2020-02-13 00:18:52,721 - _main_loop - 588 - DEBUG - Next wakeup is due at 2020-02-14 00:18:52.719062 (in 86399.998019 seconds)
2020-02-13 00:18:52,721 - _run_job - 509 - INFO - Running job "mytask (trigger: interval[1 day, 0:00:00], next run at: 2020-02-14 00:18:52.719062)" (scheduled at 2020-02-13 00:18:52.719062)
2020-02-13 00:18:53,050 - _run_job - 520 - ERROR - Job "mytask (trigger: interval[1 day, 0:00:00], next run at: 2020-02-14 00:18:52.719062)" raised an exception
Traceback (most recent call last):
  File "D:\Python37\lib\site-packages\django\db\backends\utils.py", line 84, in _execute
    return self.cursor.execute(sql, params)
  File "D:\Python37\lib\site-packages\django\db\backends\mysql\base.py", line 71, in execute
    return self.cursor.execute(query, args)
  File "D:\Python37\lib\site-packages\MySQLdb\cursors.py", line 206, in execute
    res = self._query(query)
  File "D:\Python37\lib\site-packages\MySQLdb\cursors.py", line 312, in _query
    db.query(q)
  File "D:\Python37\lib\site-packages\MySQLdb\connections.py", line 224, in query
    _mysql.connection.query(self, query)
MySQLdb._exceptions.IntegrityError: (1062, "Duplicate entry '1581609600' for key 'LAMProcessData_process_r_acquisition_timestamp_a69ae90c_uniq'")

The above exception was the direct cause of the following exception:

Traceback (most recent call last):
  File "D:\Python37\lib\site-packages\apscheduler\scheduler.py", line 512, in _run_job
    retval = job.func(*job.args, **job.kwargs)
  File "E:\1.chenbo\1-program\11-LAMDataServer\lamdataserver\LAMProcessData\views.py", line 3535, in mytask
    RT_FineData.Realtime_FineData.init_Tomorrow_rows()
  File "E:\1.chenbo\1-program\11-LAMDataServer\lamdataserver\LAMProcessData\process_realtime_finedata.py", line 55, in init_Tomorrow_rows
    _model.objects.bulk_create(insert_data_list)
  File "D:\Python37\lib\site-packages\django\db\models\manager.py", line 82, in manager_method
    return getattr(self.get_queryset(), name)(*args, **kwargs)
  File "D:\Python37\lib\site-packages\django\db\models\query.py", line 474, in bulk_create
    ids = self._batched_insert(objs_without_pk, fields, batch_size, ignore_conflicts=ignore_conflicts)
  File "D:\Python37\lib\site-packages\django\db\models\query.py", line 1211, in _batched_insert
    self._insert(item, fields=fields, using=self.db, ignore_conflicts=ignore_conflicts)
  File "D:\Python37\lib\site-packages\django\db\models\query.py", line 1186, in _insert
    return query.get_compiler(using=using).execute_sql(return_id)
  File "D:\Python37\lib\site-packages\django\db\models\sql\compiler.py", line 1332, in execute_sql
    cursor.execute(sql, params)
  File "D:\Python37\lib\site-packages\django\db\backends\utils.py", line 99, in execute
    return super().execute(sql, params)
  File "D:\Python37\lib\site-packages\django\db\backends\utils.py", line 67, in execute
    return self._execute_with_wrappers(sql, params, many=False, executor=self._execute)
  File "D:\Python37\lib\site-packages\django\db\backends\utils.py", line 76, in _execute_with_wrappers
    return executor(sql, params, many, context)
  File "D:\Python37\lib\site-packages\django\db\backends\utils.py", line 84, in _execute
    return self.cursor.execute(sql, params)
  File "D:\Python37\lib\site-packages\django\db\utils.py", line 89, in __exit__
    raise dj_exc_value.with_traceback(traceback) from exc_value
  File "D:\Python37\lib\site-packages\django\db\backends\utils.py", line 84, in _execute
    return self.cursor.execute(sql, params)
  File "D:\Python37\lib\site-packages\django\db\backends\mysql\base.py", line 71, in execute
    return self.cursor.execute(query, args)
  File "D:\Python37\lib\site-packages\MySQLdb\cursors.py", line 206, in execute
    res = self._query(query)
  File "D:\Python37\lib\site-packages\MySQLdb\cursors.py", line 312, in _query
    db.query(q)
  File "D:\Python37\lib\site-packages\MySQLdb\connections.py", line 224, in query
    _mysql.connection.query(self, query)
django.db.utils.IntegrityError: (1062, "Duplicate entry '1581609600' for key 'LAMProcessData_process_r_acquisition_timestamp_a69ae90c_uniq'")
2020-02-13 00:18:54,056 - _run_jobs - 94 - DEBUG - Exiting worker thread
2020-02-13 00:19:22,045 - run_with_reloader - 578 - INFO - Watching for file changes with StatReloader
2020-02-13 00:19:22,327 - __init__ - 52 - INFO - Started thread pool with 0 core threads and 20 maximum threads
2020-02-13 00:19:22,327 - add_job - 287 - INFO - Adding job tentatively -- it will be properly scheduled when the scheduler starts
2020-02-13 00:19:22,327 - _real_add_job - 262 - INFO - Added job "mytask (trigger: interval[1 day, 0:00:00], next run at: 2020-02-13 00:19:32.327621)" to job store "default"
2020-02-13 00:19:22,328 - _main_loop - 574 - INFO - Scheduler started
2020-02-13 00:19:22,328 - _main_loop - 579 - DEBUG - Looking for jobs to run
2020-02-13 00:19:22,328 - _main_loop - 588 - DEBUG - Next wakeup is due at 2020-02-13 00:19:32.327621 (in 9.999003 seconds)
2020-02-13 00:19:22,342 - <module> - 57 - DEBUG - SendBefore_NotRecive : [<CNCProcessStatus: CNCProcessStatus object (2038721)>]
2020-02-13 00:19:22,342 - <module> - 58 - DEBUG - Waitfor_Recive : [2038721]
2020-02-13 00:19:32,329 - _main_loop - 579 - DEBUG - Looking for jobs to run
2020-02-13 00:19:32,329 - _run_jobs - 69 - DEBUG - Started worker thread
2020-02-13 00:19:32,329 - _main_loop - 588 - DEBUG - Next wakeup is due at 2020-02-14 00:19:32.327621 (in 86399.998597 seconds)
2020-02-13 00:19:32,329 - _run_job - 509 - INFO - Running job "mytask (trigger: interval[1 day, 0:00:00], next run at: 2020-02-14 00:19:32.327621)" (scheduled at 2020-02-13 00:19:32.327621)
2020-02-13 00:20:32,892 - _run_job - 527 - INFO - Job "mytask (trigger: interval[1 day, 0:00:00], next run at: 2020-02-14 00:19:32.327621)" executed successfully
2020-02-13 00:20:33,893 - _run_jobs - 94 - DEBUG - Exiting worker thread
2020-02-13 00:21:08,816 - trigger_reload - 203 - INFO - E:\1.chenbo\1-program\11-LAMDataServer\lamdataserver\LAMProcessData\views.py changed, reloading.
2020-02-13 00:21:08,817 - shutdown - 111 - INFO - Shutting down thread pool
2020-02-13 00:21:11,350 - run_with_reloader - 578 - INFO - Watching for file changes with StatReloader
2020-02-13 00:21:11,682 - __init__ - 52 - INFO - Started thread pool with 0 core threads and 20 maximum threads
2020-02-13 00:21:11,682 - add_job - 287 - INFO - Adding job tentatively -- it will be properly scheduled when the scheduler starts
2020-02-13 00:21:11,682 - _real_add_job - 262 - INFO - Added job "mytask (trigger: interval[1 day, 0:00:00], next run at: 2020-02-13 00:21:21.682813)" to job store "default"
2020-02-13 00:21:11,682 - _main_loop - 574 - INFO - Scheduler started
2020-02-13 00:21:11,683 - _main_loop - 579 - DEBUG - Looking for jobs to run
2020-02-13 00:21:11,683 - _main_loop - 588 - DEBUG - Next wakeup is due at 2020-02-13 00:21:21.682813 (in 9.999004 seconds)
2020-02-13 00:21:11,696 - <module> - 57 - DEBUG - SendBefore_NotRecive : [<CNCProcessStatus: CNCProcessStatus object (2038721)>]
2020-02-13 00:21:11,696 - <module> - 58 - DEBUG - Waitfor_Recive : [2038721]
2020-02-13 00:21:21,683 - _main_loop - 579 - DEBUG - Looking for jobs to run
2020-02-13 00:21:21,683 - _run_jobs - 69 - DEBUG - Started worker thread
2020-02-13 00:21:21,683 - _run_job - 509 - INFO - Running job "mytask (trigger: interval[1 day, 0:00:00], next run at: 2020-02-13 00:21:21.682813)" (scheduled at 2020-02-13 00:21:21.682813)
2020-02-13 00:21:21,684 - _main_loop - 588 - DEBUG - Next wakeup is due at 2020-02-14 00:21:21.682813 (in 86399.999003 seconds)
2020-02-13 00:21:21,686 - _run_job - 527 - INFO - Job "mytask (trigger: interval[1 day, 0:00:00], next run at: 2020-02-14 00:21:21.682813)" executed successfully
2020-02-13 00:21:22,687 - _run_jobs - 94 - DEBUG - Exiting worker thread
2020-02-13 00:21:39,354 - run_with_reloader - 578 - INFO - Watching for file changes with StatReloader
2020-02-13 00:21:39,619 - __init__ - 52 - INFO - Started thread pool with 0 core threads and 20 maximum threads
2020-02-13 00:21:39,619 - add_job - 287 - INFO - Adding job tentatively -- it will be properly scheduled when the scheduler starts
2020-02-13 00:21:39,619 - _real_add_job - 262 - INFO - Added job "mytask (trigger: interval[1 day, 0:00:00], next run at: 2020-02-13 00:21:49.619877)" to job store "default"
2020-02-13 00:21:39,620 - _main_loop - 574 - INFO - Scheduler started
2020-02-13 00:21:39,620 - _main_loop - 579 - DEBUG - Looking for jobs to run
2020-02-13 00:21:39,620 - _main_loop - 588 - DEBUG - Next wakeup is due at 2020-02-13 00:21:49.619877 (in 9.999004 seconds)
2020-02-13 00:21:39,633 - <module> - 57 - DEBUG - SendBefore_NotRecive : [<CNCProcessStatus: CNCProcessStatus object (2038721)>]
2020-02-13 00:21:39,633 - <module> - 58 - DEBUG - Waitfor_Recive : [2038721]
2020-02-13 00:21:49,621 - _main_loop - 579 - DEBUG - Looking for jobs to run
2020-02-13 00:21:49,621 - _run_jobs - 69 - DEBUG - Started worker thread
2020-02-13 00:21:49,621 - _run_job - 509 - INFO - Running job "mytask (trigger: interval[1 day, 0:00:00], next run at: 2020-02-13 00:21:49.619877)" (scheduled at 2020-02-13 00:21:49.619877)
2020-02-13 00:21:49,622 - _main_loop - 588 - DEBUG - Next wakeup is due at 2020-02-14 00:21:49.619877 (in 86399.998194 seconds)
2020-02-13 00:21:49,624 - _run_job - 527 - INFO - Job "mytask (trigger: interval[1 day, 0:00:00], next run at: 2020-02-14 00:21:49.619877)" executed successfully
2020-02-13 00:21:50,625 - _run_jobs - 94 - DEBUG - Exiting worker thread
