2020-05-12 00:19:08,846 - _real_add_job - 262 - INFO - Added job "regulartime_task (trigger: interval[1 day, 0:00:00], next run at: 2020-05-12 00:19:18.844422)" to job store "default"
2020-05-12 00:19:08,846 - _real_add_job - 262 - INFO - Added job "cleanup (trigger: cron[day_of_week='*', hour='3', minute='0', second='0'], next run at: 2020-05-12 03:00:00)" to job store "default"
2020-05-12 00:19:08,846 - _real_add_job - 262 - INFO - Added job "OpenLog (trigger: cron[hour='0'], next run at: 2020-05-13 00:00:00)" to job store "default"
2020-05-12 00:19:08,847 - _main_loop - 574 - INFO - Scheduler started
2020-05-12 00:19:08,847 - _main_loop - 579 - DEBUG - Looking for jobs to run
2020-05-12 00:19:08,847 - _main_loop - 588 - DEBUG - Next wakeup is due at 2020-05-12 00:19:18.844422 (in 9.996997 seconds)
2020-05-12 00:19:08,873 - <module> - 63 - DEBUG - SendBefore_NotRecive : [<CNCProcessStatus: CNCProcessStatus object (2038721)>]
2020-05-12 00:19:08,874 - <module> - 64 - DEBUG - Waitfor_Recive : [2038721]
2020-05-12 00:19:13,521 - log_response - 228 - WARNING - Not Found: /Images/registerNewSite/btn_addimg.png
2020-05-12 00:19:18,844 - _main_loop - 579 - DEBUG - Looking for jobs to run
2020-05-12 00:19:18,844 - _run_jobs - 69 - DEBUG - Started worker thread
2020-05-12 00:19:18,844 - _run_job - 509 - INFO - Running job "regulartime_task (trigger: interval[1 day, 0:00:00], next run at: 2020-05-12 00:19:18.844422)" (scheduled at 2020-05-12 00:19:18.844422)
2020-05-12 00:19:18,845 - _main_loop - 588 - DEBUG - Next wakeup is due at 2020-05-12 03:00:00 (in 9641.155478 seconds)
2020-05-12 00:19:19,785 - _run_job - 520 - ERROR - Job "regulartime_task (trigger: interval[1 day, 0:00:00], next run at: 2020-05-13 00:19:18.844422)" raised an exception
Traceback (most recent call last):
  File "D:\Program Files\Python37\lib\site-packages\django\db\backends\mysql\base.py", line 71, in execute
    return self.cursor.execute(query, args)
  File "D:\Program Files\Python37\lib\site-packages\MySQLdb\cursors.py", line 209, in execute
    res = self._query(query)
  File "D:\Program Files\Python37\lib\site-packages\MySQLdb\cursors.py", line 315, in _query
    db.query(q)
  File "D:\Program Files\Python37\lib\site-packages\MySQLdb\connections.py", line 239, in query
    _mysql.connection.query(self, query)
MySQLdb._exceptions.OperationalError: (1048, "Column 'laser_power' cannot be null")

During handling of the above exception, another exception occurred:

Traceback (most recent call last):
  File "D:\Program Files\Python37\lib\site-packages\apscheduler\scheduler.py", line 512, in _run_job
    retval = job.func(*job.args, **job.kwargs)
  File "E:\1-program\11-LAMDataServer\lamdataserver\LAMProcessData\views.py", line 5186, in regulartime_task
    RT_FineData.Realtime_FineData.init_Tomorrow_rows()
  File "E:\1-program\11-LAMDataServer\lamdataserver\LAMProcessData\process_realtime_finedata.py", line 193, in init_Tomorrow_rows
    _model.objects.bulk_create(insert_data_list)
  File "D:\Program Files\Python37\lib\site-packages\django\db\models\manager.py", line 82, in manager_method
    return getattr(self.get_queryset(), name)(*args, **kwargs)
  File "D:\Program Files\Python37\lib\site-packages\django\db\models\query.py", line 474, in bulk_create
    ids = self._batched_insert(objs_without_pk, fields, batch_size, ignore_conflicts=ignore_conflicts)
  File "D:\Program Files\Python37\lib\site-packages\django\db\models\query.py", line 1211, in _batched_insert
    self._insert(item, fields=fields, using=self.db, ignore_conflicts=ignore_conflicts)
  File "D:\Program Files\Python37\lib\site-packages\django\db\models\query.py", line 1186, in _insert
    return query.get_compiler(using=using).execute_sql(return_id)
  File "D:\Program Files\Python37\lib\site-packages\django\db\models\sql\compiler.py", line 1332, in execute_sql
    cursor.execute(sql, params)
  File "D:\Program Files\Python37\lib\site-packages\django\db\backends\utils.py", line 99, in execute
    return super().execute(sql, params)
  File "D:\Program Files\Python37\lib\site-packages\django\db\backends\utils.py", line 67, in execute
    return self._execute_with_wrappers(sql, params, many=False, executor=self._execute)
  File "D:\Program Files\Python37\lib\site-packages\django\db\backends\utils.py", line 76, in _execute_with_wrappers
    return executor(sql, params, many, context)
  File "D:\Program Files\Python37\lib\site-packages\django\db\backends\utils.py", line 84, in _execute
    return self.cursor.execute(sql, params)
  File "D:\Program Files\Python37\lib\site-packages\django\db\backends\mysql\base.py", line 76, in execute
    raise utils.IntegrityError(*tuple(e.args))
django.db.utils.IntegrityError: (1048, "Column 'laser_power' cannot be null")
2020-05-12 00:19:20,829 - _run_jobs - 94 - DEBUG - Exiting worker thread
2020-05-12 00:19:21,812 - log_response - 228 - WARNING - Not Found: /Images/registerNewSite/btn_addimg.png
2020-05-12 00:37:41,970 - _real_add_job - 262 - INFO - Added job "regulartime_task (trigger: interval[1 day, 0:00:00], next run at: 2020-05-12 00:37:51.967378)" to job store "default"
2020-05-12 00:37:41,971 - _real_add_job - 262 - INFO - Added job "cleanup (trigger: cron[day_of_week='*', hour='3', minute='0', second='0'], next run at: 2020-05-12 03:00:00)" to job store "default"
2020-05-12 00:37:41,971 - _real_add_job - 262 - INFO - Added job "OpenLog (trigger: cron[hour='0'], next run at: 2020-05-13 00:00:00)" to job store "default"
2020-05-12 00:37:41,972 - _main_loop - 574 - INFO - Scheduler started
2020-05-12 00:37:41,972 - _main_loop - 579 - DEBUG - Looking for jobs to run
2020-05-12 00:37:41,973 - _main_loop - 588 - DEBUG - Next wakeup is due at 2020-05-12 00:37:51.967378 (in 9.994063 seconds)
2020-05-12 00:37:41,997 - <module> - 63 - DEBUG - SendBefore_NotRecive : [<CNCProcessStatus: CNCProcessStatus object (2038721)>]
2020-05-12 00:37:41,997 - <module> - 64 - DEBUG - Waitfor_Recive : [2038721]
2020-05-12 00:37:51,969 - _main_loop - 579 - DEBUG - Looking for jobs to run
2020-05-12 00:37:51,970 - _run_jobs - 69 - DEBUG - Started worker thread
2020-05-12 00:37:51,970 - _run_job - 509 - INFO - Running job "regulartime_task (trigger: interval[1 day, 0:00:00], next run at: 2020-05-12 00:37:51.967378)" (scheduled at 2020-05-12 00:37:51.967378)
2020-05-12 00:37:51,970 - _main_loop - 588 - DEBUG - Next wakeup is due at 2020-05-12 03:00:00 (in 8528.030364 seconds)
2020-05-12 00:37:52,722 - _run_job - 520 - ERROR - Job "regulartime_task (trigger: interval[1 day, 0:00:00], next run at: 2020-05-13 00:37:51.967378)" raised an exception
Traceback (most recent call last):
  File "D:\Program Files\Python37\lib\site-packages\django\db\backends\utils.py", line 84, in _execute
    return self.cursor.execute(sql, params)
  File "D:\Program Files\Python37\lib\site-packages\django\db\backends\mysql\base.py", line 71, in execute
    return self.cursor.execute(query, args)
  File "D:\Program Files\Python37\lib\site-packages\MySQLdb\cursors.py", line 209, in execute
    res = self._query(query)
  File "D:\Program Files\Python37\lib\site-packages\MySQLdb\cursors.py", line 315, in _query
    db.query(q)
  File "D:\Program Files\Python37\lib\site-packages\MySQLdb\connections.py", line 239, in query
    _mysql.connection.query(self, query)
MySQLdb._exceptions.IntegrityError: (1062, "Duplicate entry '1589299200' for key 'LAMProcessData_process_r_acquisition_timestamp_a69ae90c_uniq'")

The above exception was the direct cause of the following exception:

Traceback (most recent call last):
  File "D:\Program Files\Python37\lib\site-packages\apscheduler\scheduler.py", line 512, in _run_job
    retval = job.func(*job.args, **job.kwargs)
  File "E:\1-program\11-LAMDataServer\lamdataserver\LAMProcessData\views.py", line 5186, in regulartime_task
    RT_FineData.Realtime_FineData.init_Tomorrow_rows()
  File "E:\1-program\11-LAMDataServer\lamdataserver\LAMProcessData\process_realtime_finedata.py", line 193, in init_Tomorrow_rows
    _model.objects.bulk_create(insert_data_list)
  File "D:\Program Files\Python37\lib\site-packages\django\db\models\manager.py", line 82, in manager_method
    return getattr(self.get_queryset(), name)(*args, **kwargs)
  File "D:\Program Files\Python37\lib\site-packages\django\db\models\query.py", line 474, in bulk_create
    ids = self._batched_insert(objs_without_pk, fields, batch_size, ignore_conflicts=ignore_conflicts)
  File "D:\Program Files\Python37\lib\site-packages\django\db\models\query.py", line 1211, in _batched_insert
    self._insert(item, fields=fields, using=self.db, ignore_conflicts=ignore_conflicts)
  File "D:\Program Files\Python37\lib\site-packages\django\db\models\query.py", line 1186, in _insert
    return query.get_compiler(using=using).execute_sql(return_id)
  File "D:\Program Files\Python37\lib\site-packages\django\db\models\sql\compiler.py", line 1332, in execute_sql
    cursor.execute(sql, params)
  File "D:\Program Files\Python37\lib\site-packages\django\db\backends\utils.py", line 99, in execute
    return super().execute(sql, params)
  File "D:\Program Files\Python37\lib\site-packages\django\db\backends\utils.py", line 67, in execute
    return self._execute_with_wrappers(sql, params, many=False, executor=self._execute)
  File "D:\Program Files\Python37\lib\site-packages\django\db\backends\utils.py", line 76, in _execute_with_wrappers
    return executor(sql, params, many, context)
  File "D:\Program Files\Python37\lib\site-packages\django\db\backends\utils.py", line 84, in _execute
    return self.cursor.execute(sql, params)
  File "D:\Program Files\Python37\lib\site-packages\django\db\utils.py", line 89, in __exit__
    raise dj_exc_value.with_traceback(traceback) from exc_value
  File "D:\Program Files\Python37\lib\site-packages\django\db\backends\utils.py", line 84, in _execute
    return self.cursor.execute(sql, params)
  File "D:\Program Files\Python37\lib\site-packages\django\db\backends\mysql\base.py", line 71, in execute
    return self.cursor.execute(query, args)
  File "D:\Program Files\Python37\lib\site-packages\MySQLdb\cursors.py", line 209, in execute
    res = self._query(query)
  File "D:\Program Files\Python37\lib\site-packages\MySQLdb\cursors.py", line 315, in _query
    db.query(q)
  File "D:\Program Files\Python37\lib\site-packages\MySQLdb\connections.py", line 239, in query
    _mysql.connection.query(self, query)
django.db.utils.IntegrityError: (1062, "Duplicate entry '1589299200' for key 'LAMProcessData_process_r_acquisition_timestamp_a69ae90c_uniq'")
2020-05-12 00:37:53,735 - _run_jobs - 94 - DEBUG - Exiting worker thread
2020-05-12 00:38:14,975 - log_response - 228 - WARNING - Not Found: /LAMProcessData/InspectionRecords/NonDestructiveTest/server/fileupload.php
2020-05-12 00:38:14,998 - log_response - 228 - WARNING - Not Found: /LAMProcessData/InspectionRecords/NonDestructiveTest/server/fileupload.php
2020-05-12 00:38:23,015 - log_response - 228 - WARNING - Not Found: /LAMProcessData/InspectionRecords/NonDestructiveTest/server/fileupload.php
2020-05-12 00:38:23,047 - log_response - 228 - WARNING - Not Found: /LAMProcessData/InspectionRecords/NonDestructiveTest/server/fileupload.php
2020-05-12 00:48:19,883 - log_response - 228 - WARNING - Not Found: /LAMProcessData/InspectionRecords/NonDestructiveTest/server/fileupload.php
2020-05-12 00:48:44,134 - log_response - 228 - WARNING - Not Found: /LAMProcessData/InspectionRecords/NonDestructiveTest/server/fileupload.php
2020-05-12 07:02:41,178 - _real_add_job - 262 - INFO - Added job "regulartime_task (trigger: interval[1 day, 0:00:00], next run at: 2020-05-12 07:02:51.176442)" to job store "default"
2020-05-12 07:02:41,178 - _real_add_job - 262 - INFO - Added job "cleanup (trigger: cron[day_of_week='*', hour='3', minute='0', second='0'], next run at: 2020-05-13 03:00:00)" to job store "default"
2020-05-12 07:02:41,178 - _real_add_job - 262 - INFO - Added job "OpenLog (trigger: cron[hour='0'], next run at: 2020-05-13 00:00:00)" to job store "default"
2020-05-12 07:02:41,179 - _main_loop - 574 - INFO - Scheduler started
2020-05-12 07:02:41,179 - _main_loop - 579 - DEBUG - Looking for jobs to run
2020-05-12 07:02:41,180 - _main_loop - 588 - DEBUG - Next wakeup is due at 2020-05-12 07:02:51.176442 (in 9.996011 seconds)
2020-05-12 07:02:41,218 - <module> - 63 - DEBUG - SendBefore_NotRecive : [<CNCProcessStatus: CNCProcessStatus object (2038721)>]
2020-05-12 07:02:41,219 - <module> - 64 - DEBUG - Waitfor_Recive : [2038721]
2020-05-12 07:02:47,983 - log_response - 228 - WARNING - Not Found: /favicon.ico
2020-05-12 07:02:48,549 - log_response - 228 - WARNING - Not Found: /favicon.ico
2020-05-12 07:02:49,150 - log_response - 228 - WARNING - Not Found: /favicon.ico
2020-05-12 07:02:49,766 - log_response - 228 - WARNING - Not Found: /favicon.ico
2020-05-12 07:02:50,384 - log_response - 228 - WARNING - Not Found: /favicon.ico
2020-05-12 07:02:51,178 - _main_loop - 579 - DEBUG - Looking for jobs to run
2020-05-12 07:02:51,178 - _run_jobs - 69 - DEBUG - Started worker thread
2020-05-12 07:02:51,178 - _main_loop - 588 - DEBUG - Next wakeup is due at 2020-05-13 00:00:00 (in 61028.821707 seconds)
2020-05-12 07:02:51,179 - _run_job - 509 - INFO - Running job "regulartime_task (trigger: interval[1 day, 0:00:00], next run at: 2020-05-13 07:02:51.176442)" (scheduled at 2020-05-12 07:02:51.176442)
2020-05-12 07:02:51,509 - _run_job - 520 - ERROR - Job "regulartime_task (trigger: interval[1 day, 0:00:00], next run at: 2020-05-13 07:02:51.176442)" raised an exception
Traceback (most recent call last):
  File "D:\Program Files\Python37\lib\site-packages\django\db\backends\utils.py", line 84, in _execute
    return self.cursor.execute(sql, params)
  File "D:\Program Files\Python37\lib\site-packages\django\db\backends\mysql\base.py", line 71, in execute
    return self.cursor.execute(query, args)
  File "D:\Program Files\Python37\lib\site-packages\MySQLdb\cursors.py", line 209, in execute
    res = self._query(query)
  File "D:\Program Files\Python37\lib\site-packages\MySQLdb\cursors.py", line 315, in _query
    db.query(q)
  File "D:\Program Files\Python37\lib\site-packages\MySQLdb\connections.py", line 239, in query
    _mysql.connection.query(self, query)
MySQLdb._exceptions.IntegrityError: (1062, "Duplicate entry '1589299200' for key 'LAMProcessData_process_r_acquisition_timestamp_a69ae90c_uniq'")

The above exception was the direct cause of the following exception:

Traceback (most recent call last):
  File "D:\Program Files\Python37\lib\site-packages\apscheduler\scheduler.py", line 512, in _run_job
    retval = job.func(*job.args, **job.kwargs)
  File "E:\1-program\11-LAMDataServer\lamdataserver\LAMProcessData\views.py", line 5186, in regulartime_task
    RT_FineData.Realtime_FineData.init_Tomorrow_rows()
  File "E:\1-program\11-LAMDataServer\lamdataserver\LAMProcessData\process_realtime_finedata.py", line 193, in init_Tomorrow_rows
    _model.objects.bulk_create(insert_data_list)
  File "D:\Program Files\Python37\lib\site-packages\django\db\models\manager.py", line 82, in manager_method
    return getattr(self.get_queryset(), name)(*args, **kwargs)
  File "D:\Program Files\Python37\lib\site-packages\django\db\models\query.py", line 474, in bulk_create
    ids = self._batched_insert(objs_without_pk, fields, batch_size, ignore_conflicts=ignore_conflicts)
  File "D:\Program Files\Python37\lib\site-packages\django\db\models\query.py", line 1211, in _batched_insert
    self._insert(item, fields=fields, using=self.db, ignore_conflicts=ignore_conflicts)
  File "D:\Program Files\Python37\lib\site-packages\django\db\models\query.py", line 1186, in _insert
    return query.get_compiler(using=using).execute_sql(return_id)
  File "D:\Program Files\Python37\lib\site-packages\django\db\models\sql\compiler.py", line 1332, in execute_sql
    cursor.execute(sql, params)
  File "D:\Program Files\Python37\lib\site-packages\django\db\backends\utils.py", line 99, in execute
    return super().execute(sql, params)
  File "D:\Program Files\Python37\lib\site-packages\django\db\backends\utils.py", line 67, in execute
    return self._execute_with_wrappers(sql, params, many=False, executor=self._execute)
  File "D:\Program Files\Python37\lib\site-packages\django\db\backends\utils.py", line 76, in _execute_with_wrappers
    return executor(sql, params, many, context)
  File "D:\Program Files\Python37\lib\site-packages\django\db\backends\utils.py", line 84, in _execute
    return self.cursor.execute(sql, params)
  File "D:\Program Files\Python37\lib\site-packages\django\db\utils.py", line 89, in __exit__
    raise dj_exc_value.with_traceback(traceback) from exc_value
  File "D:\Program Files\Python37\lib\site-packages\django\db\backends\utils.py", line 84, in _execute
    return self.cursor.execute(sql, params)
  File "D:\Program Files\Python37\lib\site-packages\django\db\backends\mysql\base.py", line 71, in execute
    return self.cursor.execute(query, args)
  File "D:\Program Files\Python37\lib\site-packages\MySQLdb\cursors.py", line 209, in execute
    res = self._query(query)
  File "D:\Program Files\Python37\lib\site-packages\MySQLdb\cursors.py", line 315, in _query
    db.query(q)
  File "D:\Program Files\Python37\lib\site-packages\MySQLdb\connections.py", line 239, in query
    _mysql.connection.query(self, query)
django.db.utils.IntegrityError: (1062, "Duplicate entry '1589299200' for key 'LAMProcessData_process_r_acquisition_timestamp_a69ae90c_uniq'")
2020-05-12 07:02:52,522 - _run_jobs - 94 - DEBUG - Exiting worker thread
2020-05-12 07:03:01,735 - log_response - 228 - WARNING - Not Found: /favicon.ico
2020-05-12 07:04:32,695 - log_response - 228 - WARNING - Not Found: /favicon.ico
2020-05-12 07:04:35,176 - log_response - 228 - WARNING - Not Found: /favicon.ico
2020-05-12 07:13:04,055 - log_response - 228 - WARNING - Not Found: /favicon.ico
