2020-03-21 19:35:16,187 - _real_add_job - 262 - INFO - Added job "regulartime_task (trigger: interval[1 day, 0:00:00], next run at: 2020-03-21 19:35:26.185372)" to job store "default"
2020-03-21 19:35:16,187 - _real_add_job - 262 - INFO - Added job "cleanup (trigger: cron[day_of_week='*', hour='3', minute='0', second='0'], next run at: 2020-03-22 03:00:00)" to job store "default"
2020-03-21 19:35:16,187 - _real_add_job - 262 - INFO - Added job "OpenLog (trigger: cron[hour='0'], next run at: 2020-03-22 00:00:00)" to job store "default"
2020-03-21 19:35:16,188 - _main_loop - 574 - INFO - Scheduler started
2020-03-21 19:35:16,188 - _main_loop - 579 - DEBUG - Looking for jobs to run
2020-03-21 19:35:16,188 - _main_loop - 588 - DEBUG - Next wakeup is due at 2020-03-21 19:35:26.185372 (in 9.997008 seconds)
2020-03-21 19:35:16,210 - <module> - 58 - DEBUG - SendBefore_NotRecive : [<CNCProcessStatus: CNCProcessStatus object (2038721)>]
2020-03-21 19:35:16,210 - <module> - 59 - DEBUG - Waitfor_Recive : [2038721]
2020-03-21 19:35:16,463 - shutdown - 111 - INFO - Shutting down thread pool
2020-03-21 19:35:23,080 - _real_add_job - 262 - INFO - Added job "regulartime_task (trigger: interval[1 day, 0:00:00], next run at: 2020-03-21 19:35:33.079095)" to job store "default"
2020-03-21 19:35:23,080 - _real_add_job - 262 - INFO - Added job "cleanup (trigger: cron[day_of_week='*', hour='3', minute='0', second='0'], next run at: 2020-03-22 03:00:00)" to job store "default"
2020-03-21 19:35:23,080 - _real_add_job - 262 - INFO - Added job "OpenLog (trigger: cron[hour='0'], next run at: 2020-03-22 00:00:00)" to job store "default"
2020-03-21 19:35:23,081 - _main_loop - 574 - INFO - Scheduler started
2020-03-21 19:35:23,081 - _main_loop - 579 - DEBUG - Looking for jobs to run
2020-03-21 19:35:23,081 - _main_loop - 588 - DEBUG - Next wakeup is due at 2020-03-21 19:35:33.079095 (in 9.998048 seconds)
2020-03-21 19:35:23,093 - <module> - 58 - DEBUG - SendBefore_NotRecive : [<CNCProcessStatus: CNCProcessStatus object (2038721)>]
2020-03-21 19:35:23,093 - <module> - 59 - DEBUG - Waitfor_Recive : [2038721]
2020-03-21 19:35:23,298 - shutdown - 111 - INFO - Shutting down thread pool
2020-03-21 19:35:35,056 - _real_add_job - 262 - INFO - Added job "regulartime_task (trigger: interval[1 day, 0:00:00], next run at: 2020-03-21 19:35:45.055523)" to job store "default"
2020-03-21 19:35:35,057 - _real_add_job - 262 - INFO - Added job "cleanup (trigger: cron[day_of_week='*', hour='3', minute='0', second='0'], next run at: 2020-03-22 03:00:00)" to job store "default"
2020-03-21 19:35:35,057 - _real_add_job - 262 - INFO - Added job "OpenLog (trigger: cron[hour='0'], next run at: 2020-03-22 00:00:00)" to job store "default"
2020-03-21 19:35:35,057 - _main_loop - 574 - INFO - Scheduler started
2020-03-21 19:35:35,057 - _main_loop - 579 - DEBUG - Looking for jobs to run
2020-03-21 19:35:35,058 - _main_loop - 588 - DEBUG - Next wakeup is due at 2020-03-21 19:35:45.055523 (in 9.996984 seconds)
2020-03-21 19:35:35,067 - <module> - 58 - DEBUG - SendBefore_NotRecive : [<CNCProcessStatus: CNCProcessStatus object (2038721)>]
2020-03-21 19:35:35,068 - <module> - 59 - DEBUG - Waitfor_Recive : [2038721]
2020-03-21 19:35:35,412 - shutdown - 111 - INFO - Shutting down thread pool
2020-03-21 19:35:39,961 - _real_add_job - 262 - INFO - Added job "regulartime_task (trigger: interval[1 day, 0:00:00], next run at: 2020-03-21 19:35:49.960677)" to job store "default"
2020-03-21 19:35:39,961 - _real_add_job - 262 - INFO - Added job "cleanup (trigger: cron[day_of_week='*', hour='3', minute='0', second='0'], next run at: 2020-03-22 03:00:00)" to job store "default"
2020-03-21 19:35:39,961 - _real_add_job - 262 - INFO - Added job "OpenLog (trigger: cron[hour='0'], next run at: 2020-03-22 00:00:00)" to job store "default"
2020-03-21 19:35:39,962 - _main_loop - 574 - INFO - Scheduler started
2020-03-21 19:35:39,962 - _main_loop - 579 - DEBUG - Looking for jobs to run
2020-03-21 19:35:39,962 - _main_loop - 588 - DEBUG - Next wakeup is due at 2020-03-21 19:35:49.960677 (in 9.998003 seconds)
2020-03-21 19:35:39,972 - <module> - 58 - DEBUG - SendBefore_NotRecive : [<CNCProcessStatus: CNCProcessStatus object (2038721)>]
2020-03-21 19:35:39,972 - <module> - 59 - DEBUG - Waitfor_Recive : [2038721]
2020-03-21 19:35:40,177 - shutdown - 111 - INFO - Shutting down thread pool
2020-03-21 20:04:27,359 - _real_add_job - 262 - INFO - Added job "regulartime_task (trigger: interval[1 day, 0:00:00], next run at: 2020-03-21 20:04:37.358850)" to job store "default"
2020-03-21 20:04:27,359 - _real_add_job - 262 - INFO - Added job "cleanup (trigger: cron[day_of_week='*', hour='3', minute='0', second='0'], next run at: 2020-03-22 03:00:00)" to job store "default"
2020-03-21 20:04:27,359 - _real_add_job - 262 - INFO - Added job "OpenLog (trigger: cron[hour='0'], next run at: 2020-03-22 00:00:00)" to job store "default"
2020-03-21 20:04:27,359 - _main_loop - 574 - INFO - Scheduler started
2020-03-21 20:04:27,360 - _main_loop - 579 - DEBUG - Looking for jobs to run
2020-03-21 20:04:27,360 - _main_loop - 588 - DEBUG - Next wakeup is due at 2020-03-21 20:04:37.358850 (in 9.998041 seconds)
2020-03-21 20:04:27,371 - <module> - 58 - DEBUG - SendBefore_NotRecive : [<CNCProcessStatus: CNCProcessStatus object (2038721)>]
2020-03-21 20:04:27,371 - <module> - 59 - DEBUG - Waitfor_Recive : [2038721]
2020-03-21 20:04:27,587 - shutdown - 111 - INFO - Shutting down thread pool
2020-03-21 20:04:32,342 - _real_add_job - 262 - INFO - Added job "regulartime_task (trigger: interval[1 day, 0:00:00], next run at: 2020-03-21 20:04:42.341008)" to job store "default"
2020-03-21 20:04:32,342 - _real_add_job - 262 - INFO - Added job "cleanup (trigger: cron[day_of_week='*', hour='3', minute='0', second='0'], next run at: 2020-03-22 03:00:00)" to job store "default"
2020-03-21 20:04:32,342 - _real_add_job - 262 - INFO - Added job "OpenLog (trigger: cron[hour='0'], next run at: 2020-03-22 00:00:00)" to job store "default"
2020-03-21 20:04:32,343 - _main_loop - 574 - INFO - Scheduler started
2020-03-21 20:04:32,343 - _main_loop - 579 - DEBUG - Looking for jobs to run
2020-03-21 20:04:32,343 - _main_loop - 588 - DEBUG - Next wakeup is due at 2020-03-21 20:04:42.341008 (in 9.998006 seconds)
2020-03-21 20:04:32,354 - <module> - 58 - DEBUG - SendBefore_NotRecive : [<CNCProcessStatus: CNCProcessStatus object (2038721)>]
2020-03-21 20:04:32,355 - <module> - 59 - DEBUG - Waitfor_Recive : [2038721]
2020-03-21 20:04:32,805 - shutdown - 111 - INFO - Shutting down thread pool
2020-03-21 20:45:32,602 - _real_add_job - 262 - INFO - Added job "regulartime_task (trigger: interval[1 day, 0:00:00], next run at: 2020-03-21 20:45:42.601240)" to job store "default"
2020-03-21 20:45:32,602 - _real_add_job - 262 - INFO - Added job "cleanup (trigger: cron[day_of_week='*', hour='3', minute='0', second='0'], next run at: 2020-03-22 03:00:00)" to job store "default"
2020-03-21 20:45:32,603 - _real_add_job - 262 - INFO - Added job "OpenLog (trigger: cron[hour='0'], next run at: 2020-03-22 00:00:00)" to job store "default"
2020-03-21 20:45:32,603 - _main_loop - 574 - INFO - Scheduler started
2020-03-21 20:45:32,603 - _main_loop - 579 - DEBUG - Looking for jobs to run
2020-03-21 20:45:32,603 - _main_loop - 588 - DEBUG - Next wakeup is due at 2020-03-21 20:45:42.601240 (in 9.998018 seconds)
2020-03-21 20:45:32,627 - <module> - 58 - DEBUG - SendBefore_NotRecive : [<CNCProcessStatus: CNCProcessStatus object (2038721)>]
2020-03-21 20:45:32,628 - <module> - 59 - DEBUG - Waitfor_Recive : [2038721]
2020-03-21 20:45:32,847 - shutdown - 111 - INFO - Shutting down thread pool
2020-03-21 20:45:35,582 - _real_add_job - 262 - INFO - Added job "regulartime_task (trigger: interval[1 day, 0:00:00], next run at: 2020-03-21 20:45:45.580453)" to job store "default"
2020-03-21 20:45:35,582 - _real_add_job - 262 - INFO - Added job "cleanup (trigger: cron[day_of_week='*', hour='3', minute='0', second='0'], next run at: 2020-03-22 03:00:00)" to job store "default"
2020-03-21 20:45:35,582 - _real_add_job - 262 - INFO - Added job "OpenLog (trigger: cron[hour='0'], next run at: 2020-03-22 00:00:00)" to job store "default"
2020-03-21 20:45:35,582 - _main_loop - 574 - INFO - Scheduler started
2020-03-21 20:45:35,583 - _main_loop - 579 - DEBUG - Looking for jobs to run
2020-03-21 20:45:35,583 - _main_loop - 588 - DEBUG - Next wakeup is due at 2020-03-21 20:45:45.580453 (in 9.997010 seconds)
2020-03-21 20:45:35,594 - <module> - 58 - DEBUG - SendBefore_NotRecive : [<CNCProcessStatus: CNCProcessStatus object (2038721)>]
2020-03-21 20:45:35,594 - <module> - 59 - DEBUG - Waitfor_Recive : [2038721]
2020-03-21 20:45:35,951 - shutdown - 111 - INFO - Shutting down thread pool
