2020-04-13 00:17:46,234 - _real_add_job - 262 - INFO - Added job "regulartime_task (trigger: interval[1 day, 0:00:00], next run at: 2020-04-13 00:17:56.231433)" to job store "default"
2020-04-13 00:17:46,244 - _real_add_job - 262 - INFO - Added job "cleanup (trigger: cron[day_of_week='*', hour='3', minute='0', second='0'], next run at: 2020-04-13 03:00:00)" to job store "default"
2020-04-13 00:17:46,245 - _real_add_job - 262 - INFO - Added job "OpenLog (trigger: cron[hour='0'], next run at: 2020-04-14 00:00:00)" to job store "default"
2020-04-13 00:17:46,247 - _main_loop - 574 - INFO - Scheduler started
2020-04-13 00:17:46,247 - _main_loop - 579 - DEBUG - Looking for jobs to run
2020-04-13 00:17:46,247 - _main_loop - 588 - DEBUG - Next wakeup is due at 2020-04-13 00:17:56.231433 (in 9.984079 seconds)
2020-04-13 00:17:46,265 - <module> - 60 - DEBUG - SendBefore_NotRecive : [<CNCProcessStatus: CNCProcessStatus object (2038721)>]
2020-04-13 00:17:46,265 - <module> - 61 - DEBUG - Waitfor_Recive : [2038721]
2020-04-13 00:18:04,565 - _real_add_job - 262 - INFO - Added job "regulartime_task (trigger: interval[1 day, 0:00:00], next run at: 2020-04-13 00:18:14.549894)" to job store "default"
2020-04-13 00:18:04,565 - _real_add_job - 262 - INFO - Added job "cleanup (trigger: cron[day_of_week='*', hour='3', minute='0', second='0'], next run at: 2020-04-13 03:00:00)" to job store "default"
2020-04-13 00:18:04,565 - _real_add_job - 262 - INFO - Added job "OpenLog (trigger: cron[hour='0'], next run at: 2020-04-14 00:00:00)" to job store "default"
2020-04-13 00:18:04,565 - _main_loop - 574 - INFO - Scheduler started
2020-04-13 00:18:04,565 - _main_loop - 579 - DEBUG - Looking for jobs to run
2020-04-13 00:18:04,565 - _main_loop - 588 - DEBUG - Next wakeup is due at 2020-04-13 00:18:14.549894 (in 9.984396 seconds)
2020-04-13 00:18:04,581 - <module> - 60 - DEBUG - SendBefore_NotRecive : [<CNCProcessStatus: CNCProcessStatus object (2038721)>]
2020-04-13 00:18:04,581 - <module> - 61 - DEBUG - Waitfor_Recive : [2038721]
2020-04-13 00:18:13,596 - log_response - 228 - WARNING - Not Found: /
2020-04-13 00:18:14,560 - _main_loop - 579 - DEBUG - Looking for jobs to run
2020-04-13 00:18:14,564 - _run_jobs - 69 - DEBUG - Started worker thread
2020-04-13 00:18:14,565 - _main_loop - 588 - DEBUG - Next wakeup is due at 2020-04-13 03:00:00 (in 9705.438979 seconds)
2020-04-13 00:18:14,567 - _run_job - 509 - INFO - Running job "regulartime_task (trigger: interval[1 day, 0:00:00], next run at: 2020-04-14 00:18:14.549894)" (scheduled at 2020-04-13 00:18:14.549894)
2020-04-13 00:18:16,611 - _run_job - 520 - ERROR - Job "regulartime_task (trigger: interval[1 day, 0:00:00], next run at: 2020-04-14 00:18:14.549894)" raised an exception
Traceback (most recent call last):
  File "D:\Program Files\Python37\lib\site-packages\django\db\backends\mysql\base.py", line 71, in execute
    return self.cursor.execute(query, args)
  File "D:\Program Files\Python37\lib\site-packages\MySQLdb\cursors.py", line 209, in execute
    res = self._query(query)
  File "D:\Program Files\Python37\lib\site-packages\MySQLdb\cursors.py", line 315, in _query
    db.query(q)
  File "D:\Program Files\Python37\lib\site-packages\MySQLdb\connections.py", line 239, in query
    _mysql.connection.query(self, query)
MySQLdb._exceptions.OperationalError: (1048, "Column 'laser_power' cannot be null")

During handling of the above exception, another exception occurred:

Traceback (most recent call last):
  File "D:\Program Files\Python37\lib\site-packages\apscheduler\scheduler.py", line 512, in _run_job
    retval = job.func(*job.args, **job.kwargs)
  File "E:\1-program\11-LAMDataServer\lamdataserver\LAMProcessData\views.py", line 4818, in regulartime_task
    RT_FineData.Realtime_FineData.init_Tomorrow_rows()
  File "E:\1-program\11-LAMDataServer\lamdataserver\LAMProcessData\process_realtime_finedata.py", line 193, in init_Tomorrow_rows
    _model.objects.bulk_create(insert_data_list)
  File "D:\Program Files\Python37\lib\site-packages\django\db\models\manager.py", line 82, in manager_method
    return getattr(self.get_queryset(), name)(*args, **kwargs)
  File "D:\Program Files\Python37\lib\site-packages\django\db\models\query.py", line 474, in bulk_create
    ids = self._batched_insert(objs_without_pk, fields, batch_size, ignore_conflicts=ignore_conflicts)
  File "D:\Program Files\Python37\lib\site-packages\django\db\models\query.py", line 1211, in _batched_insert
    self._insert(item, fields=fields, using=self.db, ignore_conflicts=ignore_conflicts)
  File "D:\Program Files\Python37\lib\site-packages\django\db\models\query.py", line 1186, in _insert
    return query.get_compiler(using=using).execute_sql(return_id)
  File "D:\Program Files\Python37\lib\site-packages\django\db\models\sql\compiler.py", line 1332, in execute_sql
    cursor.execute(sql, params)
  File "D:\Program Files\Python37\lib\site-packages\django\db\backends\utils.py", line 99, in execute
    return super().execute(sql, params)
  File "D:\Program Files\Python37\lib\site-packages\django\db\backends\utils.py", line 67, in execute
    return self._execute_with_wrappers(sql, params, many=False, executor=self._execute)
  File "D:\Program Files\Python37\lib\site-packages\django\db\backends\utils.py", line 76, in _execute_with_wrappers
    return executor(sql, params, many, context)
  File "D:\Program Files\Python37\lib\site-packages\django\db\backends\utils.py", line 84, in _execute
    return self.cursor.execute(sql, params)
  File "D:\Program Files\Python37\lib\site-packages\django\db\backends\mysql\base.py", line 76, in execute
    raise utils.IntegrityError(*tuple(e.args))
django.db.utils.IntegrityError: (1048, "Column 'laser_power' cannot be null")
2020-04-13 00:18:17,322 - log_response - 228 - WARNING - Not Found: /favicon.ico
2020-04-13 00:18:17,620 - _run_jobs - 94 - DEBUG - Exiting worker thread
2020-04-13 00:18:17,935 - log_response - 228 - WARNING - Not Found: /favicon.ico
2020-04-13 00:18:18,536 - log_response - 228 - WARNING - Not Found: /favicon.ico
2020-04-13 00:18:19,135 - log_response - 228 - WARNING - Not Found: /favicon.ico
2020-04-13 00:18:37,802 - _real_add_job - 262 - INFO - Added job "regulartime_task (trigger: interval[1 day, 0:00:00], next run at: 2020-04-13 00:18:47.800215)" to job store "default"
2020-04-13 00:18:37,802 - _real_add_job - 262 - INFO - Added job "cleanup (trigger: cron[day_of_week='*', hour='3', minute='0', second='0'], next run at: 2020-04-13 03:00:00)" to job store "default"
2020-04-13 00:18:37,803 - _real_add_job - 262 - INFO - Added job "OpenLog (trigger: cron[hour='0'], next run at: 2020-04-14 00:00:00)" to job store "default"
2020-04-13 00:18:37,803 - _main_loop - 574 - INFO - Scheduler started
2020-04-13 00:18:37,803 - _main_loop - 579 - DEBUG - Looking for jobs to run
2020-04-13 00:18:37,803 - _main_loop - 588 - DEBUG - Next wakeup is due at 2020-04-13 00:18:47.800215 (in 9.996404 seconds)
2020-04-13 00:18:37,818 - <module> - 60 - DEBUG - SendBefore_NotRecive : [<CNCProcessStatus: CNCProcessStatus object (2038721)>]
2020-04-13 00:18:37,819 - <module> - 61 - DEBUG - Waitfor_Recive : [2038721]
2020-04-13 00:18:47,801 - _main_loop - 579 - DEBUG - Looking for jobs to run
2020-04-13 00:18:47,805 - _run_jobs - 69 - DEBUG - Started worker thread
2020-04-13 00:18:47,806 - _run_job - 509 - INFO - Running job "regulartime_task (trigger: interval[1 day, 0:00:00], next run at: 2020-04-13 00:18:47.800215)" (scheduled at 2020-04-13 00:18:47.800215)
2020-04-13 00:18:47,808 - _main_loop - 588 - DEBUG - Next wakeup is due at 2020-04-13 03:00:00 (in 9672.197965 seconds)
2020-04-13 00:18:48,824 - _run_job - 520 - ERROR - Job "regulartime_task (trigger: interval[1 day, 0:00:00], next run at: 2020-04-14 00:18:47.800215)" raised an exception
Traceback (most recent call last):
  File "D:\Program Files\Python37\lib\site-packages\django\db\backends\utils.py", line 84, in _execute
    return self.cursor.execute(sql, params)
  File "D:\Program Files\Python37\lib\site-packages\django\db\backends\mysql\base.py", line 71, in execute
    return self.cursor.execute(query, args)
  File "D:\Program Files\Python37\lib\site-packages\MySQLdb\cursors.py", line 209, in execute
    res = self._query(query)
  File "D:\Program Files\Python37\lib\site-packages\MySQLdb\cursors.py", line 315, in _query
    db.query(q)
  File "D:\Program Files\Python37\lib\site-packages\MySQLdb\connections.py", line 239, in query
    _mysql.connection.query(self, query)
MySQLdb._exceptions.IntegrityError: (1062, "Duplicate entry '1586793600' for key 'LAMProcessData_process_r_acquisition_timestamp_a69ae90c_uniq'")

The above exception was the direct cause of the following exception:

Traceback (most recent call last):
  File "D:\Program Files\Python37\lib\site-packages\apscheduler\scheduler.py", line 512, in _run_job
    retval = job.func(*job.args, **job.kwargs)
  File "E:\1-program\11-LAMDataServer\lamdataserver\LAMProcessData\views.py", line 4818, in regulartime_task
    RT_FineData.Realtime_FineData.init_Tomorrow_rows()
  File "E:\1-program\11-LAMDataServer\lamdataserver\LAMProcessData\process_realtime_finedata.py", line 193, in init_Tomorrow_rows
    _model.objects.bulk_create(insert_data_list)
  File "D:\Program Files\Python37\lib\site-packages\django\db\models\manager.py", line 82, in manager_method
    return getattr(self.get_queryset(), name)(*args, **kwargs)
  File "D:\Program Files\Python37\lib\site-packages\django\db\models\query.py", line 474, in bulk_create
    ids = self._batched_insert(objs_without_pk, fields, batch_size, ignore_conflicts=ignore_conflicts)
  File "D:\Program Files\Python37\lib\site-packages\django\db\models\query.py", line 1211, in _batched_insert
    self._insert(item, fields=fields, using=self.db, ignore_conflicts=ignore_conflicts)
  File "D:\Program Files\Python37\lib\site-packages\django\db\models\query.py", line 1186, in _insert
    return query.get_compiler(using=using).execute_sql(return_id)
  File "D:\Program Files\Python37\lib\site-packages\django\db\models\sql\compiler.py", line 1332, in execute_sql
    cursor.execute(sql, params)
  File "D:\Program Files\Python37\lib\site-packages\django\db\backends\utils.py", line 99, in execute
    return super().execute(sql, params)
  File "D:\Program Files\Python37\lib\site-packages\django\db\backends\utils.py", line 67, in execute
    return self._execute_with_wrappers(sql, params, many=False, executor=self._execute)
  File "D:\Program Files\Python37\lib\site-packages\django\db\backends\utils.py", line 76, in _execute_with_wrappers
    return executor(sql, params, many, context)
  File "D:\Program Files\Python37\lib\site-packages\django\db\backends\utils.py", line 84, in _execute
    return self.cursor.execute(sql, params)
  File "D:\Program Files\Python37\lib\site-packages\django\db\utils.py", line 89, in __exit__
    raise dj_exc_value.with_traceback(traceback) from exc_value
  File "D:\Program Files\Python37\lib\site-packages\django\db\backends\utils.py", line 84, in _execute
    return self.cursor.execute(sql, params)
  File "D:\Program Files\Python37\lib\site-packages\django\db\backends\mysql\base.py", line 71, in execute
    return self.cursor.execute(query, args)
  File "D:\Program Files\Python37\lib\site-packages\MySQLdb\cursors.py", line 209, in execute
    res = self._query(query)
  File "D:\Program Files\Python37\lib\site-packages\MySQLdb\cursors.py", line 315, in _query
    db.query(q)
  File "D:\Program Files\Python37\lib\site-packages\MySQLdb\connections.py", line 239, in query
    _mysql.connection.query(self, query)
django.db.utils.IntegrityError: (1062, "Duplicate entry '1586793600' for key 'LAMProcessData_process_r_acquisition_timestamp_a69ae90c_uniq'")
2020-04-13 00:18:49,833 - _run_jobs - 94 - DEBUG - Exiting worker thread
2020-04-13 00:24:13,948 - _real_add_job - 262 - INFO - Added job "regulartime_task (trigger: interval[1 day, 0:00:00], next run at: 2020-04-13 00:24:23.948130)" to job store "default"
2020-04-13 00:24:13,948 - _real_add_job - 262 - INFO - Added job "cleanup (trigger: cron[day_of_week='*', hour='3', minute='0', second='0'], next run at: 2020-04-13 03:00:00)" to job store "default"
2020-04-13 00:24:13,948 - _real_add_job - 262 - INFO - Added job "OpenLog (trigger: cron[hour='0'], next run at: 2020-04-14 00:00:00)" to job store "default"
2020-04-13 00:24:13,948 - _main_loop - 574 - INFO - Scheduler started
2020-04-13 00:24:13,948 - _main_loop - 579 - DEBUG - Looking for jobs to run
2020-04-13 00:24:13,948 - _main_loop - 588 - DEBUG - Next wakeup is due at 2020-04-13 00:24:23.948130 (in 10.000000 seconds)
2020-04-13 00:24:13,963 - <module> - 59 - DEBUG - SendBefore_NotRecive : [<CNCProcessStatus: CNCProcessStatus object (2038721)>]
2020-04-13 00:24:13,963 - <module> - 60 - DEBUG - Waitfor_Recive : [2038721]
2020-04-13 00:24:23,948 - _main_loop - 579 - DEBUG - Looking for jobs to run
2020-04-13 00:24:23,948 - _run_jobs - 69 - DEBUG - Started worker thread
2020-04-13 00:24:23,949 - _main_loop - 588 - DEBUG - Next wakeup is due at 2020-04-13 03:00:00 (in 9336.051509 seconds)
2020-04-13 00:24:23,949 - _run_job - 509 - INFO - Running job "regulartime_task (trigger: interval[1 day, 0:00:00], next run at: 2020-04-14 00:24:23.948130)" (scheduled at 2020-04-13 00:24:23.948130)
2020-04-13 00:24:24,283 - _run_job - 520 - ERROR - Job "regulartime_task (trigger: interval[1 day, 0:00:00], next run at: 2020-04-14 00:24:23.948130)" raised an exception
Traceback (most recent call last):
  File "D:\Program Files\Python37\lib\site-packages\django\db\backends\utils.py", line 84, in _execute
    return self.cursor.execute(sql, params)
  File "D:\Program Files\Python37\lib\site-packages\django\db\backends\mysql\base.py", line 71, in execute
    return self.cursor.execute(query, args)
  File "D:\Program Files\Python37\lib\site-packages\MySQLdb\cursors.py", line 209, in execute
    res = self._query(query)
  File "D:\Program Files\Python37\lib\site-packages\MySQLdb\cursors.py", line 315, in _query
    db.query(q)
  File "D:\Program Files\Python37\lib\site-packages\MySQLdb\connections.py", line 239, in query
    _mysql.connection.query(self, query)
MySQLdb._exceptions.IntegrityError: (1062, "Duplicate entry '1586793600' for key 'LAMProcessData_process_r_acquisition_timestamp_a69ae90c_uniq'")

The above exception was the direct cause of the following exception:

Traceback (most recent call last):
  File "D:\Program Files\Python37\lib\site-packages\apscheduler\scheduler.py", line 512, in _run_job
    retval = job.func(*job.args, **job.kwargs)
  File "E:\1-program\11-LAMDataServer\lamdataserver\LAMProcessData\views.py", line 4818, in regulartime_task
    RT_FineData.Realtime_FineData.init_Tomorrow_rows()
  File "E:\1-program\11-LAMDataServer\lamdataserver\LAMProcessData\process_realtime_finedata.py", line 193, in init_Tomorrow_rows
    _model.objects.bulk_create(insert_data_list)
  File "D:\Program Files\Python37\lib\site-packages\django\db\models\manager.py", line 82, in manager_method
    return getattr(self.get_queryset(), name)(*args, **kwargs)
  File "D:\Program Files\Python37\lib\site-packages\django\db\models\query.py", line 474, in bulk_create
    ids = self._batched_insert(objs_without_pk, fields, batch_size, ignore_conflicts=ignore_conflicts)
  File "D:\Program Files\Python37\lib\site-packages\django\db\models\query.py", line 1211, in _batched_insert
    self._insert(item, fields=fields, using=self.db, ignore_conflicts=ignore_conflicts)
  File "D:\Program Files\Python37\lib\site-packages\django\db\models\query.py", line 1186, in _insert
    return query.get_compiler(using=using).execute_sql(return_id)
  File "D:\Program Files\Python37\lib\site-packages\django\db\models\sql\compiler.py", line 1332, in execute_sql
    cursor.execute(sql, params)
  File "D:\Program Files\Python37\lib\site-packages\django\db\backends\utils.py", line 99, in execute
    return super().execute(sql, params)
  File "D:\Program Files\Python37\lib\site-packages\django\db\backends\utils.py", line 67, in execute
    return self._execute_with_wrappers(sql, params, many=False, executor=self._execute)
  File "D:\Program Files\Python37\lib\site-packages\django\db\backends\utils.py", line 76, in _execute_with_wrappers
    return executor(sql, params, many, context)
  File "D:\Program Files\Python37\lib\site-packages\django\db\backends\utils.py", line 84, in _execute
    return self.cursor.execute(sql, params)
  File "D:\Program Files\Python37\lib\site-packages\django\db\utils.py", line 89, in __exit__
    raise dj_exc_value.with_traceback(traceback) from exc_value
  File "D:\Program Files\Python37\lib\site-packages\django\db\backends\utils.py", line 84, in _execute
    return self.cursor.execute(sql, params)
  File "D:\Program Files\Python37\lib\site-packages\django\db\backends\mysql\base.py", line 71, in execute
    return self.cursor.execute(query, args)
  File "D:\Program Files\Python37\lib\site-packages\MySQLdb\cursors.py", line 209, in execute
    res = self._query(query)
  File "D:\Program Files\Python37\lib\site-packages\MySQLdb\cursors.py", line 315, in _query
    db.query(q)
  File "D:\Program Files\Python37\lib\site-packages\MySQLdb\connections.py", line 239, in query
    _mysql.connection.query(self, query)
django.db.utils.IntegrityError: (1062, "Duplicate entry '1586793600' for key 'LAMProcessData_process_r_acquisition_timestamp_a69ae90c_uniq'")
2020-04-13 00:24:25,289 - _run_jobs - 94 - DEBUG - Exiting worker thread
2020-04-13 00:29:23,728 - _real_add_job - 262 - INFO - Added job "regulartime_task (trigger: interval[1 day, 0:00:00], next run at: 2020-04-13 00:29:33.726818)" to job store "default"
2020-04-13 00:29:23,728 - _real_add_job - 262 - INFO - Added job "cleanup (trigger: cron[day_of_week='*', hour='3', minute='0', second='0'], next run at: 2020-04-13 03:00:00)" to job store "default"
2020-04-13 00:29:23,728 - _real_add_job - 262 - INFO - Added job "OpenLog (trigger: cron[hour='0'], next run at: 2020-04-14 00:00:00)" to job store "default"
2020-04-13 00:29:23,728 - _main_loop - 574 - INFO - Scheduler started
2020-04-13 00:29:23,729 - _main_loop - 579 - DEBUG - Looking for jobs to run
2020-04-13 00:29:23,729 - _main_loop - 588 - DEBUG - Next wakeup is due at 2020-04-13 00:29:33.726818 (in 9.997008 seconds)
2020-04-13 00:29:23,740 - <module> - 59 - DEBUG - SendBefore_NotRecive : [<CNCProcessStatus: CNCProcessStatus object (2038721)>]
2020-04-13 00:29:23,740 - <module> - 60 - DEBUG - Waitfor_Recive : [2038721]
2020-04-13 00:29:38,398 - _real_add_job - 262 - INFO - Added job "regulartime_task (trigger: interval[1 day, 0:00:00], next run at: 2020-04-13 00:29:48.396076)" to job store "default"
2020-04-13 00:29:38,398 - _real_add_job - 262 - INFO - Added job "cleanup (trigger: cron[day_of_week='*', hour='3', minute='0', second='0'], next run at: 2020-04-13 03:00:00)" to job store "default"
2020-04-13 00:29:38,398 - _real_add_job - 262 - INFO - Added job "OpenLog (trigger: cron[hour='0'], next run at: 2020-04-14 00:00:00)" to job store "default"
2020-04-13 00:29:38,399 - _main_loop - 574 - INFO - Scheduler started
2020-04-13 00:29:38,399 - _main_loop - 579 - DEBUG - Looking for jobs to run
2020-04-13 00:29:38,399 - _main_loop - 588 - DEBUG - Next wakeup is due at 2020-04-13 00:29:48.396076 (in 9.997038 seconds)
2020-04-13 00:29:38,411 - <module> - 59 - DEBUG - SendBefore_NotRecive : [<CNCProcessStatus: CNCProcessStatus object (2038721)>]
2020-04-13 00:29:38,411 - <module> - 60 - DEBUG - Waitfor_Recive : [2038721]
2020-04-13 00:30:04,788 - _real_add_job - 262 - INFO - Added job "regulartime_task (trigger: interval[1 day, 0:00:00], next run at: 2020-04-13 00:30:14.787482)" to job store "default"
2020-04-13 00:30:04,788 - _real_add_job - 262 - INFO - Added job "cleanup (trigger: cron[day_of_week='*', hour='3', minute='0', second='0'], next run at: 2020-04-13 03:00:00)" to job store "default"
2020-04-13 00:30:04,789 - _real_add_job - 262 - INFO - Added job "OpenLog (trigger: cron[hour='0'], next run at: 2020-04-14 00:00:00)" to job store "default"
2020-04-13 00:30:04,790 - _main_loop - 574 - INFO - Scheduler started
2020-04-13 00:30:04,790 - _main_loop - 579 - DEBUG - Looking for jobs to run
2020-04-13 00:30:04,790 - _main_loop - 588 - DEBUG - Next wakeup is due at 2020-04-13 00:30:14.787482 (in 9.997166 seconds)
2020-04-13 00:30:04,802 - <module> - 59 - DEBUG - SendBefore_NotRecive : [<CNCProcessStatus: CNCProcessStatus object (2038721)>]
2020-04-13 00:30:04,802 - <module> - 60 - DEBUG - Waitfor_Recive : [2038721]
2020-04-13 00:30:14,788 - _main_loop - 579 - DEBUG - Looking for jobs to run
2020-04-13 00:30:14,788 - _run_jobs - 69 - DEBUG - Started worker thread
2020-04-13 00:30:14,789 - _run_job - 509 - INFO - Running job "regulartime_task (trigger: interval[1 day, 0:00:00], next run at: 2020-04-13 00:30:14.787482)" (scheduled at 2020-04-13 00:30:14.787482)
2020-04-13 00:30:14,789 - _main_loop - 588 - DEBUG - Next wakeup is due at 2020-04-13 03:00:00 (in 8985.211209 seconds)
2020-04-13 00:30:15,131 - _run_job - 520 - ERROR - Job "regulartime_task (trigger: interval[1 day, 0:00:00], next run at: 2020-04-14 00:30:14.787482)" raised an exception
Traceback (most recent call last):
  File "D:\Program Files\Python37\lib\site-packages\django\db\backends\utils.py", line 84, in _execute
    return self.cursor.execute(sql, params)
  File "D:\Program Files\Python37\lib\site-packages\django\db\backends\mysql\base.py", line 71, in execute
    return self.cursor.execute(query, args)
  File "D:\Program Files\Python37\lib\site-packages\MySQLdb\cursors.py", line 209, in execute
    res = self._query(query)
  File "D:\Program Files\Python37\lib\site-packages\MySQLdb\cursors.py", line 315, in _query
    db.query(q)
  File "D:\Program Files\Python37\lib\site-packages\MySQLdb\connections.py", line 239, in query
    _mysql.connection.query(self, query)
MySQLdb._exceptions.IntegrityError: (1062, "Duplicate entry '1586793600' for key 'LAMProcessData_process_r_acquisition_timestamp_a69ae90c_uniq'")

The above exception was the direct cause of the following exception:

Traceback (most recent call last):
  File "D:\Program Files\Python37\lib\site-packages\apscheduler\scheduler.py", line 512, in _run_job
    retval = job.func(*job.args, **job.kwargs)
  File "E:\1-program\11-LAMDataServer\lamdataserver\LAMProcessData\views.py", line 4818, in regulartime_task
    RT_FineData.Realtime_FineData.init_Tomorrow_rows()
  File "E:\1-program\11-LAMDataServer\lamdataserver\LAMProcessData\process_realtime_finedata.py", line 193, in init_Tomorrow_rows
    _model.objects.bulk_create(insert_data_list)
  File "D:\Program Files\Python37\lib\site-packages\django\db\models\manager.py", line 82, in manager_method
    return getattr(self.get_queryset(), name)(*args, **kwargs)
  File "D:\Program Files\Python37\lib\site-packages\django\db\models\query.py", line 474, in bulk_create
    ids = self._batched_insert(objs_without_pk, fields, batch_size, ignore_conflicts=ignore_conflicts)
  File "D:\Program Files\Python37\lib\site-packages\django\db\models\query.py", line 1211, in _batched_insert
    self._insert(item, fields=fields, using=self.db, ignore_conflicts=ignore_conflicts)
  File "D:\Program Files\Python37\lib\site-packages\django\db\models\query.py", line 1186, in _insert
    return query.get_compiler(using=using).execute_sql(return_id)
  File "D:\Program Files\Python37\lib\site-packages\django\db\models\sql\compiler.py", line 1332, in execute_sql
    cursor.execute(sql, params)
  File "D:\Program Files\Python37\lib\site-packages\django\db\backends\utils.py", line 99, in execute
    return super().execute(sql, params)
  File "D:\Program Files\Python37\lib\site-packages\django\db\backends\utils.py", line 67, in execute
    return self._execute_with_wrappers(sql, params, many=False, executor=self._execute)
  File "D:\Program Files\Python37\lib\site-packages\django\db\backends\utils.py", line 76, in _execute_with_wrappers
    return executor(sql, params, many, context)
  File "D:\Program Files\Python37\lib\site-packages\django\db\backends\utils.py", line 84, in _execute
    return self.cursor.execute(sql, params)
  File "D:\Program Files\Python37\lib\site-packages\django\db\utils.py", line 89, in __exit__
    raise dj_exc_value.with_traceback(traceback) from exc_value
  File "D:\Program Files\Python37\lib\site-packages\django\db\backends\utils.py", line 84, in _execute
    return self.cursor.execute(sql, params)
  File "D:\Program Files\Python37\lib\site-packages\django\db\backends\mysql\base.py", line 71, in execute
    return self.cursor.execute(query, args)
  File "D:\Program Files\Python37\lib\site-packages\MySQLdb\cursors.py", line 209, in execute
    res = self._query(query)
  File "D:\Program Files\Python37\lib\site-packages\MySQLdb\cursors.py", line 315, in _query
    db.query(q)
  File "D:\Program Files\Python37\lib\site-packages\MySQLdb\connections.py", line 239, in query
    _mysql.connection.query(self, query)
django.db.utils.IntegrityError: (1062, "Duplicate entry '1586793600' for key 'LAMProcessData_process_r_acquisition_timestamp_a69ae90c_uniq'")
2020-04-13 00:30:16,135 - _run_jobs - 94 - DEBUG - Exiting worker thread
2020-04-13 00:48:40,647 - _real_add_job - 262 - INFO - Added job "regulartime_task (trigger: interval[1 day, 0:00:00], next run at: 2020-04-13 00:48:50.646088)" to job store "default"
2020-04-13 00:48:40,647 - _real_add_job - 262 - INFO - Added job "cleanup (trigger: cron[day_of_week='*', hour='3', minute='0', second='0'], next run at: 2020-04-13 03:00:00)" to job store "default"
2020-04-13 00:48:40,647 - _real_add_job - 262 - INFO - Added job "OpenLog (trigger: cron[hour='0'], next run at: 2020-04-14 00:00:00)" to job store "default"
2020-04-13 00:48:40,648 - _main_loop - 574 - INFO - Scheduler started
2020-04-13 00:48:40,648 - _main_loop - 579 - DEBUG - Looking for jobs to run
2020-04-13 00:48:40,648 - _main_loop - 588 - DEBUG - Next wakeup is due at 2020-04-13 00:48:50.646088 (in 9.998008 seconds)
2020-04-13 00:48:40,661 - <module> - 59 - DEBUG - SendBefore_NotRecive : [<CNCProcessStatus: CNCProcessStatus object (2038721)>]
2020-04-13 00:48:40,661 - <module> - 60 - DEBUG - Waitfor_Recive : [2038721]
2020-04-13 00:48:40,677 - shutdown - 111 - INFO - Shutting down thread pool
2020-04-13 00:48:59,488 - _real_add_job - 262 - INFO - Added job "regulartime_task (trigger: interval[1 day, 0:00:00], next run at: 2020-04-13 00:49:09.486816)" to job store "default"
2020-04-13 00:48:59,488 - _real_add_job - 262 - INFO - Added job "cleanup (trigger: cron[day_of_week='*', hour='3', minute='0', second='0'], next run at: 2020-04-13 03:00:00)" to job store "default"
2020-04-13 00:48:59,488 - _real_add_job - 262 - INFO - Added job "OpenLog (trigger: cron[hour='0'], next run at: 2020-04-14 00:00:00)" to job store "default"
2020-04-13 00:48:59,489 - _main_loop - 574 - INFO - Scheduler started
2020-04-13 00:48:59,489 - _main_loop - 579 - DEBUG - Looking for jobs to run
2020-04-13 00:48:59,489 - _main_loop - 588 - DEBUG - Next wakeup is due at 2020-04-13 00:49:09.486816 (in 9.996999 seconds)
2020-04-13 00:48:59,502 - <module> - 59 - DEBUG - SendBefore_NotRecive : [<CNCProcessStatus: CNCProcessStatus object (2038721)>]
2020-04-13 00:48:59,502 - <module> - 60 - DEBUG - Waitfor_Recive : [2038721]
2020-04-13 00:48:59,519 - shutdown - 111 - INFO - Shutting down thread pool
2020-04-13 00:49:19,591 - _real_add_job - 262 - INFO - Added job "regulartime_task (trigger: interval[1 day, 0:00:00], next run at: 2020-04-13 00:49:29.590842)" to job store "default"
2020-04-13 00:49:19,591 - _real_add_job - 262 - INFO - Added job "cleanup (trigger: cron[day_of_week='*', hour='3', minute='0', second='0'], next run at: 2020-04-13 03:00:00)" to job store "default"
2020-04-13 00:49:19,591 - _real_add_job - 262 - INFO - Added job "OpenLog (trigger: cron[hour='0'], next run at: 2020-04-14 00:00:00)" to job store "default"
2020-04-13 00:49:19,592 - _main_loop - 574 - INFO - Scheduler started
2020-04-13 00:49:19,592 - _main_loop - 579 - DEBUG - Looking for jobs to run
2020-04-13 00:49:19,593 - _main_loop - 588 - DEBUG - Next wakeup is due at 2020-04-13 00:49:29.590842 (in 9.998008 seconds)
2020-04-13 00:49:19,603 - <module> - 59 - DEBUG - SendBefore_NotRecive : [<CNCProcessStatus: CNCProcessStatus object (2038721)>]
2020-04-13 00:49:19,604 - <module> - 60 - DEBUG - Waitfor_Recive : [2038721]
2020-04-13 00:49:19,619 - shutdown - 111 - INFO - Shutting down thread pool
2020-04-13 00:49:56,065 - _real_add_job - 262 - INFO - Added job "regulartime_task (trigger: interval[1 day, 0:00:00], next run at: 2020-04-13 00:50:06.063437)" to job store "default"
2020-04-13 00:49:56,065 - _real_add_job - 262 - INFO - Added job "cleanup (trigger: cron[day_of_week='*', hour='3', minute='0', second='0'], next run at: 2020-04-13 03:00:00)" to job store "default"
2020-04-13 00:49:56,065 - _real_add_job - 262 - INFO - Added job "OpenLog (trigger: cron[hour='0'], next run at: 2020-04-14 00:00:00)" to job store "default"
2020-04-13 00:49:56,066 - _main_loop - 574 - INFO - Scheduler started
2020-04-13 00:49:56,066 - _main_loop - 579 - DEBUG - Looking for jobs to run
2020-04-13 00:49:56,066 - _main_loop - 588 - DEBUG - Next wakeup is due at 2020-04-13 00:50:06.063437 (in 9.997048 seconds)
2020-04-13 00:49:56,078 - <module> - 59 - DEBUG - SendBefore_NotRecive : [<CNCProcessStatus: CNCProcessStatus object (2038721)>]
2020-04-13 00:49:56,078 - <module> - 60 - DEBUG - Waitfor_Recive : [2038721]
2020-04-13 00:50:06,064 - _main_loop - 579 - DEBUG - Looking for jobs to run
2020-04-13 00:50:06,064 - _run_jobs - 69 - DEBUG - Started worker thread
2020-04-13 00:50:06,065 - _run_job - 509 - INFO - Running job "regulartime_task (trigger: interval[1 day, 0:00:00], next run at: 2020-04-13 00:50:06.063437)" (scheduled at 2020-04-13 00:50:06.063437)
2020-04-13 00:50:06,065 - _main_loop - 588 - DEBUG - Next wakeup is due at 2020-04-13 03:00:00 (in 7793.935109 seconds)
2020-04-13 00:50:06,418 - _run_job - 520 - ERROR - Job "regulartime_task (trigger: interval[1 day, 0:00:00], next run at: 2020-04-14 00:50:06.063437)" raised an exception
Traceback (most recent call last):
  File "D:\Program Files\Python37\lib\site-packages\django\db\backends\utils.py", line 84, in _execute
    return self.cursor.execute(sql, params)
  File "D:\Program Files\Python37\lib\site-packages\django\db\backends\mysql\base.py", line 71, in execute
    return self.cursor.execute(query, args)
  File "D:\Program Files\Python37\lib\site-packages\MySQLdb\cursors.py", line 209, in execute
    res = self._query(query)
  File "D:\Program Files\Python37\lib\site-packages\MySQLdb\cursors.py", line 315, in _query
    db.query(q)
  File "D:\Program Files\Python37\lib\site-packages\MySQLdb\connections.py", line 239, in query
    _mysql.connection.query(self, query)
MySQLdb._exceptions.IntegrityError: (1062, "Duplicate entry '1586793600' for key 'LAMProcessData_process_r_acquisition_timestamp_a69ae90c_uniq'")

The above exception was the direct cause of the following exception:

Traceback (most recent call last):
  File "D:\Program Files\Python37\lib\site-packages\apscheduler\scheduler.py", line 512, in _run_job
    retval = job.func(*job.args, **job.kwargs)
  File "E:\1-program\11-LAMDataServer\lamdataserver\LAMProcessData\views.py", line 4818, in regulartime_task
    RT_FineData.Realtime_FineData.init_Tomorrow_rows()
  File "E:\1-program\11-LAMDataServer\lamdataserver\LAMProcessData\process_realtime_finedata.py", line 193, in init_Tomorrow_rows
    _model.objects.bulk_create(insert_data_list)
  File "D:\Program Files\Python37\lib\site-packages\django\db\models\manager.py", line 82, in manager_method
    return getattr(self.get_queryset(), name)(*args, **kwargs)
  File "D:\Program Files\Python37\lib\site-packages\django\db\models\query.py", line 474, in bulk_create
    ids = self._batched_insert(objs_without_pk, fields, batch_size, ignore_conflicts=ignore_conflicts)
  File "D:\Program Files\Python37\lib\site-packages\django\db\models\query.py", line 1211, in _batched_insert
    self._insert(item, fields=fields, using=self.db, ignore_conflicts=ignore_conflicts)
  File "D:\Program Files\Python37\lib\site-packages\django\db\models\query.py", line 1186, in _insert
    return query.get_compiler(using=using).execute_sql(return_id)
  File "D:\Program Files\Python37\lib\site-packages\django\db\models\sql\compiler.py", line 1332, in execute_sql
    cursor.execute(sql, params)
  File "D:\Program Files\Python37\lib\site-packages\django\db\backends\utils.py", line 99, in execute
    return super().execute(sql, params)
  File "D:\Program Files\Python37\lib\site-packages\django\db\backends\utils.py", line 67, in execute
    return self._execute_with_wrappers(sql, params, many=False, executor=self._execute)
  File "D:\Program Files\Python37\lib\site-packages\django\db\backends\utils.py", line 76, in _execute_with_wrappers
    return executor(sql, params, many, context)
  File "D:\Program Files\Python37\lib\site-packages\django\db\backends\utils.py", line 84, in _execute
    return self.cursor.execute(sql, params)
  File "D:\Program Files\Python37\lib\site-packages\django\db\utils.py", line 89, in __exit__
    raise dj_exc_value.with_traceback(traceback) from exc_value
  File "D:\Program Files\Python37\lib\site-packages\django\db\backends\utils.py", line 84, in _execute
    return self.cursor.execute(sql, params)
  File "D:\Program Files\Python37\lib\site-packages\django\db\backends\mysql\base.py", line 71, in execute
    return self.cursor.execute(query, args)
  File "D:\Program Files\Python37\lib\site-packages\MySQLdb\cursors.py", line 209, in execute
    res = self._query(query)
  File "D:\Program Files\Python37\lib\site-packages\MySQLdb\cursors.py", line 315, in _query
    db.query(q)
  File "D:\Program Files\Python37\lib\site-packages\MySQLdb\connections.py", line 239, in query
    _mysql.connection.query(self, query)
django.db.utils.IntegrityError: (1062, "Duplicate entry '1586793600' for key 'LAMProcessData_process_r_acquisition_timestamp_a69ae90c_uniq'")
2020-04-13 00:50:07,422 - _run_jobs - 94 - DEBUG - Exiting worker thread
