2020-03-05 18:47:23,165 - _real_add_job - 262 - INFO - Added job "regulartime_task (trigger: interval[1 day, 0:00:00], next run at: 2020-03-05 18:47:33.165777)" to job store "default"
2020-03-05 18:47:23,165 - _real_add_job - 262 - INFO - Added job "OpenLog (trigger: cron[hour='0'], next run at: 2020-03-06 00:00:00)" to job store "default"
2020-03-05 18:47:23,165 - _main_loop - 574 - INFO - Scheduler started
2020-03-05 18:47:23,165 - _main_loop - 579 - DEBUG - Looking for jobs to run
2020-03-05 18:47:23,165 - _main_loop - 588 - DEBUG - Next wakeup is due at 2020-03-05 18:47:33.165777 (in 10.000001 seconds)
2020-03-05 18:47:23,181 - <module> - 58 - DEBUG - SendBefore_NotRecive : [<CNCProcessStatus: CNCProcessStatus object (2038721)>]
2020-03-05 18:47:23,181 - <module> - 59 - DEBUG - Waitfor_Recive : [2038721]
2020-03-05 18:47:33,178 - _main_loop - 579 - DEBUG - Looking for jobs to run
2020-03-05 18:47:33,179 - _run_jobs - 69 - DEBUG - Started worker thread
2020-03-05 18:47:33,179 - _main_loop - 588 - DEBUG - Next wakeup is due at 2020-03-06 00:00:00 (in 18746.821722 seconds)
2020-03-05 18:47:33,179 - _run_job - 509 - INFO - Running job "regulartime_task (trigger: interval[1 day, 0:00:00], next run at: 2020-03-06 18:47:33.165777)" (scheduled at 2020-03-05 18:47:33.165777)
2020-03-05 18:47:33,933 - _run_job - 520 - ERROR - Job "regulartime_task (trigger: interval[1 day, 0:00:00], next run at: 2020-03-06 18:47:33.165777)" raised an exception
Traceback (most recent call last):
  File "D:\Program Files\Python37\lib\site-packages\django\db\backends\mysql\base.py", line 71, in execute
    return self.cursor.execute(query, args)
  File "D:\Program Files\Python37\lib\site-packages\MySQLdb\cursors.py", line 209, in execute
    res = self._query(query)
  File "D:\Program Files\Python37\lib\site-packages\MySQLdb\cursors.py", line 315, in _query
    db.query(q)
  File "D:\Program Files\Python37\lib\site-packages\MySQLdb\connections.py", line 239, in query
    _mysql.connection.query(self, query)
MySQLdb._exceptions.OperationalError: (1048, "Column 'laser_power' cannot be null")

During handling of the above exception, another exception occurred:

Traceback (most recent call last):
  File "D:\Program Files\Python37\lib\site-packages\apscheduler\scheduler.py", line 512, in _run_job
    retval = job.func(*job.args, **job.kwargs)
  File "E:\1-program\11-LAMDataServer\lamdataserver\LAMProcessData\views.py", line 4027, in regulartime_task
    RT_FineData.Realtime_FineData.init_Tomorrow_rows()
  File "E:\1-program\11-LAMDataServer\lamdataserver\LAMProcessData\process_realtime_finedata.py", line 190, in init_Tomorrow_rows
    _model.objects.bulk_create(insert_data_list)
  File "D:\Program Files\Python37\lib\site-packages\django\db\models\manager.py", line 82, in manager_method
    return getattr(self.get_queryset(), name)(*args, **kwargs)
  File "D:\Program Files\Python37\lib\site-packages\django\db\models\query.py", line 474, in bulk_create
    ids = self._batched_insert(objs_without_pk, fields, batch_size, ignore_conflicts=ignore_conflicts)
  File "D:\Program Files\Python37\lib\site-packages\django\db\models\query.py", line 1211, in _batched_insert
    self._insert(item, fields=fields, using=self.db, ignore_conflicts=ignore_conflicts)
  File "D:\Program Files\Python37\lib\site-packages\django\db\models\query.py", line 1186, in _insert
    return query.get_compiler(using=using).execute_sql(return_id)
  File "D:\Program Files\Python37\lib\site-packages\django\db\models\sql\compiler.py", line 1332, in execute_sql
    cursor.execute(sql, params)
  File "D:\Program Files\Python37\lib\site-packages\django\db\backends\utils.py", line 99, in execute
    return super().execute(sql, params)
  File "D:\Program Files\Python37\lib\site-packages\django\db\backends\utils.py", line 67, in execute
    return self._execute_with_wrappers(sql, params, many=False, executor=self._execute)
  File "D:\Program Files\Python37\lib\site-packages\django\db\backends\utils.py", line 76, in _execute_with_wrappers
    return executor(sql, params, many, context)
  File "D:\Program Files\Python37\lib\site-packages\django\db\backends\utils.py", line 84, in _execute
    return self.cursor.execute(sql, params)
  File "D:\Program Files\Python37\lib\site-packages\django\db\backends\mysql\base.py", line 76, in execute
    raise utils.IntegrityError(*tuple(e.args))
django.db.utils.IntegrityError: (1048, "Column 'laser_power' cannot be null")
2020-03-05 18:47:34,134 - log_response - 228 - WARNING - Not Found: /favicon.ico
2020-03-05 18:47:34,706 - log_response - 228 - WARNING - Not Found: /favicon.ico
2020-03-05 18:47:34,950 - _run_jobs - 94 - DEBUG - Exiting worker thread
2020-03-05 18:47:35,302 - log_response - 228 - WARNING - Not Found: /favicon.ico
2020-03-05 18:47:35,917 - log_response - 228 - WARNING - Not Found: /favicon.ico
2020-03-05 18:47:36,877 - log_response - 228 - WARNING - Not Found: /favicon.ico
2020-03-05 18:49:28,777 - getcache - 426 - DEBUG - getcache error, qset:(AND: ('work_section', <Worksection: 2号设备>), ('index_date_int', 20190920)), datatype:oxygen
2020-03-05 18:49:30,274 - setcache - 447 - DEBUG - setcache error, qset:(AND: ('work_section', <Worksection: 2号设备>), ('index_date_int', 20190920)), datatype:oxygen
2020-03-05 18:49:30,283 - getcache - 426 - DEBUG - getcache error, qset:(AND: ('work_section', <Worksection: 2号设备>), ('index_date_int', 20190920)), datatype:laser
2020-03-05 18:49:34,084 - setcache - 447 - DEBUG - setcache error, qset:(AND: ('work_section', <Worksection: 2号设备>), ('index_date_int', 20190920)), datatype:laser
2020-03-05 18:49:45,956 - getcache - 426 - DEBUG - getcache error, qset:(AND: ('work_section', <Worksection: 2号设备>), ('index_date_int', 20190921)), datatype:oxygen
2020-03-05 18:49:47,630 - setcache - 447 - DEBUG - setcache error, qset:(AND: ('work_section', <Worksection: 2号设备>), ('index_date_int', 20190921)), datatype:oxygen
2020-03-05 18:49:47,639 - getcache - 426 - DEBUG - getcache error, qset:(AND: ('work_section', <Worksection: 2号设备>), ('index_date_int', 20190921)), datatype:laser
2020-03-05 18:49:51,925 - setcache - 447 - DEBUG - setcache error, qset:(AND: ('work_section', <Worksection: 2号设备>), ('index_date_int', 20190921)), datatype:laser
2020-03-05 18:49:51,948 - getcache - 426 - DEBUG - getcache error, qset:(AND: ('work_section', <Worksection: 2号设备>), ('index_date_int', 20190922)), datatype:oxygen
2020-03-05 18:49:53,544 - setcache - 447 - DEBUG - setcache error, qset:(AND: ('work_section', <Worksection: 2号设备>), ('index_date_int', 20190922)), datatype:oxygen
2020-03-05 18:49:53,551 - getcache - 426 - DEBUG - getcache error, qset:(AND: ('work_section', <Worksection: 2号设备>), ('index_date_int', 20190922)), datatype:laser
2020-03-05 18:49:57,862 - setcache - 447 - DEBUG - setcache error, qset:(AND: ('work_section', <Worksection: 2号设备>), ('index_date_int', 20190922)), datatype:laser
2020-03-05 18:49:57,885 - getcache - 426 - DEBUG - getcache error, qset:(AND: ('work_section', <Worksection: 2号设备>), ('index_date_int', 20190923)), datatype:oxygen
2020-03-05 18:49:59,458 - setcache - 447 - DEBUG - setcache error, qset:(AND: ('work_section', <Worksection: 2号设备>), ('index_date_int', 20190923)), datatype:oxygen
2020-03-05 18:49:59,467 - getcache - 426 - DEBUG - getcache error, qset:(AND: ('work_section', <Worksection: 2号设备>), ('index_date_int', 20190923)), datatype:laser
2020-03-05 18:50:02,692 - setcache - 447 - DEBUG - setcache error, qset:(AND: ('work_section', <Worksection: 2号设备>), ('index_date_int', 20190923)), datatype:laser
2020-03-05 18:50:02,711 - getcache - 426 - DEBUG - getcache error, qset:(AND: ('work_section', <Worksection: 2号设备>), ('index_date_int', 20190924)), datatype:oxygen
2020-03-05 18:50:03,649 - setcache - 447 - DEBUG - setcache error, qset:(AND: ('work_section', <Worksection: 2号设备>), ('index_date_int', 20190924)), datatype:oxygen
2020-03-05 18:50:03,654 - getcache - 426 - DEBUG - getcache error, qset:(AND: ('work_section', <Worksection: 2号设备>), ('index_date_int', 20190924)), datatype:laser
2020-03-05 18:50:05,524 - log_response - 228 - WARNING - Not Found: /favicon.ico
2020-03-05 18:50:05,634 - setcache - 447 - DEBUG - setcache error, qset:(AND: ('work_section', <Worksection: 2号设备>), ('index_date_int', 20190924)), datatype:laser
2020-03-05 18:50:05,647 - getcache - 426 - DEBUG - getcache error, qset:(AND: ('work_section', <Worksection: 2号设备>), ('index_date_int', 20190924)), datatype:cncstatus
2020-03-05 18:50:06,129 - log_response - 228 - WARNING - Not Found: /favicon.ico
2020-03-05 18:50:06,747 - log_response - 228 - WARNING - Not Found: /favicon.ico
2020-03-05 18:50:07,376 - log_response - 228 - WARNING - Not Found: /favicon.ico
2020-03-05 18:50:19,179 - setcache - 447 - DEBUG - setcache error, qset:(AND: ('work_section', <Worksection: 2号设备>), ('index_date_int', 20190924)), datatype:cncstatus
2020-03-05 18:52:51,237 - getcache - 426 - DEBUG - getcache error, qset:(AND: ('work_section', <Worksection: 2号设备>), ('index_date_int', 20190925)), datatype:oxygen
2020-03-05 18:52:52,059 - setcache - 447 - DEBUG - setcache error, qset:(AND: ('work_section', <Worksection: 2号设备>), ('index_date_int', 20190925)), datatype:oxygen
2020-03-05 18:52:52,063 - getcache - 426 - DEBUG - getcache error, qset:(AND: ('work_section', <Worksection: 2号设备>), ('index_date_int', 20190925)), datatype:laser
2020-03-05 18:52:55,108 - setcache - 447 - DEBUG - setcache error, qset:(AND: ('work_section', <Worksection: 2号设备>), ('index_date_int', 20190925)), datatype:laser
2020-03-05 18:52:55,120 - getcache - 426 - DEBUG - getcache error, qset:(AND: ('work_section', <Worksection: 2号设备>), ('index_date_int', 20190925)), datatype:cncstatus
2020-03-05 18:53:07,327 - setcache - 447 - DEBUG - setcache error, qset:(AND: ('work_section', <Worksection: 2号设备>), ('index_date_int', 20190925)), datatype:cncstatus
2020-03-05 18:54:13,948 - log_response - 228 - ERROR - Internal Server Error: /LAMProcessData/QueryData/AnalyseLAMProcess_ScanningRate3D/
Traceback (most recent call last):
  File "D:\Program Files\Python37\lib\site-packages\django\core\handlers\exception.py", line 34, in inner
    response = get_response(request)
  File "D:\Program Files\Python37\lib\site-packages\django\core\handlers\base.py", line 115, in _get_response
    response = self.process_exception_by_middleware(e, request)
  File "D:\Program Files\Python37\lib\site-packages\django\core\handlers\base.py", line 113, in _get_response
    response = wrapped_callback(request, *callback_args, **callback_kwargs)
  File "D:\Program Files\Python37\lib\site-packages\django\contrib\auth\decorators.py", line 21, in _wrapped_view
    return view_func(request, *args, **kwargs)
  File "D:\Program Files\Python37\lib\site-packages\django\views\decorators\csrf.py", line 54, in wrapped_view
    return view_func(*args, **kwargs)
  File "E:\1-program\11-LAMDataServer\lamdataserver\LAMProcessData\query_views.py", line 819, in queryData_Analysedata_ScanningRate3D_By_MissionIDList
    jsondata_list = list(result)
  File "E:\1-program\11-LAMDataServer\lamdataserver\LAMProcessData\process_realtime_finedata.py", line 627, in AnalyseData_LayerData_ByMissionID
    _Process_CNCData_Layer.zvalue_data_file.save(
AttributeError: 'Process_CNCData_Layer_Mission' object has no attribute 'zvalue_data_file'
2020-03-05 22:35:41,266 - _real_add_job - 262 - INFO - Added job "regulartime_task (trigger: interval[1 day, 0:00:00], next run at: 2020-03-05 22:35:51.264375)" to job store "default"
2020-03-05 22:35:41,267 - _real_add_job - 262 - INFO - Added job "OpenLog (trigger: cron[hour='0'], next run at: 2020-03-06 00:00:00)" to job store "default"
2020-03-05 22:35:41,267 - _main_loop - 574 - INFO - Scheduler started
2020-03-05 22:35:41,267 - _main_loop - 579 - DEBUG - Looking for jobs to run
2020-03-05 22:35:41,268 - _main_loop - 588 - DEBUG - Next wakeup is due at 2020-03-05 22:35:51.264375 (in 9.995567 seconds)
2020-03-05 22:35:41,295 - <module> - 58 - DEBUG - SendBefore_NotRecive : [<CNCProcessStatus: CNCProcessStatus object (2038721)>]
2020-03-05 22:35:41,296 - <module> - 59 - DEBUG - Waitfor_Recive : [2038721]
2020-03-05 22:35:51,280 - _main_loop - 579 - DEBUG - Looking for jobs to run
2020-03-05 22:35:51,281 - _run_jobs - 69 - DEBUG - Started worker thread
2020-03-05 22:35:51,282 - _main_loop - 588 - DEBUG - Next wakeup is due at 2020-03-06 00:00:00 (in 5048.719577 seconds)
2020-03-05 22:35:51,283 - _run_job - 509 - INFO - Running job "regulartime_task (trigger: interval[1 day, 0:00:00], next run at: 2020-03-06 22:35:51.264375)" (scheduled at 2020-03-05 22:35:51.264375)
2020-03-05 22:35:51,749 - _run_job - 520 - ERROR - Job "regulartime_task (trigger: interval[1 day, 0:00:00], next run at: 2020-03-06 22:35:51.264375)" raised an exception
Traceback (most recent call last):
  File "D:\Program Files\Python37\lib\site-packages\django\db\backends\utils.py", line 84, in _execute
    return self.cursor.execute(sql, params)
  File "D:\Program Files\Python37\lib\site-packages\django\db\backends\mysql\base.py", line 71, in execute
    return self.cursor.execute(query, args)
  File "D:\Program Files\Python37\lib\site-packages\MySQLdb\cursors.py", line 209, in execute
    res = self._query(query)
  File "D:\Program Files\Python37\lib\site-packages\MySQLdb\cursors.py", line 315, in _query
    db.query(q)
  File "D:\Program Files\Python37\lib\site-packages\MySQLdb\connections.py", line 239, in query
    _mysql.connection.query(self, query)
MySQLdb._exceptions.IntegrityError: (1062, "Duplicate entry '1583424000' for key 'LAMProcessData_process_r_acquisition_timestamp_a69ae90c_uniq'")

The above exception was the direct cause of the following exception:

Traceback (most recent call last):
  File "D:\Program Files\Python37\lib\site-packages\apscheduler\scheduler.py", line 512, in _run_job
    retval = job.func(*job.args, **job.kwargs)
  File "E:\1-program\11-LAMDataServer\lamdataserver\LAMProcessData\views.py", line 4027, in regulartime_task
    RT_FineData.Realtime_FineData.init_Tomorrow_rows()
  File "E:\1-program\11-LAMDataServer\lamdataserver\LAMProcessData\process_realtime_finedata.py", line 190, in init_Tomorrow_rows
    _model.objects.bulk_create(insert_data_list)
  File "D:\Program Files\Python37\lib\site-packages\django\db\models\manager.py", line 82, in manager_method
    return getattr(self.get_queryset(), name)(*args, **kwargs)
  File "D:\Program Files\Python37\lib\site-packages\django\db\models\query.py", line 474, in bulk_create
    ids = self._batched_insert(objs_without_pk, fields, batch_size, ignore_conflicts=ignore_conflicts)
  File "D:\Program Files\Python37\lib\site-packages\django\db\models\query.py", line 1211, in _batched_insert
    self._insert(item, fields=fields, using=self.db, ignore_conflicts=ignore_conflicts)
  File "D:\Program Files\Python37\lib\site-packages\django\db\models\query.py", line 1186, in _insert
    return query.get_compiler(using=using).execute_sql(return_id)
  File "D:\Program Files\Python37\lib\site-packages\django\db\models\sql\compiler.py", line 1332, in execute_sql
    cursor.execute(sql, params)
  File "D:\Program Files\Python37\lib\site-packages\django\db\backends\utils.py", line 99, in execute
    return super().execute(sql, params)
  File "D:\Program Files\Python37\lib\site-packages\django\db\backends\utils.py", line 67, in execute
    return self._execute_with_wrappers(sql, params, many=False, executor=self._execute)
  File "D:\Program Files\Python37\lib\site-packages\django\db\backends\utils.py", line 76, in _execute_with_wrappers
    return executor(sql, params, many, context)
  File "D:\Program Files\Python37\lib\site-packages\django\db\backends\utils.py", line 84, in _execute
    return self.cursor.execute(sql, params)
  File "D:\Program Files\Python37\lib\site-packages\django\db\utils.py", line 89, in __exit__
    raise dj_exc_value.with_traceback(traceback) from exc_value
  File "D:\Program Files\Python37\lib\site-packages\django\db\backends\utils.py", line 84, in _execute
    return self.cursor.execute(sql, params)
  File "D:\Program Files\Python37\lib\site-packages\django\db\backends\mysql\base.py", line 71, in execute
    return self.cursor.execute(query, args)
  File "D:\Program Files\Python37\lib\site-packages\MySQLdb\cursors.py", line 209, in execute
    res = self._query(query)
  File "D:\Program Files\Python37\lib\site-packages\MySQLdb\cursors.py", line 315, in _query
    db.query(q)
  File "D:\Program Files\Python37\lib\site-packages\MySQLdb\connections.py", line 239, in query
    _mysql.connection.query(self, query)
django.db.utils.IntegrityError: (1062, "Duplicate entry '1583424000' for key 'LAMProcessData_process_r_acquisition_timestamp_a69ae90c_uniq'")
2020-03-05 22:35:52,775 - _run_jobs - 94 - DEBUG - Exiting worker thread
2020-03-05 22:35:58,108 - log_response - 228 - ERROR - Internal Server Error: /LAMProcessData/QueryData/AnalyseLAMProcess_ScanningRate3D/
Traceback (most recent call last):
  File "D:\Program Files\Python37\lib\site-packages\django\core\handlers\exception.py", line 34, in inner
    response = get_response(request)
  File "D:\Program Files\Python37\lib\site-packages\django\core\handlers\base.py", line 115, in _get_response
    response = self.process_exception_by_middleware(e, request)
  File "D:\Program Files\Python37\lib\site-packages\django\core\handlers\base.py", line 113, in _get_response
    response = wrapped_callback(request, *callback_args, **callback_kwargs)
  File "D:\Program Files\Python37\lib\site-packages\django\contrib\auth\decorators.py", line 21, in _wrapped_view
    return view_func(request, *args, **kwargs)
  File "D:\Program Files\Python37\lib\site-packages\django\views\decorators\csrf.py", line 54, in wrapped_view
    return view_func(*args, **kwargs)
  File "E:\1-program\11-LAMDataServer\lamdataserver\LAMProcessData\query_views.py", line 819, in queryData_Analysedata_ScanningRate3D_By_MissionIDList
    jsondata_list = list(result)
  File "E:\1-program\11-LAMDataServer\lamdataserver\LAMProcessData\process_realtime_finedata.py", line 635, in AnalyseData_LayerData_ByMissionID
    with open(BASE_DIR + _Process_CNCData_Layer.data_file.url.replace('/', '\\'), 'r') as load_f:
  File "D:\Program Files\Python37\lib\site-packages\django\db\models\fields\files.py", line 61, in url
    self._require_file()
  File "D:\Program Files\Python37\lib\site-packages\django\db\models\fields\files.py", line 38, in _require_file
    raise ValueError("The '%s' attribute has no file associated with it." % self.field.name)
ValueError: The 'data_file' attribute has no file associated with it.
2020-03-05 22:36:16,024 - log_response - 228 - ERROR - Internal Server Error: /LAMProcessData/QueryData/AnalyseLAMProcess_LayerData/
Traceback (most recent call last):
  File "D:\Program Files\Python37\lib\site-packages\django\core\handlers\exception.py", line 34, in inner
    response = get_response(request)
  File "D:\Program Files\Python37\lib\site-packages\django\core\handlers\base.py", line 115, in _get_response
    response = self.process_exception_by_middleware(e, request)
  File "D:\Program Files\Python37\lib\site-packages\django\core\handlers\base.py", line 113, in _get_response
    response = wrapped_callback(request, *callback_args, **callback_kwargs)
  File "D:\Program Files\Python37\lib\site-packages\django\contrib\auth\decorators.py", line 21, in _wrapped_view
    return view_func(request, *args, **kwargs)
  File "D:\Program Files\Python37\lib\site-packages\django\views\decorators\csrf.py", line 54, in wrapped_view
    return view_func(*args, **kwargs)
  File "E:\1-program\11-LAMDataServer\lamdataserver\LAMProcessData\query_views.py", line 772, in queryData_Analysedata_LayerData_By_MissionIDList
    jsondata_list = list(result)
  File "E:\1-program\11-LAMDataServer\lamdataserver\LAMProcessData\process_realtime_finedata.py", line 635, in AnalyseData_LayerData_ByMissionID
    with open(BASE_DIR + _Process_CNCData_Layer.data_file.url.replace('/', '\\'), 'r') as load_f:
  File "D:\Program Files\Python37\lib\site-packages\django\db\models\fields\files.py", line 61, in url
    self._require_file()
  File "D:\Program Files\Python37\lib\site-packages\django\db\models\fields\files.py", line 38, in _require_file
    raise ValueError("The '%s' attribute has no file associated with it." % self.field.name)
ValueError: The 'data_file' attribute has no file associated with it.
2020-03-05 22:39:47,125 - _real_add_job - 262 - INFO - Added job "regulartime_task (trigger: interval[1 day, 0:00:00], next run at: 2020-03-05 22:39:57.124560)" to job store "default"
2020-03-05 22:39:47,125 - _real_add_job - 262 - INFO - Added job "OpenLog (trigger: cron[hour='0'], next run at: 2020-03-06 00:00:00)" to job store "default"
2020-03-05 22:39:47,126 - _main_loop - 574 - INFO - Scheduler started
2020-03-05 22:39:47,126 - _main_loop - 579 - DEBUG - Looking for jobs to run
2020-03-05 22:39:47,127 - _main_loop - 588 - DEBUG - Next wakeup is due at 2020-03-05 22:39:57.124560 (in 9.997963 seconds)
2020-03-05 22:39:47,141 - <module> - 58 - DEBUG - SendBefore_NotRecive : [<CNCProcessStatus: CNCProcessStatus object (2038721)>]
2020-03-05 22:39:47,142 - <module> - 59 - DEBUG - Waitfor_Recive : [2038721]
2020-03-05 22:39:57,139 - _main_loop - 579 - DEBUG - Looking for jobs to run
2020-03-05 22:39:57,141 - _run_jobs - 69 - DEBUG - Started worker thread
2020-03-05 22:39:57,141 - _run_job - 509 - INFO - Running job "regulartime_task (trigger: interval[1 day, 0:00:00], next run at: 2020-03-05 22:39:57.124560)" (scheduled at 2020-03-05 22:39:57.124560)
2020-03-05 22:39:57,143 - _main_loop - 588 - DEBUG - Next wakeup is due at 2020-03-06 00:00:00 (in 4802.860793 seconds)
2020-03-05 22:39:58,153 - _run_job - 520 - ERROR - Job "regulartime_task (trigger: interval[1 day, 0:00:00], next run at: 2020-03-06 22:39:57.124560)" raised an exception
Traceback (most recent call last):
  File "D:\Program Files\Python37\lib\site-packages\django\db\backends\utils.py", line 84, in _execute
    return self.cursor.execute(sql, params)
  File "D:\Program Files\Python37\lib\site-packages\django\db\backends\mysql\base.py", line 71, in execute
    return self.cursor.execute(query, args)
  File "D:\Program Files\Python37\lib\site-packages\MySQLdb\cursors.py", line 209, in execute
    res = self._query(query)
  File "D:\Program Files\Python37\lib\site-packages\MySQLdb\cursors.py", line 315, in _query
    db.query(q)
  File "D:\Program Files\Python37\lib\site-packages\MySQLdb\connections.py", line 239, in query
    _mysql.connection.query(self, query)
MySQLdb._exceptions.IntegrityError: (1062, "Duplicate entry '1583424000' for key 'LAMProcessData_process_r_acquisition_timestamp_a69ae90c_uniq'")

The above exception was the direct cause of the following exception:

Traceback (most recent call last):
  File "D:\Program Files\Python37\lib\site-packages\apscheduler\scheduler.py", line 512, in _run_job
    retval = job.func(*job.args, **job.kwargs)
  File "E:\1-program\11-LAMDataServer\lamdataserver\LAMProcessData\views.py", line 4027, in regulartime_task
    RT_FineData.Realtime_FineData.init_Tomorrow_rows()
  File "E:\1-program\11-LAMDataServer\lamdataserver\LAMProcessData\process_realtime_finedata.py", line 190, in init_Tomorrow_rows
    _model.objects.bulk_create(insert_data_list)
  File "D:\Program Files\Python37\lib\site-packages\django\db\models\manager.py", line 82, in manager_method
    return getattr(self.get_queryset(), name)(*args, **kwargs)
  File "D:\Program Files\Python37\lib\site-packages\django\db\models\query.py", line 474, in bulk_create
    ids = self._batched_insert(objs_without_pk, fields, batch_size, ignore_conflicts=ignore_conflicts)
  File "D:\Program Files\Python37\lib\site-packages\django\db\models\query.py", line 1211, in _batched_insert
    self._insert(item, fields=fields, using=self.db, ignore_conflicts=ignore_conflicts)
  File "D:\Program Files\Python37\lib\site-packages\django\db\models\query.py", line 1186, in _insert
    return query.get_compiler(using=using).execute_sql(return_id)
  File "D:\Program Files\Python37\lib\site-packages\django\db\models\sql\compiler.py", line 1332, in execute_sql
    cursor.execute(sql, params)
  File "D:\Program Files\Python37\lib\site-packages\django\db\backends\utils.py", line 99, in execute
    return super().execute(sql, params)
  File "D:\Program Files\Python37\lib\site-packages\django\db\backends\utils.py", line 67, in execute
    return self._execute_with_wrappers(sql, params, many=False, executor=self._execute)
  File "D:\Program Files\Python37\lib\site-packages\django\db\backends\utils.py", line 76, in _execute_with_wrappers
    return executor(sql, params, many, context)
  File "D:\Program Files\Python37\lib\site-packages\django\db\backends\utils.py", line 84, in _execute
    return self.cursor.execute(sql, params)
  File "D:\Program Files\Python37\lib\site-packages\django\db\utils.py", line 89, in __exit__
    raise dj_exc_value.with_traceback(traceback) from exc_value
  File "D:\Program Files\Python37\lib\site-packages\django\db\backends\utils.py", line 84, in _execute
    return self.cursor.execute(sql, params)
  File "D:\Program Files\Python37\lib\site-packages\django\db\backends\mysql\base.py", line 71, in execute
    return self.cursor.execute(query, args)
  File "D:\Program Files\Python37\lib\site-packages\MySQLdb\cursors.py", line 209, in execute
    res = self._query(query)
  File "D:\Program Files\Python37\lib\site-packages\MySQLdb\cursors.py", line 315, in _query
    db.query(q)
  File "D:\Program Files\Python37\lib\site-packages\MySQLdb\connections.py", line 239, in query
    _mysql.connection.query(self, query)
django.db.utils.IntegrityError: (1062, "Duplicate entry '1583424000' for key 'LAMProcessData_process_r_acquisition_timestamp_a69ae90c_uniq'")
2020-03-05 22:39:59,158 - _run_jobs - 94 - DEBUG - Exiting worker thread
2020-03-05 22:45:20,751 - _real_add_job - 262 - INFO - Added job "regulartime_task (trigger: interval[1 day, 0:00:00], next run at: 2020-03-05 22:45:30.750129)" to job store "default"
2020-03-05 22:45:20,751 - _real_add_job - 262 - INFO - Added job "OpenLog (trigger: cron[hour='0'], next run at: 2020-03-06 00:00:00)" to job store "default"
2020-03-05 22:45:20,751 - _main_loop - 574 - INFO - Scheduler started
2020-03-05 22:45:20,752 - _main_loop - 579 - DEBUG - Looking for jobs to run
2020-03-05 22:45:20,752 - _main_loop - 588 - DEBUG - Next wakeup is due at 2020-03-05 22:45:30.750129 (in 9.998007 seconds)
2020-03-05 22:45:20,760 - <module> - 58 - DEBUG - SendBefore_NotRecive : [<CNCProcessStatus: CNCProcessStatus object (2038721)>]
2020-03-05 22:45:20,760 - <module> - 59 - DEBUG - Waitfor_Recive : [2038721]
2020-03-05 22:45:30,751 - _main_loop - 579 - DEBUG - Looking for jobs to run
2020-03-05 22:45:30,751 - _run_jobs - 69 - DEBUG - Started worker thread
2020-03-05 22:45:30,751 - _run_job - 509 - INFO - Running job "regulartime_task (trigger: interval[1 day, 0:00:00], next run at: 2020-03-05 22:45:30.750129)" (scheduled at 2020-03-05 22:45:30.750129)
2020-03-05 22:45:30,751 - _main_loop - 588 - DEBUG - Next wakeup is due at 2020-03-06 00:00:00 (in 4469.248730 seconds)
2020-03-05 22:45:31,086 - _run_job - 520 - ERROR - Job "regulartime_task (trigger: interval[1 day, 0:00:00], next run at: 2020-03-06 22:45:30.750129)" raised an exception
Traceback (most recent call last):
  File "D:\Program Files\Python37\lib\site-packages\django\db\backends\utils.py", line 84, in _execute
    return self.cursor.execute(sql, params)
  File "D:\Program Files\Python37\lib\site-packages\django\db\backends\mysql\base.py", line 71, in execute
    return self.cursor.execute(query, args)
  File "D:\Program Files\Python37\lib\site-packages\MySQLdb\cursors.py", line 209, in execute
    res = self._query(query)
  File "D:\Program Files\Python37\lib\site-packages\MySQLdb\cursors.py", line 315, in _query
    db.query(q)
  File "D:\Program Files\Python37\lib\site-packages\MySQLdb\connections.py", line 239, in query
    _mysql.connection.query(self, query)
MySQLdb._exceptions.IntegrityError: (1062, "Duplicate entry '1583424000' for key 'LAMProcessData_process_r_acquisition_timestamp_a69ae90c_uniq'")

The above exception was the direct cause of the following exception:

Traceback (most recent call last):
  File "D:\Program Files\Python37\lib\site-packages\apscheduler\scheduler.py", line 512, in _run_job
    retval = job.func(*job.args, **job.kwargs)
  File "E:\1-program\11-LAMDataServer\lamdataserver\LAMProcessData\views.py", line 4027, in regulartime_task
    RT_FineData.Realtime_FineData.init_Tomorrow_rows()
  File "E:\1-program\11-LAMDataServer\lamdataserver\LAMProcessData\process_realtime_finedata.py", line 190, in init_Tomorrow_rows
    _model.objects.bulk_create(insert_data_list)
  File "D:\Program Files\Python37\lib\site-packages\django\db\models\manager.py", line 82, in manager_method
    return getattr(self.get_queryset(), name)(*args, **kwargs)
  File "D:\Program Files\Python37\lib\site-packages\django\db\models\query.py", line 474, in bulk_create
    ids = self._batched_insert(objs_without_pk, fields, batch_size, ignore_conflicts=ignore_conflicts)
  File "D:\Program Files\Python37\lib\site-packages\django\db\models\query.py", line 1211, in _batched_insert
    self._insert(item, fields=fields, using=self.db, ignore_conflicts=ignore_conflicts)
  File "D:\Program Files\Python37\lib\site-packages\django\db\models\query.py", line 1186, in _insert
    return query.get_compiler(using=using).execute_sql(return_id)
  File "D:\Program Files\Python37\lib\site-packages\django\db\models\sql\compiler.py", line 1332, in execute_sql
    cursor.execute(sql, params)
  File "D:\Program Files\Python37\lib\site-packages\django\db\backends\utils.py", line 99, in execute
    return super().execute(sql, params)
  File "D:\Program Files\Python37\lib\site-packages\django\db\backends\utils.py", line 67, in execute
    return self._execute_with_wrappers(sql, params, many=False, executor=self._execute)
  File "D:\Program Files\Python37\lib\site-packages\django\db\backends\utils.py", line 76, in _execute_with_wrappers
    return executor(sql, params, many, context)
  File "D:\Program Files\Python37\lib\site-packages\django\db\backends\utils.py", line 84, in _execute
    return self.cursor.execute(sql, params)
  File "D:\Program Files\Python37\lib\site-packages\django\db\utils.py", line 89, in __exit__
    raise dj_exc_value.with_traceback(traceback) from exc_value
  File "D:\Program Files\Python37\lib\site-packages\django\db\backends\utils.py", line 84, in _execute
    return self.cursor.execute(sql, params)
  File "D:\Program Files\Python37\lib\site-packages\django\db\backends\mysql\base.py", line 71, in execute
    return self.cursor.execute(query, args)
  File "D:\Program Files\Python37\lib\site-packages\MySQLdb\cursors.py", line 209, in execute
    res = self._query(query)
  File "D:\Program Files\Python37\lib\site-packages\MySQLdb\cursors.py", line 315, in _query
    db.query(q)
  File "D:\Program Files\Python37\lib\site-packages\MySQLdb\connections.py", line 239, in query
    _mysql.connection.query(self, query)
django.db.utils.IntegrityError: (1062, "Duplicate entry '1583424000' for key 'LAMProcessData_process_r_acquisition_timestamp_a69ae90c_uniq'")
2020-03-05 22:45:32,090 - _run_jobs - 94 - DEBUG - Exiting worker thread
2020-03-05 22:46:01,710 - log_response - 228 - ERROR - Internal Server Error: /LAMProcessData/QueryData/AnalyseLAMProcess_ScanningRate3D/
Traceback (most recent call last):
  File "D:\Program Files\Python37\lib\site-packages\django\core\handlers\exception.py", line 34, in inner
    response = get_response(request)
  File "D:\Program Files\Python37\lib\site-packages\django\core\handlers\base.py", line 115, in _get_response
    response = self.process_exception_by_middleware(e, request)
  File "D:\Program Files\Python37\lib\site-packages\django\core\handlers\base.py", line 113, in _get_response
    response = wrapped_callback(request, *callback_args, **callback_kwargs)
  File "D:\Program Files\Python37\lib\site-packages\django\contrib\auth\decorators.py", line 21, in _wrapped_view
    return view_func(request, *args, **kwargs)
  File "D:\Program Files\Python37\lib\site-packages\django\views\decorators\csrf.py", line 54, in wrapped_view
    return view_func(*args, **kwargs)
  File "E:\1-program\11-LAMDataServer\lamdataserver\LAMProcessData\query_views.py", line 819, in queryData_Analysedata_ScanningRate3D_By_MissionIDList
    jsondata_list = list(result)
  File "E:\1-program\11-LAMDataServer\lamdataserver\LAMProcessData\process_realtime_finedata.py", line 617, in AnalyseData_LayerData_ByMissionID
    all_finedata = Realtime_FineData.getFineDataList_ByMission(_mission)
  File "E:\1-program\11-LAMDataServer\lamdataserver\LAMProcessData\process_realtime_finedata.py", line 164, in getFineDataList_ByMission
    )&Qset
  File "D:\Program Files\Python37\lib\site-packages\django\db\models\query_utils.py", line 82, in __and__
    return self._combine(other, self.AND)
  File "D:\Program Files\Python37\lib\site-packages\django\db\models\query_utils.py", line 63, in _combine
    raise TypeError(other)
TypeError: True
2020-03-05 22:46:56,765 - _real_add_job - 262 - INFO - Added job "regulartime_task (trigger: interval[1 day, 0:00:00], next run at: 2020-03-05 22:47:06.763203)" to job store "default"
2020-03-05 22:46:56,765 - _real_add_job - 262 - INFO - Added job "OpenLog (trigger: cron[hour='0'], next run at: 2020-03-06 00:00:00)" to job store "default"
2020-03-05 22:46:56,766 - _main_loop - 574 - INFO - Scheduler started
2020-03-05 22:46:56,766 - _main_loop - 579 - DEBUG - Looking for jobs to run
2020-03-05 22:46:56,766 - _main_loop - 588 - DEBUG - Next wakeup is due at 2020-03-05 22:47:06.763203 (in 9.997007 seconds)
2020-03-05 22:46:56,775 - <module> - 58 - DEBUG - SendBefore_NotRecive : [<CNCProcessStatus: CNCProcessStatus object (2038721)>]
2020-03-05 22:46:56,775 - <module> - 59 - DEBUG - Waitfor_Recive : [2038721]
2020-03-05 22:47:06,764 - _main_loop - 579 - DEBUG - Looking for jobs to run
2020-03-05 22:47:06,765 - _run_jobs - 69 - DEBUG - Started worker thread
2020-03-05 22:47:06,765 - _run_job - 509 - INFO - Running job "regulartime_task (trigger: interval[1 day, 0:00:00], next run at: 2020-03-05 22:47:06.763203)" (scheduled at 2020-03-05 22:47:06.763203)
2020-03-05 22:47:06,766 - _main_loop - 588 - DEBUG - Next wakeup is due at 2020-03-06 00:00:00 (in 4373.235708 seconds)
2020-03-05 22:47:07,115 - _run_job - 520 - ERROR - Job "regulartime_task (trigger: interval[1 day, 0:00:00], next run at: 2020-03-06 22:47:06.763203)" raised an exception
Traceback (most recent call last):
  File "D:\Program Files\Python37\lib\site-packages\django\db\backends\utils.py", line 84, in _execute
    return self.cursor.execute(sql, params)
  File "D:\Program Files\Python37\lib\site-packages\django\db\backends\mysql\base.py", line 71, in execute
    return self.cursor.execute(query, args)
  File "D:\Program Files\Python37\lib\site-packages\MySQLdb\cursors.py", line 209, in execute
    res = self._query(query)
  File "D:\Program Files\Python37\lib\site-packages\MySQLdb\cursors.py", line 315, in _query
    db.query(q)
  File "D:\Program Files\Python37\lib\site-packages\MySQLdb\connections.py", line 239, in query
    _mysql.connection.query(self, query)
MySQLdb._exceptions.IntegrityError: (1062, "Duplicate entry '1583424000' for key 'LAMProcessData_process_r_acquisition_timestamp_a69ae90c_uniq'")

The above exception was the direct cause of the following exception:

Traceback (most recent call last):
  File "D:\Program Files\Python37\lib\site-packages\apscheduler\scheduler.py", line 512, in _run_job
    retval = job.func(*job.args, **job.kwargs)
  File "E:\1-program\11-LAMDataServer\lamdataserver\LAMProcessData\views.py", line 4027, in regulartime_task
    RT_FineData.Realtime_FineData.init_Tomorrow_rows()
  File "E:\1-program\11-LAMDataServer\lamdataserver\LAMProcessData\process_realtime_finedata.py", line 190, in init_Tomorrow_rows
    _model.objects.bulk_create(insert_data_list)
  File "D:\Program Files\Python37\lib\site-packages\django\db\models\manager.py", line 82, in manager_method
    return getattr(self.get_queryset(), name)(*args, **kwargs)
  File "D:\Program Files\Python37\lib\site-packages\django\db\models\query.py", line 474, in bulk_create
    ids = self._batched_insert(objs_without_pk, fields, batch_size, ignore_conflicts=ignore_conflicts)
  File "D:\Program Files\Python37\lib\site-packages\django\db\models\query.py", line 1211, in _batched_insert
    self._insert(item, fields=fields, using=self.db, ignore_conflicts=ignore_conflicts)
  File "D:\Program Files\Python37\lib\site-packages\django\db\models\query.py", line 1186, in _insert
    return query.get_compiler(using=using).execute_sql(return_id)
  File "D:\Program Files\Python37\lib\site-packages\django\db\models\sql\compiler.py", line 1332, in execute_sql
    cursor.execute(sql, params)
  File "D:\Program Files\Python37\lib\site-packages\django\db\backends\utils.py", line 99, in execute
    return super().execute(sql, params)
  File "D:\Program Files\Python37\lib\site-packages\django\db\backends\utils.py", line 67, in execute
    return self._execute_with_wrappers(sql, params, many=False, executor=self._execute)
  File "D:\Program Files\Python37\lib\site-packages\django\db\backends\utils.py", line 76, in _execute_with_wrappers
    return executor(sql, params, many, context)
  File "D:\Program Files\Python37\lib\site-packages\django\db\backends\utils.py", line 84, in _execute
    return self.cursor.execute(sql, params)
  File "D:\Program Files\Python37\lib\site-packages\django\db\utils.py", line 89, in __exit__
    raise dj_exc_value.with_traceback(traceback) from exc_value
  File "D:\Program Files\Python37\lib\site-packages\django\db\backends\utils.py", line 84, in _execute
    return self.cursor.execute(sql, params)
  File "D:\Program Files\Python37\lib\site-packages\django\db\backends\mysql\base.py", line 71, in execute
    return self.cursor.execute(query, args)
  File "D:\Program Files\Python37\lib\site-packages\MySQLdb\cursors.py", line 209, in execute
    res = self._query(query)
  File "D:\Program Files\Python37\lib\site-packages\MySQLdb\cursors.py", line 315, in _query
    db.query(q)
  File "D:\Program Files\Python37\lib\site-packages\MySQLdb\connections.py", line 239, in query
    _mysql.connection.query(self, query)
django.db.utils.IntegrityError: (1062, "Duplicate entry '1583424000' for key 'LAMProcessData_process_r_acquisition_timestamp_a69ae90c_uniq'")
2020-03-05 22:47:08,120 - _run_jobs - 94 - DEBUG - Exiting worker thread
2020-03-05 22:52:04,888 - log_response - 228 - WARNING - Not Found: /favicon.ico
2020-03-05 22:52:05,488 - log_response - 228 - WARNING - Not Found: /favicon.ico
2020-03-05 22:52:06,275 - log_response - 228 - ERROR - Internal Server Error: /LAMProcessData/QueryData/AnalyseLAMProcess_LayerData/
Traceback (most recent call last):
  File "D:\Program Files\Python37\lib\site-packages\django\core\handlers\exception.py", line 34, in inner
    response = get_response(request)
  File "D:\Program Files\Python37\lib\site-packages\django\core\handlers\base.py", line 115, in _get_response
    response = self.process_exception_by_middleware(e, request)
  File "D:\Program Files\Python37\lib\site-packages\django\core\handlers\base.py", line 113, in _get_response
    response = wrapped_callback(request, *callback_args, **callback_kwargs)
  File "D:\Program Files\Python37\lib\site-packages\django\contrib\auth\decorators.py", line 21, in _wrapped_view
    return view_func(request, *args, **kwargs)
  File "D:\Program Files\Python37\lib\site-packages\django\views\decorators\csrf.py", line 54, in wrapped_view
    return view_func(*args, **kwargs)
  File "E:\1-program\11-LAMDataServer\lamdataserver\LAMProcessData\query_views.py", line 769, in queryData_Analysedata_LayerData_By_MissionIDList
    in _missionID_list]
  File "E:\1-program\11-LAMDataServer\lamdataserver\LAMProcessData\query_views.py", line 768, in <listcomp>
    _product_code_list = ['%s (id:%s)' % (LAMProcessMission.objects.get(id=int(id)).LAM_product.product_code, id) for id
ValueError: invalid literal for int() with base 10: ''
2020-03-05 23:17:31,274 - log_response - 228 - WARNING - Not Found: /favicon.ico
