2020-03-21 Sat 19:35:16 threadpool.py __init__ 52 - INFO - Started thread pool with 0 core threads and 20 maximum threads
2020-03-21 Sat 19:35:16 scheduler.py add_job 287 - INFO - Adding job tentatively -- it will be properly scheduled when the scheduler starts
2020-03-21 Sat 19:35:16 scheduler.py add_job 287 - INFO - Adding job tentatively -- it will be properly scheduled when the scheduler starts
2020-03-21 Sat 19:35:16 scheduler.py add_job 287 - INFO - Adding job tentatively -- it will be properly scheduled when the scheduler starts
2020-03-21 Sat 19:35:16 scheduler.py _real_add_job 262 - INFO - Added job "regulartime_task (trigger: interval[1 day, 0:00:00], next run at: 2020-03-21 19:35:26.185372)" to job store "default"
2020-03-21 Sat 19:35:16 scheduler.py _real_add_job 262 - INFO - Added job "cleanup (trigger: cron[day_of_week='*', hour='3', minute='0', second='0'], next run at: 2020-03-22 03:00:00)" to job store "default"
2020-03-21 Sat 19:35:16 scheduler.py _real_add_job 262 - INFO - Added job "OpenLog (trigger: cron[hour='0'], next run at: 2020-03-22 00:00:00)" to job store "default"
2020-03-21 Sat 19:35:16 scheduler.py _main_loop 574 - INFO - Scheduler started
2020-03-21 Sat 19:35:16 scheduler.py _main_loop 579 - DEBUG - Looking for jobs to run
2020-03-21 Sat 19:35:16 scheduler.py _main_loop 588 - DEBUG - Next wakeup is due at 2020-03-21 19:35:26.185372 (in 9.997008 seconds)
2020-03-21 Sat 19:35:16 query_views.py <module> 58 - DEBUG - SendBefore_NotRecive : [<CNCProcessStatus: CNCProcessStatus object (2038721)>]
2020-03-21 Sat 19:35:16 query_views.py <module> 59 - DEBUG - Waitfor_Recive : [2038721]
2020-03-21 Sat 19:35:16 threadpool.py shutdown 111 - INFO - Shutting down thread pool
2020-03-21 Sat 19:35:23 threadpool.py __init__ 52 - INFO - Started thread pool with 0 core threads and 20 maximum threads
2020-03-21 Sat 19:35:23 scheduler.py add_job 287 - INFO - Adding job tentatively -- it will be properly scheduled when the scheduler starts
2020-03-21 Sat 19:35:23 scheduler.py add_job 287 - INFO - Adding job tentatively -- it will be properly scheduled when the scheduler starts
2020-03-21 Sat 19:35:23 scheduler.py add_job 287 - INFO - Adding job tentatively -- it will be properly scheduled when the scheduler starts
2020-03-21 Sat 19:35:23 scheduler.py _real_add_job 262 - INFO - Added job "regulartime_task (trigger: interval[1 day, 0:00:00], next run at: 2020-03-21 19:35:33.079095)" to job store "default"
2020-03-21 Sat 19:35:23 scheduler.py _real_add_job 262 - INFO - Added job "cleanup (trigger: cron[day_of_week='*', hour='3', minute='0', second='0'], next run at: 2020-03-22 03:00:00)" to job store "default"
2020-03-21 Sat 19:35:23 scheduler.py _real_add_job 262 - INFO - Added job "OpenLog (trigger: cron[hour='0'], next run at: 2020-03-22 00:00:00)" to job store "default"
2020-03-21 Sat 19:35:23 scheduler.py _main_loop 574 - INFO - Scheduler started
2020-03-21 Sat 19:35:23 scheduler.py _main_loop 579 - DEBUG - Looking for jobs to run
2020-03-21 Sat 19:35:23 scheduler.py _main_loop 588 - DEBUG - Next wakeup is due at 2020-03-21 19:35:33.079095 (in 9.998048 seconds)
2020-03-21 Sat 19:35:23 query_views.py <module> 58 - DEBUG - SendBefore_NotRecive : [<CNCProcessStatus: CNCProcessStatus object (2038721)>]
2020-03-21 Sat 19:35:23 query_views.py <module> 59 - DEBUG - Waitfor_Recive : [2038721]
2020-03-21 Sat 19:35:23 threadpool.py shutdown 111 - INFO - Shutting down thread pool
2020-03-21 Sat 19:35:35 threadpool.py __init__ 52 - INFO - Started thread pool with 0 core threads and 20 maximum threads
2020-03-21 Sat 19:35:35 scheduler.py add_job 287 - INFO - Adding job tentatively -- it will be properly scheduled when the scheduler starts
2020-03-21 Sat 19:35:35 scheduler.py add_job 287 - INFO - Adding job tentatively -- it will be properly scheduled when the scheduler starts
2020-03-21 Sat 19:35:35 scheduler.py add_job 287 - INFO - Adding job tentatively -- it will be properly scheduled when the scheduler starts
2020-03-21 Sat 19:35:35 scheduler.py _real_add_job 262 - INFO - Added job "regulartime_task (trigger: interval[1 day, 0:00:00], next run at: 2020-03-21 19:35:45.055523)" to job store "default"
2020-03-21 Sat 19:35:35 scheduler.py _real_add_job 262 - INFO - Added job "cleanup (trigger: cron[day_of_week='*', hour='3', minute='0', second='0'], next run at: 2020-03-22 03:00:00)" to job store "default"
2020-03-21 Sat 19:35:35 scheduler.py _real_add_job 262 - INFO - Added job "OpenLog (trigger: cron[hour='0'], next run at: 2020-03-22 00:00:00)" to job store "default"
2020-03-21 Sat 19:35:35 scheduler.py _main_loop 574 - INFO - Scheduler started
2020-03-21 Sat 19:35:35 scheduler.py _main_loop 579 - DEBUG - Looking for jobs to run
2020-03-21 Sat 19:35:35 scheduler.py _main_loop 588 - DEBUG - Next wakeup is due at 2020-03-21 19:35:45.055523 (in 9.996984 seconds)
2020-03-21 Sat 19:35:35 query_views.py <module> 58 - DEBUG - SendBefore_NotRecive : [<CNCProcessStatus: CNCProcessStatus object (2038721)>]
2020-03-21 Sat 19:35:35 query_views.py <module> 59 - DEBUG - Waitfor_Recive : [2038721]
2020-03-21 Sat 19:35:35 threadpool.py shutdown 111 - INFO - Shutting down thread pool
2020-03-21 Sat 19:35:39 threadpool.py __init__ 52 - INFO - Started thread pool with 0 core threads and 20 maximum threads
2020-03-21 Sat 19:35:39 scheduler.py add_job 287 - INFO - Adding job tentatively -- it will be properly scheduled when the scheduler starts
2020-03-21 Sat 19:35:39 scheduler.py add_job 287 - INFO - Adding job tentatively -- it will be properly scheduled when the scheduler starts
2020-03-21 Sat 19:35:39 scheduler.py add_job 287 - INFO - Adding job tentatively -- it will be properly scheduled when the scheduler starts
2020-03-21 Sat 19:35:39 scheduler.py _real_add_job 262 - INFO - Added job "regulartime_task (trigger: interval[1 day, 0:00:00], next run at: 2020-03-21 19:35:49.960677)" to job store "default"
2020-03-21 Sat 19:35:39 scheduler.py _real_add_job 262 - INFO - Added job "cleanup (trigger: cron[day_of_week='*', hour='3', minute='0', second='0'], next run at: 2020-03-22 03:00:00)" to job store "default"
2020-03-21 Sat 19:35:39 scheduler.py _real_add_job 262 - INFO - Added job "OpenLog (trigger: cron[hour='0'], next run at: 2020-03-22 00:00:00)" to job store "default"
2020-03-21 Sat 19:35:39 scheduler.py _main_loop 574 - INFO - Scheduler started
2020-03-21 Sat 19:35:39 scheduler.py _main_loop 579 - DEBUG - Looking for jobs to run
2020-03-21 Sat 19:35:39 scheduler.py _main_loop 588 - DEBUG - Next wakeup is due at 2020-03-21 19:35:49.960677 (in 9.998003 seconds)
2020-03-21 Sat 19:35:39 query_views.py <module> 58 - DEBUG - SendBefore_NotRecive : [<CNCProcessStatus: CNCProcessStatus object (2038721)>]
2020-03-21 Sat 19:35:39 query_views.py <module> 59 - DEBUG - Waitfor_Recive : [2038721]
2020-03-21 Sat 19:35:40 threadpool.py shutdown 111 - INFO - Shutting down thread pool
2020-03-21 Sat 20:04:27 threadpool.py __init__ 52 - INFO - Started thread pool with 0 core threads and 20 maximum threads
2020-03-21 Sat 20:04:27 scheduler.py add_job 287 - INFO - Adding job tentatively -- it will be properly scheduled when the scheduler starts
2020-03-21 Sat 20:04:27 scheduler.py add_job 287 - INFO - Adding job tentatively -- it will be properly scheduled when the scheduler starts
2020-03-21 Sat 20:04:27 scheduler.py add_job 287 - INFO - Adding job tentatively -- it will be properly scheduled when the scheduler starts
2020-03-21 Sat 20:04:27 scheduler.py _real_add_job 262 - INFO - Added job "regulartime_task (trigger: interval[1 day, 0:00:00], next run at: 2020-03-21 20:04:37.358850)" to job store "default"
2020-03-21 Sat 20:04:27 scheduler.py _real_add_job 262 - INFO - Added job "cleanup (trigger: cron[day_of_week='*', hour='3', minute='0', second='0'], next run at: 2020-03-22 03:00:00)" to job store "default"
2020-03-21 Sat 20:04:27 scheduler.py _real_add_job 262 - INFO - Added job "OpenLog (trigger: cron[hour='0'], next run at: 2020-03-22 00:00:00)" to job store "default"
2020-03-21 Sat 20:04:27 scheduler.py _main_loop 574 - INFO - Scheduler started
2020-03-21 Sat 20:04:27 scheduler.py _main_loop 579 - DEBUG - Looking for jobs to run
2020-03-21 Sat 20:04:27 scheduler.py _main_loop 588 - DEBUG - Next wakeup is due at 2020-03-21 20:04:37.358850 (in 9.998041 seconds)
2020-03-21 Sat 20:04:27 query_views.py <module> 58 - DEBUG - SendBefore_NotRecive : [<CNCProcessStatus: CNCProcessStatus object (2038721)>]
2020-03-21 Sat 20:04:27 query_views.py <module> 59 - DEBUG - Waitfor_Recive : [2038721]
2020-03-21 Sat 20:04:27 threadpool.py shutdown 111 - INFO - Shutting down thread pool
2020-03-21 Sat 20:04:32 threadpool.py __init__ 52 - INFO - Started thread pool with 0 core threads and 20 maximum threads
2020-03-21 Sat 20:04:32 scheduler.py add_job 287 - INFO - Adding job tentatively -- it will be properly scheduled when the scheduler starts
2020-03-21 Sat 20:04:32 scheduler.py add_job 287 - INFO - Adding job tentatively -- it will be properly scheduled when the scheduler starts
2020-03-21 Sat 20:04:32 scheduler.py add_job 287 - INFO - Adding job tentatively -- it will be properly scheduled when the scheduler starts
2020-03-21 Sat 20:04:32 scheduler.py _real_add_job 262 - INFO - Added job "regulartime_task (trigger: interval[1 day, 0:00:00], next run at: 2020-03-21 20:04:42.341008)" to job store "default"
2020-03-21 Sat 20:04:32 scheduler.py _real_add_job 262 - INFO - Added job "cleanup (trigger: cron[day_of_week='*', hour='3', minute='0', second='0'], next run at: 2020-03-22 03:00:00)" to job store "default"
2020-03-21 Sat 20:04:32 scheduler.py _real_add_job 262 - INFO - Added job "OpenLog (trigger: cron[hour='0'], next run at: 2020-03-22 00:00:00)" to job store "default"
2020-03-21 Sat 20:04:32 scheduler.py _main_loop 574 - INFO - Scheduler started
2020-03-21 Sat 20:04:32 scheduler.py _main_loop 579 - DEBUG - Looking for jobs to run
2020-03-21 Sat 20:04:32 scheduler.py _main_loop 588 - DEBUG - Next wakeup is due at 2020-03-21 20:04:42.341008 (in 9.998006 seconds)
2020-03-21 Sat 20:04:32 query_views.py <module> 58 - DEBUG - SendBefore_NotRecive : [<CNCProcessStatus: CNCProcessStatus object (2038721)>]
2020-03-21 Sat 20:04:32 query_views.py <module> 59 - DEBUG - Waitfor_Recive : [2038721]
2020-03-21 Sat 20:04:32 threadpool.py shutdown 111 - INFO - Shutting down thread pool
2020-03-21 Sat 20:45:32 threadpool.py __init__ 52 - INFO - Started thread pool with 0 core threads and 20 maximum threads
2020-03-21 Sat 20:45:32 scheduler.py add_job 287 - INFO - Adding job tentatively -- it will be properly scheduled when the scheduler starts
2020-03-21 Sat 20:45:32 scheduler.py add_job 287 - INFO - Adding job tentatively -- it will be properly scheduled when the scheduler starts
2020-03-21 Sat 20:45:32 scheduler.py add_job 287 - INFO - Adding job tentatively -- it will be properly scheduled when the scheduler starts
2020-03-21 Sat 20:45:32 scheduler.py _real_add_job 262 - INFO - Added job "regulartime_task (trigger: interval[1 day, 0:00:00], next run at: 2020-03-21 20:45:42.601240)" to job store "default"
2020-03-21 Sat 20:45:32 scheduler.py _real_add_job 262 - INFO - Added job "cleanup (trigger: cron[day_of_week='*', hour='3', minute='0', second='0'], next run at: 2020-03-22 03:00:00)" to job store "default"
2020-03-21 Sat 20:45:32 scheduler.py _real_add_job 262 - INFO - Added job "OpenLog (trigger: cron[hour='0'], next run at: 2020-03-22 00:00:00)" to job store "default"
2020-03-21 Sat 20:45:32 scheduler.py _main_loop 574 - INFO - Scheduler started
2020-03-21 Sat 20:45:32 scheduler.py _main_loop 579 - DEBUG - Looking for jobs to run
2020-03-21 Sat 20:45:32 scheduler.py _main_loop 588 - DEBUG - Next wakeup is due at 2020-03-21 20:45:42.601240 (in 9.998018 seconds)
2020-03-21 Sat 20:45:32 query_views.py <module> 58 - DEBUG - SendBefore_NotRecive : [<CNCProcessStatus: CNCProcessStatus object (2038721)>]
2020-03-21 Sat 20:45:32 query_views.py <module> 59 - DEBUG - Waitfor_Recive : [2038721]
2020-03-21 Sat 20:45:32 threadpool.py shutdown 111 - INFO - Shutting down thread pool
2020-03-21 Sat 20:45:35 threadpool.py __init__ 52 - INFO - Started thread pool with 0 core threads and 20 maximum threads
2020-03-21 Sat 20:45:35 scheduler.py add_job 287 - INFO - Adding job tentatively -- it will be properly scheduled when the scheduler starts
2020-03-21 Sat 20:45:35 scheduler.py add_job 287 - INFO - Adding job tentatively -- it will be properly scheduled when the scheduler starts
2020-03-21 Sat 20:45:35 scheduler.py add_job 287 - INFO - Adding job tentatively -- it will be properly scheduled when the scheduler starts
2020-03-21 Sat 20:45:35 scheduler.py _real_add_job 262 - INFO - Added job "regulartime_task (trigger: interval[1 day, 0:00:00], next run at: 2020-03-21 20:45:45.580453)" to job store "default"
2020-03-21 Sat 20:45:35 scheduler.py _real_add_job 262 - INFO - Added job "cleanup (trigger: cron[day_of_week='*', hour='3', minute='0', second='0'], next run at: 2020-03-22 03:00:00)" to job store "default"
2020-03-21 Sat 20:45:35 scheduler.py _real_add_job 262 - INFO - Added job "OpenLog (trigger: cron[hour='0'], next run at: 2020-03-22 00:00:00)" to job store "default"
2020-03-21 Sat 20:45:35 scheduler.py _main_loop 574 - INFO - Scheduler started
2020-03-21 Sat 20:45:35 scheduler.py _main_loop 579 - DEBUG - Looking for jobs to run
2020-03-21 Sat 20:45:35 scheduler.py _main_loop 588 - DEBUG - Next wakeup is due at 2020-03-21 20:45:45.580453 (in 9.997010 seconds)
2020-03-21 Sat 20:45:35 query_views.py <module> 58 - DEBUG - SendBefore_NotRecive : [<CNCProcessStatus: CNCProcessStatus object (2038721)>]
2020-03-21 Sat 20:45:35 query_views.py <module> 59 - DEBUG - Waitfor_Recive : [2038721]
2020-03-21 Sat 20:45:35 threadpool.py shutdown 111 - INFO - Shutting down thread pool
